********************************************************************************

phase_database: Fri May 10 15:53:58 2024

Database = /scr/pvalenzuela/O75116_Cluster_161_Ki_prep-out/O75116_Cluster_161_Ki_prep-out.phprj/ligands.phdb
Task = import
Job name = O75116_Cluster_161_Ki_prep-out_import
Options:
-NOJOBID
-fd O75116_Cluster_161_Ki_prep-out.def
-fmt xyz
-i O75116_Cluster_161_Ki_prep-out.maegz
-multi
-new
-stereo
-verbose

Adding molecules to database . . .

LIGAND_NAME = block_1/mol_1  # Title = "25164469"  Confs = 1
LIGAND_NAME = block_1/mol_2  # Title = "25164271"  Confs = 1
LIGAND_NAME = block_1/mol_3  # Title = "49830468"  Confs = 1
LIGAND_NAME = block_1/mol_4  # Title = "49830472"  Confs = 1
LIGAND_NAME = block_1/mol_5  # Title = "49830471"  Confs = 1
LIGAND_NAME = block_1/mol_6  # Title = "25164472"  Confs = 1
LIGAND_NAME = block_1/mol_7  # Title = "25164470"  Confs = 1
LIGAND_NAME = block_1/mol_8  # Title = "49830466"  Confs = 1
LIGAND_NAME = block_1/mol_9  # Title = "25164272"  Confs = 1
LIGAND_NAME = block_1/mol_10  # Title = "49830474"  Confs = 1
LIGAND_NAME = block_1/mol_11  # Title = "49830475"  Confs = 1
LIGAND_NAME = block_1/mol_12  # Title = "49830470"  Confs = 1
LIGAND_NAME = block_1/mol_13  # Title = "49830457"  Confs = 1
LIGAND_NAME = block_1/mol_14  # Title = "49830476"  Confs = 1
LIGAND_NAME = block_1/mol_15  # Title = "49830458"  Confs = 1
LIGAND_NAME = block_1/mol_16  # Title = "49830473"  Confs = 1
LIGAND_NAME = block_1/mol_17  # Title = "25164676"  Confs = 1
LIGAND_NAME = block_1/mol_18  # Title = "49830465"  Confs = 1
LIGAND_NAME = block_1/mol_19  # Title = "49830460"  Confs = 1

A total of 19 records added
Total number of records stored = 19

********************************************************************************

phase_database: Fri May 10 15:53:59 2024

Database = /scr/pvalenzuela/O75116_Cluster_161_Ki_prep-out/O75116_Cluster_161_Ki_prep-out.phprj/ligands.phdb
Task = revise
Job name = O75116_Cluster_161_Ki_prep-out_sites
Options:
-NOJOBID
-role parent
-setup
-sites

Setup for parent job complete

********************************************************************************

phase_database: Fri May 10 15:54:00 2024

Database = /scr/pvalenzuela/O75116_Cluster_161_Ki_prep-out/O75116_Cluster_161_Ki_prep-out.phprj/ligands.phdb
Task = revise
Job name = O75116_Cluster_161_Ki_prep-out_sites
Options:
-cleanup
-role parent

Revision of 19 out of 19 records completed
Average number of conformers per revised record = 1.00
Total number of records stored = 19

