********************************************************************************

phase_database: Fri May 10 16:12:05 2024

Database = /scr/pvalenzuela/O75116_Cluster_25_Ki_prep-out/O75116_Cluster_25_Ki_prep-out.phprj/ligands.phdb
Task = import
Job name = O75116_Cluster_25_Ki_prep-out_import
Options:
-NOJOBID
-fd O75116_Cluster_25_Ki_prep-out.def
-fmt xyz
-i O75116_Cluster_25_Ki_prep-out.maegz
-multi
-new
-stereo
-verbose

Adding molecules to database . . .

LIGAND_NAME = block_1/mol_1  # Title = "57509993"  Confs = 1
LIGAND_NAME = block_1/mol_2  # Title = "57510007"  Confs = 1
LIGAND_NAME = block_1/mol_3  # Title = "57509995"  Confs = 1
LIGAND_NAME = block_1/mol_4  # Title = "57510012"  Confs = 1
LIGAND_NAME = block_1/mol_5  # Title = "57510160"  Confs = 1
LIGAND_NAME = block_1/mol_6  # Title = "57510004"  Confs = 1
LIGAND_NAME = block_1/mol_7  # Title = "57510014"  Confs = 1
LIGAND_NAME = block_1/mol_8  # Title = "57509998"  Confs = 1
LIGAND_NAME = block_1/mol_9  # Title = "57510016"  Confs = 1
LIGAND_NAME = block_1/mol_10  # Title = "57510002"  Confs = 1
LIGAND_NAME = block_1/mol_11  # Title = "57509990"  Confs = 1
LIGAND_NAME = block_1/mol_12  # Title = "57510000"  Confs = 1
LIGAND_NAME = block_1/mol_13  # Title = "57510005"  Confs = 1
LIGAND_NAME = block_1/mol_14  # Title = "57509997"  Confs = 1
LIGAND_NAME = block_1/mol_15  # Title = "57509992"  Confs = 1
LIGAND_NAME = block_1/mol_16  # Title = "57509999"  Confs = 1
LIGAND_NAME = block_1/mol_17  # Title = "57509991"  Confs = 1
LIGAND_NAME = block_1/mol_18  # Title = "57510158"  Confs = 1
LIGAND_NAME = block_1/mol_19  # Title = "57509994"  Confs = 1
LIGAND_NAME = block_1/mol_20  # Title = "57510006"  Confs = 1
LIGAND_NAME = block_1/mol_21  # Title = "57509996"  Confs = 1
LIGAND_NAME = block_1/mol_22  # Title = "57510011"  Confs = 1
LIGAND_NAME = block_1/mol_23  # Title = "57510013"  Confs = 1
LIGAND_NAME = block_1/mol_24  # Title = "57510003"  Confs = 1
LIGAND_NAME = block_1/mol_25  # Title = "57510010"  Confs = 1
LIGAND_NAME = block_1/mol_26  # Title = "57510159"  Confs = 1
LIGAND_NAME = block_1/mol_27  # Title = "57510001"  Confs = 1

A total of 27 records added
Total number of records stored = 27

********************************************************************************

phase_database: Fri May 10 16:12:06 2024

Database = /scr/pvalenzuela/O75116_Cluster_25_Ki_prep-out/O75116_Cluster_25_Ki_prep-out.phprj/ligands.phdb
Task = revise
Job name = O75116_Cluster_25_Ki_prep-out_sites
Options:
-NOJOBID
-role parent
-setup
-sites

Setup for parent job complete

********************************************************************************

phase_database: Fri May 10 16:12:07 2024

Database = /scr/pvalenzuela/O75116_Cluster_25_Ki_prep-out/O75116_Cluster_25_Ki_prep-out.phprj/ligands.phdb
Task = revise
Job name = O75116_Cluster_25_Ki_prep-out_sites
Options:
-cleanup
-role parent

Revision of 27 out of 27 records completed
Average number of conformers per revised record = 1.00
Total number of records stored = 27

