********************************************************************************

phase_database: Fri May 10 16:24:09 2024

Database = /scr/pvalenzuela/O75116_Cluster_52_IC50_prep-out/O75116_Cluster_52_IC50_prep-out.phprj/ligands.phdb
Task = import
Job name = O75116_Cluster_52_IC50_prep-out_import
Options:
-NOJOBID
-fd O75116_Cluster_52_IC50_prep-out.def
-fmt xyz
-i O75116_Cluster_52_IC50_prep-out.maegz
-multi
-new
-stereo
-verbose

Adding molecules to database . . .

LIGAND_NAME = block_1/mol_1  # Title = "87405928"  Confs = 1
LIGAND_NAME = block_1/mol_2  # Title = "53492329"  Confs = 1
LIGAND_NAME = block_1/mol_3  # Title = "53492330"  Confs = 1
LIGAND_NAME = block_1/mol_4  # Title = "87406786"  Confs = 1
LIGAND_NAME = block_1/mol_5  # Title = "87405190"  Confs = 1
LIGAND_NAME = block_1/mol_6  # Title = "87405291"  Confs = 1
LIGAND_NAME = block_1/mol_7  # Title = "87407566"  Confs = 1
LIGAND_NAME = block_1/mol_8  # Title = "87405965"  Confs = 1
LIGAND_NAME = block_1/mol_9  # Title = "87405953"  Confs = 1
LIGAND_NAME = block_1/mol_10  # Title = "89424114"  Confs = 1
LIGAND_NAME = block_1/mol_11  # Title = "87408525"  Confs = 1
LIGAND_NAME = block_1/mol_12  # Title = "87408321"  Confs = 1
LIGAND_NAME = block_1/mol_13  # Title = "87405826"  Confs = 1
LIGAND_NAME = block_1/mol_14  # Title = "87405222"  Confs = 1
LIGAND_NAME = block_1/mol_15  # Title = "87405796"  Confs = 1
LIGAND_NAME = block_1/mol_16  # Title = "88898863"  Confs = 1
LIGAND_NAME = block_1/mol_17  # Title = "87406334"  Confs = 1
LIGAND_NAME = block_1/mol_18  # Title = "87405236"  Confs = 1
LIGAND_NAME = block_1/mol_19  # Title = "87405780"  Confs = 1
LIGAND_NAME = block_1/mol_20  # Title = "87405158"  Confs = 1
LIGAND_NAME = block_1/mol_21  # Title = "87405750"  Confs = 1
LIGAND_NAME = block_1/mol_22  # Title = "87406443"  Confs = 1
LIGAND_NAME = block_1/mol_23  # Title = "87405534"  Confs = 1
LIGAND_NAME = block_1/mol_24  # Title = "87405083"  Confs = 1
LIGAND_NAME = block_1/mol_25  # Title = "87405776"  Confs = 1
LIGAND_NAME = block_1/mol_26  # Title = "67450910"  Confs = 1
LIGAND_NAME = block_1/mol_27  # Title = "87405962"  Confs = 1
LIGAND_NAME = block_1/mol_28  # Title = "87406409"  Confs = 1
LIGAND_NAME = block_1/mol_29  # Title = "87406410"  Confs = 1
LIGAND_NAME = block_1/mol_30  # Title = "87406530"  Confs = 1
LIGAND_NAME = block_1/mol_31  # Title = "87406347"  Confs = 1
LIGAND_NAME = block_1/mol_32  # Title = "87406371"  Confs = 1
LIGAND_NAME = block_1/mol_33  # Title = "56603818"  Confs = 1
LIGAND_NAME = block_1/mol_34  # Title = "89421099"  Confs = 1
LIGAND_NAME = block_1/mol_35  # Title = "89421561"  Confs = 1
LIGAND_NAME = block_1/mol_36  # Title = "87405559"  Confs = 1
LIGAND_NAME = block_1/mol_37  # Title = "87405226"  Confs = 1
LIGAND_NAME = block_1/mol_38  # Title = "87405909"  Confs = 1
LIGAND_NAME = block_1/mol_39  # Title = "87406393"  Confs = 1
LIGAND_NAME = block_1/mol_40  # Title = "87406217"  Confs = 1
LIGAND_NAME = block_1/mol_41  # Title = "89421243"  Confs = 1
LIGAND_NAME = block_1/mol_42  # Title = "89421265"  Confs = 1
LIGAND_NAME = block_1/mol_43  # Title = "89421450"  Confs = 1
LIGAND_NAME = block_1/mol_44  # Title = "88898804"  Confs = 1
LIGAND_NAME = block_1/mol_45  # Title = "87405570"  Confs = 1
LIGAND_NAME = block_1/mol_46  # Title = "87405115"  Confs = 1
LIGAND_NAME = block_1/mol_47  # Title = "?482056"  Confs = 1
LIGAND_NAME = block_1/mol_48  # Title = "87406425"  Confs = 1
LIGAND_NAME = block_1/mol_49  # Title = "87406413"  Confs = 1
LIGAND_NAME = block_1/mol_50  # Title = "87408604"  Confs = 1
LIGAND_NAME = block_1/mol_51  # Title = "87405235"  Confs = 1
LIGAND_NAME = block_1/mol_52  # Title = "87410067"  Confs = 1
LIGAND_NAME = block_1/mol_53  # Title = "87408412"  Confs = 1
LIGAND_NAME = block_1/mol_54  # Title = "87406428"  Confs = 1
LIGAND_NAME = block_1/mol_55  # Title = "87405878"  Confs = 1
LIGAND_NAME = block_1/mol_56  # Title = "87406504"  Confs = 1
LIGAND_NAME = block_1/mol_57  # Title = "87405986"  Confs = 1
LIGAND_NAME = block_1/mol_58  # Title = "87405894"  Confs = 1
LIGAND_NAME = block_1/mol_59  # Title = "87405072"  Confs = 1
LIGAND_NAME = block_1/mol_60  # Title = "87405207"  Confs = 1
LIGAND_NAME = block_1/mol_61  # Title = "87406309"  Confs = 1
LIGAND_NAME = block_1/mol_62  # Title = "87406734"  Confs = 1
LIGAND_NAME = block_1/mol_63  # Title = "87406479"  Confs = 1
LIGAND_NAME = block_1/mol_64  # Title = "87406406"  Confs = 1
LIGAND_NAME = block_1/mol_65  # Title = "87405803"  Confs = 1
LIGAND_NAME = block_1/mol_66  # Title = "87406442"  Confs = 1
LIGAND_NAME = block_1/mol_67  # Title = "89421294"  Confs = 1
LIGAND_NAME = block_1/mol_68  # Title = "87408379"  Confs = 1
LIGAND_NAME = block_1/mol_69  # Title = "87407564"  Confs = 1

A total of 69 records added
Total number of records stored = 69

********************************************************************************

phase_database: Fri May 10 16:24:11 2024

Database = /scr/pvalenzuela/O75116_Cluster_52_IC50_prep-out/O75116_Cluster_52_IC50_prep-out.phprj/ligands.phdb
Task = revise
Job name = O75116_Cluster_52_IC50_prep-out_sites
Options:
-NOJOBID
-role parent
-setup
-sites

Setup for parent job complete

********************************************************************************

phase_database: Fri May 10 16:24:12 2024

Database = /scr/pvalenzuela/O75116_Cluster_52_IC50_prep-out/O75116_Cluster_52_IC50_prep-out.phprj/ligands.phdb
Task = revise
Job name = O75116_Cluster_52_IC50_prep-out_sites
Options:
-cleanup
-role parent

Revision of 69 out of 69 records completed
Average number of conformers per revised record = 1.00
Total number of records stored = 69

