********************************************************************************

phase_database: Fri May 10 16:18:07 2024

Database = /scr/pvalenzuela/O75116_Cluster_35_Ki_prep-out/O75116_Cluster_35_Ki_prep-out.phprj/ligands.phdb
Task = import
Job name = O75116_Cluster_35_Ki_prep-out_import
Options:
-NOJOBID
-fd O75116_Cluster_35_Ki_prep-out.def
-fmt xyz
-i O75116_Cluster_35_Ki_prep-out.maegz
-multi
-new
-stereo
-verbose

Adding molecules to database . . .

LIGAND_NAME = block_1/mol_1  # Title = "18451197"  Confs = 1
LIGAND_NAME = block_1/mol_2  # Title = "18451149"  Confs = 1
LIGAND_NAME = block_1/mol_3  # Title = "18451199"  Confs = 1
LIGAND_NAME = block_1/mol_4  # Title = "49830358"  Confs = 1
LIGAND_NAME = block_1/mol_5  # Title = "49830372"  Confs = 1
LIGAND_NAME = block_1/mol_6  # Title = "18451073"  Confs = 1
LIGAND_NAME = block_1/mol_7  # Title = "49830353"  Confs = 1
LIGAND_NAME = block_1/mol_8  # Title = "49830359"  Confs = 1
LIGAND_NAME = block_1/mol_9  # Title = "11442914"  Confs = 1
LIGAND_NAME = block_1/mol_10  # Title = "18451223"  Confs = 1
LIGAND_NAME = block_1/mol_11  # Title = "49830362"  Confs = 1
LIGAND_NAME = block_1/mol_12  # Title = "18451366"  Confs = 1
LIGAND_NAME = block_1/mol_13  # Title = "49830363"  Confs = 1
LIGAND_NAME = block_1/mol_14  # Title = "49830344"  Confs = 1
LIGAND_NAME = block_1/mol_15  # Title = "49830371"  Confs = 1
LIGAND_NAME = block_1/mol_16  # Title = "18451141"  Confs = 1
LIGAND_NAME = block_1/mol_17  # Title = "18451176"  Confs = 1
LIGAND_NAME = block_1/mol_18  # Title = "46207586"  Confs = 1
LIGAND_NAME = block_1/mol_19  # Title = "18451208"  Confs = 1
LIGAND_NAME = block_1/mol_20  # Title = "49830351"  Confs = 1
LIGAND_NAME = block_1/mol_21  # Title = "49830356"  Confs = 1
LIGAND_NAME = block_1/mol_22  # Title = "18451135"  Confs = 1
LIGAND_NAME = block_1/mol_23  # Title = "18451363"  Confs = 1
LIGAND_NAME = block_1/mol_24  # Title = "49830350"  Confs = 1
LIGAND_NAME = block_1/mol_25  # Title = "49830352"  Confs = 1
LIGAND_NAME = block_1/mol_26  # Title = "49830367"  Confs = 1
LIGAND_NAME = block_1/mol_27  # Title = "49830360"  Confs = 1
LIGAND_NAME = block_1/mol_28  # Title = "18450918"  Confs = 1
LIGAND_NAME = block_1/mol_29  # Title = "11306240"  Confs = 1
LIGAND_NAME = block_1/mol_30  # Title = "49830348"  Confs = 1
LIGAND_NAME = block_1/mol_31  # Title = "49830365"  Confs = 1
LIGAND_NAME = block_1/mol_32  # Title = "46223479"  Confs = 1
LIGAND_NAME = block_1/mol_33  # Title = "49830364"  Confs = 1
LIGAND_NAME = block_1/mol_34  # Title = "49830357"  Confs = 1
LIGAND_NAME = block_1/mol_35  # Title = "18451372"  Confs = 1
LIGAND_NAME = block_1/mol_36  # Title = "18451374"  Confs = 1
LIGAND_NAME = block_1/mol_37  # Title = "18450541"  Confs = 1

A total of 37 records added
Total number of records stored = 37

********************************************************************************

phase_database: Fri May 10 16:18:08 2024

Database = /scr/pvalenzuela/O75116_Cluster_35_Ki_prep-out/O75116_Cluster_35_Ki_prep-out.phprj/ligands.phdb
Task = revise
Job name = O75116_Cluster_35_Ki_prep-out_sites
Options:
-NOJOBID
-role parent
-setup
-sites

Setup for parent job complete

********************************************************************************

phase_database: Fri May 10 16:18:09 2024

Database = /scr/pvalenzuela/O75116_Cluster_35_Ki_prep-out/O75116_Cluster_35_Ki_prep-out.phprj/ligands.phdb
Task = revise
Job name = O75116_Cluster_35_Ki_prep-out_sites
Options:
-cleanup
-role parent

Revision of 37 out of 37 records completed
Average number of conformers per revised record = 1.00
Total number of records stored = 37

