********************************************************************************

phase_database: Fri May 10 16:33:12 2024

Database = /scr/pvalenzuela/O75116_Cluster_81_IC50_prep-out/O75116_Cluster_81_IC50_prep-out.phprj/ligands.phdb
Task = import
Job name = O75116_Cluster_81_IC50_prep-out_import
Options:
-NOJOBID
-fd O75116_Cluster_81_IC50_prep-out.def
-fmt xyz
-i O75116_Cluster_81_IC50_prep-out.maegz
-multi
-new
-stereo
-verbose

Adding molecules to database . . .

LIGAND_NAME = block_1/mol_1  # Title = "118662899"  Confs = 1
LIGAND_NAME = block_1/mol_2  # Title = "90354222"  Confs = 1
LIGAND_NAME = block_1/mol_3  # Title = "118668476"  Confs = 1
LIGAND_NAME = block_1/mol_4  # Title = "90354118"  Confs = 1
LIGAND_NAME = block_1/mol_5  # Title = "90354061"  Confs = 1
LIGAND_NAME = block_1/mol_6  # Title = "90354175"  Confs = 1
LIGAND_NAME = block_1/mol_7  # Title = "118668480"  Confs = 1
LIGAND_NAME = block_1/mol_8  # Title = "118662983"  Confs = 1
LIGAND_NAME = block_1/mol_9  # Title = "118663030"  Confs = 1
LIGAND_NAME = block_1/mol_10  # Title = "85470576"  Confs = 1
LIGAND_NAME = block_1/mol_11  # Title = "118662938"  Confs = 1
LIGAND_NAME = block_1/mol_12  # Title = "118662908"  Confs = 1
LIGAND_NAME = block_1/mol_13  # Title = "118663064"  Confs = 1
LIGAND_NAME = block_1/mol_14  # Title = "118662967"  Confs = 1
LIGAND_NAME = block_1/mol_15  # Title = "90376380"  Confs = 1
LIGAND_NAME = block_1/mol_16  # Title = "90353989"  Confs = 1
LIGAND_NAME = block_1/mol_17  # Title = "90353946"  Confs = 1
LIGAND_NAME = block_1/mol_18  # Title = "118663034"  Confs = 1
LIGAND_NAME = block_1/mol_19  # Title = "85469694"  Confs = 1
LIGAND_NAME = block_1/mol_20  # Title = "90354062"  Confs = 1
LIGAND_NAME = block_1/mol_21  # Title = "118668473"  Confs = 1
LIGAND_NAME = block_1/mol_22  # Title = "90385108"  Confs = 1
LIGAND_NAME = block_1/mol_23  # Title = "118662986"  Confs = 1
LIGAND_NAME = block_1/mol_24  # Title = "118662915"  Confs = 1
LIGAND_NAME = block_1/mol_25  # Title = "90354191"  Confs = 1
LIGAND_NAME = block_1/mol_26  # Title = "118662956"  Confs = 1
LIGAND_NAME = block_1/mol_27  # Title = "90354569"  Confs = 1
LIGAND_NAME = block_1/mol_28  # Title = "90353912"  Confs = 1
LIGAND_NAME = block_1/mol_29  # Title = "90354088"  Confs = 1
LIGAND_NAME = block_1/mol_30  # Title = "118668474"  Confs = 1
LIGAND_NAME = block_1/mol_31  # Title = "85470577"  Confs = 1
LIGAND_NAME = block_1/mol_32  # Title = "118662888"  Confs = 1
LIGAND_NAME = block_1/mol_33  # Title = "90354066"  Confs = 1
LIGAND_NAME = block_1/mol_34  # Title = "85470508"  Confs = 1
LIGAND_NAME = block_1/mol_35  # Title = "90354181"  Confs = 1
LIGAND_NAME = block_1/mol_36  # Title = "118662922"  Confs = 1
LIGAND_NAME = block_1/mol_37  # Title = "134142625"  Confs = 1
LIGAND_NAME = block_1/mol_38  # Title = "118662954"  Confs = 1
LIGAND_NAME = block_1/mol_39  # Title = "118663024"  Confs = 1
LIGAND_NAME = block_1/mol_40  # Title = "90354083"  Confs = 1
LIGAND_NAME = block_1/mol_41  # Title = "90354121"  Confs = 1
LIGAND_NAME = block_1/mol_42  # Title = "118663027"  Confs = 1
LIGAND_NAME = block_1/mol_43  # Title = "85469693"  Confs = 1
LIGAND_NAME = block_1/mol_44  # Title = "90354228"  Confs = 1
LIGAND_NAME = block_1/mol_45  # Title = "118662883"  Confs = 1
LIGAND_NAME = block_1/mol_46  # Title = "118662943"  Confs = 1
LIGAND_NAME = block_1/mol_47  # Title = "118662949"  Confs = 1
LIGAND_NAME = block_1/mol_48  # Title = "90355357"  Confs = 1
LIGAND_NAME = block_1/mol_49  # Title = "85470575"  Confs = 1
LIGAND_NAME = block_1/mol_50  # Title = "118663061"  Confs = 1
LIGAND_NAME = block_1/mol_51  # Title = "90353978"  Confs = 1
LIGAND_NAME = block_1/mol_52  # Title = "118662991"  Confs = 1
LIGAND_NAME = block_1/mol_53  # Title = "90354167"  Confs = 1
LIGAND_NAME = block_1/mol_54  # Title = "90354148"  Confs = 1
LIGAND_NAME = block_1/mol_55  # Title = "85470578"  Confs = 1
LIGAND_NAME = block_1/mol_56  # Title = "118663010"  Confs = 1
LIGAND_NAME = block_1/mol_57  # Title = "85470503"  Confs = 1
LIGAND_NAME = block_1/mol_58  # Title = "118662955"  Confs = 1
LIGAND_NAME = block_1/mol_59  # Title = "131635881"  Confs = 1
LIGAND_NAME = block_1/mol_60  # Title = "118662994"  Confs = 1
LIGAND_NAME = block_1/mol_61  # Title = "90354261"  Confs = 1
LIGAND_NAME = block_1/mol_62  # Title = "90354077"  Confs = 1
LIGAND_NAME = block_1/mol_63  # Title = "118663037"  Confs = 1
LIGAND_NAME = block_1/mol_64  # Title = "118663081"  Confs = 1
LIGAND_NAME = block_1/mol_65  # Title = "118662957"  Confs = 1
LIGAND_NAME = block_1/mol_66  # Title = "118662944"  Confs = 1
LIGAND_NAME = block_1/mol_67  # Title = "90354029"  Confs = 1
LIGAND_NAME = block_1/mol_68  # Title = "85470504"  Confs = 1
LIGAND_NAME = block_1/mol_69  # Title = "90354094"  Confs = 1
LIGAND_NAME = block_1/mol_70  # Title = "85470579"  Confs = 1
LIGAND_NAME = block_1/mol_71  # Title = "118668481"  Confs = 1
LIGAND_NAME = block_1/mol_72  # Title = "134138244"  Confs = 1
LIGAND_NAME = block_1/mol_73  # Title = "118663094"  Confs = 1
LIGAND_NAME = block_1/mol_74  # Title = "118663089"  Confs = 1
LIGAND_NAME = block_1/mol_75  # Title = "90354232"  Confs = 1
LIGAND_NAME = block_1/mol_76  # Title = "118668475"  Confs = 1
LIGAND_NAME = block_1/mol_77  # Title = "90353965"  Confs = 1
LIGAND_NAME = block_1/mol_78  # Title = "90354012"  Confs = 1
LIGAND_NAME = block_1/mol_79  # Title = "118663022"  Confs = 1
LIGAND_NAME = block_1/mol_80  # Title = "85469695"  Confs = 1
LIGAND_NAME = block_1/mol_81  # Title = "118662969"  Confs = 1
LIGAND_NAME = block_1/mol_82  # Title = "85470505"  Confs = 1
LIGAND_NAME = block_1/mol_83  # Title = "118662928"  Confs = 1
LIGAND_NAME = block_1/mol_84  # Title = "118663019"  Confs = 1
LIGAND_NAME = block_1/mol_85  # Title = "118663079"  Confs = 1
LIGAND_NAME = block_1/mol_86  # Title = "118668482"  Confs = 1
LIGAND_NAME = block_1/mol_87  # Title = "90354280"  Confs = 1
LIGAND_NAME = block_1/mol_88  # Title = "90354138"  Confs = 1
LIGAND_NAME = block_1/mol_89  # Title = "85470507"  Confs = 1
LIGAND_NAME = block_1/mol_90  # Title = "118662891"  Confs = 1
LIGAND_NAME = block_1/mol_91  # Title = "118662998"  Confs = 1
LIGAND_NAME = block_1/mol_92  # Title = "118663038"  Confs = 1
LIGAND_NAME = block_1/mol_93  # Title = "118663028"  Confs = 1
LIGAND_NAME = block_1/mol_94  # Title = "118662907"  Confs = 1
LIGAND_NAME = block_1/mol_95  # Title = "118663046"  Confs = 1
LIGAND_NAME = block_1/mol_96  # Title = "118663032"  Confs = 1
LIGAND_NAME = block_1/mol_97  # Title = "90354032"  Confs = 1
LIGAND_NAME = block_1/mol_98  # Title = "118662960"  Confs = 1
LIGAND_NAME = block_1/mol_99  # Title = "85470574"  Confs = 1
LIGAND_NAME = block_1/mol_100  # Title = "85470447"  Confs = 1
LIGAND_NAME = block_1/mol_101  # Title = "90354129"  Confs = 1
LIGAND_NAME = block_1/mol_102  # Title = "90353980"  Confs = 1
LIGAND_NAME = block_1/mol_103  # Title = "90353913"  Confs = 1
LIGAND_NAME = block_1/mol_104  # Title = "85470573"  Confs = 1
LIGAND_NAME = block_1/mol_105  # Title = "118663015"  Confs = 1
LIGAND_NAME = block_1/mol_106  # Title = "90354015"  Confs = 1
LIGAND_NAME = block_1/mol_107  # Title = "85469696"  Confs = 1
LIGAND_NAME = block_1/mol_108  # Title = "118662971"  Confs = 1
LIGAND_NAME = block_1/mol_109  # Title = "90353896"  Confs = 1
LIGAND_NAME = block_1/mol_110  # Title = "90354131"  Confs = 1
LIGAND_NAME = block_1/mol_111  # Title = "118662886"  Confs = 1
LIGAND_NAME = block_1/mol_112  # Title = "118662900"  Confs = 1
LIGAND_NAME = block_1/mol_113  # Title = "118668486"  Confs = 1
LIGAND_NAME = block_1/mol_114  # Title = "90354097"  Confs = 1
LIGAND_NAME = block_1/mol_115  # Title = "118662993"  Confs = 1
LIGAND_NAME = block_1/mol_116  # Title = "76070677"  Confs = 1
LIGAND_NAME = block_1/mol_117  # Title = "118662965"  Confs = 1
LIGAND_NAME = block_1/mol_118  # Title = "118663069"  Confs = 1
LIGAND_NAME = block_1/mol_119  # Title = "118663051"  Confs = 1
LIGAND_NAME = block_1/mol_120  # Title = "90178103"  Confs = 1
LIGAND_NAME = block_1/mol_121  # Title = "118662898"  Confs = 1
LIGAND_NAME = block_1/mol_122  # Title = "118663088"  Confs = 1
LIGAND_NAME = block_1/mol_123  # Title = "118662976"  Confs = 1
LIGAND_NAME = block_1/mol_124  # Title = "118662974"  Confs = 1
LIGAND_NAME = block_1/mol_125  # Title = "90354019"  Confs = 1
LIGAND_NAME = block_1/mol_126  # Title = "118663039"  Confs = 1
LIGAND_NAME = block_1/mol_127  # Title = "90354227"  Confs = 1
LIGAND_NAME = block_1/mol_128  # Title = "118662901"  Confs = 1
LIGAND_NAME = block_1/mol_129  # Title = "118662996"  Confs = 1
LIGAND_NAME = block_1/mol_130  # Title = "118663050"  Confs = 1
LIGAND_NAME = block_1/mol_131  # Title = "118662882"  Confs = 1
LIGAND_NAME = block_1/mol_132  # Title = "90353958"  Confs = 1
LIGAND_NAME = block_1/mol_133  # Title = "90354004"  Confs = 1
LIGAND_NAME = block_1/mol_134  # Title = "90354052"  Confs = 1
LIGAND_NAME = block_1/mol_135  # Title = "118663012"  Confs = 1
LIGAND_NAME = block_1/mol_136  # Title = "118662988"  Confs = 1
LIGAND_NAME = block_1/mol_137  # Title = "85470509"  Confs = 1
LIGAND_NAME = block_1/mol_138  # Title = "90354045"  Confs = 1
LIGAND_NAME = block_1/mol_139  # Title = "118668479"  Confs = 1
LIGAND_NAME = block_1/mol_140  # Title = "90354154"  Confs = 1
LIGAND_NAME = block_1/mol_141  # Title = "118662894"  Confs = 1
LIGAND_NAME = block_1/mol_142  # Title = "118662980"  Confs = 1
LIGAND_NAME = block_1/mol_143  # Title = "118663093"  Confs = 1
LIGAND_NAME = block_1/mol_144  # Title = "118662972"  Confs = 1
LIGAND_NAME = block_1/mol_145  # Title = "118662961"  Confs = 1
LIGAND_NAME = block_1/mol_146  # Title = "90353911"  Confs = 1
LIGAND_NAME = block_1/mol_147  # Title = "118663076"  Confs = 1
LIGAND_NAME = block_1/mol_148  # Title = "118663023"  Confs = 1
LIGAND_NAME = block_1/mol_149  # Title = "90354245"  Confs = 1
LIGAND_NAME = block_1/mol_150  # Title = "90354005"  Confs = 1
LIGAND_NAME = block_1/mol_151  # Title = "118663055"  Confs = 1
LIGAND_NAME = block_1/mol_152  # Title = "90354017"  Confs = 1
LIGAND_NAME = block_1/mol_153  # Title = "118662964"  Confs = 1
LIGAND_NAME = block_1/mol_154  # Title = "118663096"  Confs = 1
LIGAND_NAME = block_1/mol_155  # Title = "90376270"  Confs = 1
LIGAND_NAME = block_1/mol_156  # Title = "90353967"  Confs = 1
LIGAND_NAME = block_1/mol_157  # Title = "118663059"  Confs = 1
LIGAND_NAME = block_1/mol_158  # Title = "118663054"  Confs = 1
LIGAND_NAME = block_1/mol_159  # Title = "118662946"  Confs = 1
LIGAND_NAME = block_1/mol_160  # Title = "118662997"  Confs = 1
LIGAND_NAME = block_1/mol_161  # Title = "118662975"  Confs = 1
LIGAND_NAME = block_1/mol_162  # Title = "90354103"  Confs = 1
LIGAND_NAME = block_1/mol_163  # Title = "77108486"  Confs = 1
LIGAND_NAME = block_1/mol_164  # Title = "90354177"  Confs = 1
LIGAND_NAME = block_1/mol_165  # Title = "90354036"  Confs = 1
LIGAND_NAME = block_1/mol_166  # Title = "118663068"  Confs = 1
LIGAND_NAME = block_1/mol_167  # Title = "118663049"  Confs = 1
LIGAND_NAME = block_1/mol_168  # Title = "118663001"  Confs = 1
LIGAND_NAME = block_1/mol_169  # Title = "118663092"  Confs = 1
LIGAND_NAME = block_1/mol_170  # Title = "118662931"  Confs = 1
LIGAND_NAME = block_1/mol_171  # Title = "118663067"  Confs = 1
LIGAND_NAME = block_1/mol_172  # Title = "118662895"  Confs = 1
LIGAND_NAME = block_1/mol_173  # Title = "118663084"  Confs = 1
LIGAND_NAME = block_1/mol_174  # Title = "131636096"  Confs = 1
LIGAND_NAME = block_1/mol_175  # Title = "118662889"  Confs = 1
LIGAND_NAME = block_1/mol_176  # Title = "118662910"  Confs = 1
LIGAND_NAME = block_1/mol_177  # Title = "90385104"  Confs = 1
LIGAND_NAME = block_1/mol_178  # Title = "118662977"  Confs = 1
LIGAND_NAME = block_1/mol_179  # Title = "90385122"  Confs = 1
LIGAND_NAME = block_1/mol_180  # Title = "90385111"  Confs = 1
LIGAND_NAME = block_1/mol_181  # Title = "118663005"  Confs = 1
LIGAND_NAME = block_1/mol_182  # Title = "118662930"  Confs = 1
LIGAND_NAME = block_1/mol_183  # Title = "118662887"  Confs = 1
LIGAND_NAME = block_1/mol_184  # Title = "118662995"  Confs = 1
LIGAND_NAME = block_1/mol_185  # Title = "118662903"  Confs = 1
LIGAND_NAME = block_1/mol_186  # Title = "90385125"  Confs = 1
LIGAND_NAME = block_1/mol_187  # Title = "90385103"  Confs = 1
LIGAND_NAME = block_1/mol_188  # Title = "118663060"  Confs = 1
LIGAND_NAME = block_1/mol_189  # Title = "118663040"  Confs = 1
LIGAND_NAME = block_1/mol_190  # Title = "118662892"  Confs = 1
LIGAND_NAME = block_1/mol_191  # Title = "90385121"  Confs = 1
LIGAND_NAME = block_1/mol_192  # Title = "118663008"  Confs = 1
LIGAND_NAME = block_1/mol_193  # Title = "118663111"  Confs = 1
LIGAND_NAME = block_1/mol_194  # Title = "118663006"  Confs = 1
LIGAND_NAME = block_1/mol_195  # Title = "90385131"  Confs = 1
LIGAND_NAME = block_1/mol_196  # Title = "90385102"  Confs = 1
LIGAND_NAME = block_1/mol_197  # Title = "118663063"  Confs = 1
LIGAND_NAME = block_1/mol_198  # Title = "118663056"  Confs = 1
LIGAND_NAME = block_1/mol_199  # Title = "118662925"  Confs = 1
LIGAND_NAME = block_1/mol_200  # Title = "118662978"  Confs = 1
LIGAND_NAME = block_1/mol_201  # Title = "90385127"  Confs = 1
LIGAND_NAME = block_1/mol_202  # Title = "90385109"  Confs = 1
LIGAND_NAME = block_1/mol_203  # Title = "137658352"  Confs = 1
LIGAND_NAME = block_1/mol_204  # Title = "118663071"  Confs = 1
LIGAND_NAME = block_1/mol_205  # Title = "131636097"  Confs = 1
LIGAND_NAME = block_1/mol_206  # Title = "90375298"  Confs = 1
LIGAND_NAME = block_1/mol_207  # Title = "90385120"  Confs = 1
LIGAND_NAME = block_1/mol_208  # Title = "118662945"  Confs = 1
LIGAND_NAME = block_1/mol_209  # Title = "118662953"  Confs = 1
LIGAND_NAME = block_1/mol_210  # Title = "90376322"  Confs = 1
LIGAND_NAME = block_1/mol_211  # Title = "118663020"  Confs = 1
LIGAND_NAME = block_1/mol_212  # Title = "118662937"  Confs = 1
LIGAND_NAME = block_1/mol_213  # Title = "118662924"  Confs = 1
LIGAND_NAME = block_1/mol_214  # Title = "118663066"  Confs = 1
LIGAND_NAME = block_1/mol_215  # Title = "118662948"  Confs = 1
LIGAND_NAME = block_1/mol_216  # Title = "90385133"  Confs = 1
LIGAND_NAME = block_1/mol_217  # Title = "90385100"  Confs = 1
LIGAND_NAME = block_1/mol_218  # Title = "90385101"  Confs = 1
LIGAND_NAME = block_1/mol_219  # Title = "118663033"  Confs = 1
LIGAND_NAME = block_1/mol_220  # Title = "118662926"  Confs = 1
LIGAND_NAME = block_1/mol_221  # Title = "118662942"  Confs = 1
LIGAND_NAME = block_1/mol_222  # Title = "118663000"  Confs = 1
LIGAND_NAME = block_1/mol_223  # Title = "90376025"  Confs = 1
LIGAND_NAME = block_1/mol_224  # Title = "118662918"  Confs = 1
LIGAND_NAME = block_1/mol_225  # Title = "90385099"  Confs = 1
LIGAND_NAME = block_1/mol_226  # Title = "118662890"  Confs = 1
LIGAND_NAME = block_1/mol_227  # Title = "90385166"  Confs = 1
LIGAND_NAME = block_1/mol_228  # Title = "162648579"  Confs = 1
LIGAND_NAME = block_1/mol_229  # Title = "162653727"  Confs = 1
LIGAND_NAME = block_1/mol_230  # Title = "162656129"  Confs = 1
LIGAND_NAME = block_1/mol_231  # Title = "118662941"  Confs = 1

A total of 231 records added
Total number of records stored = 231

********************************************************************************

phase_database: Fri May 10 16:33:15 2024

Database = /scr/pvalenzuela/O75116_Cluster_81_IC50_prep-out/O75116_Cluster_81_IC50_prep-out.phprj/ligands.phdb
Task = revise
Job name = O75116_Cluster_81_IC50_prep-out_sites
Options:
-NOJOBID
-role parent
-setup
-sites

Setup for parent job complete

********************************************************************************

phase_database: Fri May 10 16:33:17 2024

Database = /scr/pvalenzuela/O75116_Cluster_81_IC50_prep-out/O75116_Cluster_81_IC50_prep-out.phprj/ligands.phdb
Task = revise
Job name = O75116_Cluster_81_IC50_prep-out_sites
Options:
-cleanup
-role parent

Revision of 231 out of 231 records completed
Average number of conformers per revised record = 1.00
Total number of records stored = 231

