--------------------------------------------------------------------------------
JobId          : Ragnar-0-663e77e4
Name           : O75116_Cluster_50_Ki_prep
Program        : LigPrep
Host           : Ragnar
Dir            : /home/pvalenzuela/Desktop/test/aa/O75116
HostEntry      : localhost
JobHost        : Ragnar
JobDir         : /scr/pvalenzuela/O75116_Cluster_50_Ki_prep
JobSchrodinger : /opt/schrodinger2021-2
Commandline    : /opt/schrodinger2021-2/ligprep -epik -ph 7.4 -pht 0.2 -s 1 -imae O75116_Cluster_50_Ki.mae -omae O75116_Cluster_50_Ki_prep-out.maegz -HOST localhost:10 -NJOBS 1 -TMPLAUNCHDIR
StartTime      : 2024-05-10-15:39:16
--------------------------------------------------------------------------------
LigPrep: preparing subjobs

Running subjobs on hosts:
  localhost (Max: 10)
Number of jobs:       1
Max retries per job:  2
Max allowed failures: unlimited
Verbosity:            normal

Starting JobDJ...

Keep one job on driver host: False
JobDJ columns:
  C: Number of completed subjobs
  A: Number of active subjobs (e.g., submitted, running)
  W: Number of waiting/pending subjobs

C A W | Activity  JobId  JobName  JobHost
- - - | --------- -----------------------
0 1 0 | launched  Ragnar-0-663e77e7 O75116_Cluster_50_Ki_prep-1 localhost [Ragnar]
1 0 0 | finished  Ragnar-0-663e77e7 O75116_Cluster_50_Ki_prep-1 localhost [Ragnar]

All jobs have completed.

1 of 1 job(s) succeeded; 0 job(s) failed.

--------------------------------------------------------------------------------
SUBJOB: O75116_Cluster_50_Ki_prep-1


--------------------------------------------------------------------------------
JobId          : Ragnar-0-663e77e7
Name           : O75116_Cluster_50_Ki_prep-1
Program        : LigPrep
Host           : Ragnar
Dir            : /scr/pvalenzuela/O75116_Cluster_50_Ki_prep
HostEntry      : localhost
JobHost        : Ragnar
JobDir         : /scr/pvalenzuela/O75116_Cluster_50_Ki_prep-1
JobSchrodinger : /opt/schrodinger2021-2
Commandline    : /opt/schrodinger2021-2/ligprep -epik -ph 7.4 -pht 0.2 -s 1 -orig_file O75116_Cluster_50_Ki.mae -orig_file_index 1 -imae in_O75116_Cluster_50_Ki_prep-1.mae -omae O75116_Cluster_50_Ki_prep-1.maegz -HOST localhost
StartTime      : 2024-05-10-15:39:19
--------------------------------------------------------------------------------
LigPrep (version 58117). Copyright Schrodinger, LLC. All rights reserved.

LigPrep command:
$SCHRODINGER/ligprep -epik -ph 7.4 -pht 0.2 -s 1 -orig_file O75116_Cluster_50_Ki.mae -orig_file_index 1 -imae in_O75116_Cluster_50_Ki_prep-1.mae -omae O75116_Cluster_50_Ki_prep-1.maegz

Processing steps:
$DO.sdstereoexpander -add_hydrogens -max_output 1 -max_generated 32 <infile.mae> <outfile.mae>
$DO.htreat -t All-None -a all -s -l 200 <infile.mae> <outfile.mae>
$DO.desalter <infile.mae> <outfile.mae>
$DO.neutralizer -m 200 <infile.mae> <outfile.mae>
$DO.epik.py -pht 0.2 -ph 7.4 -tn 8 -ma 200 -imae <infile.mae> -omae <outfile.mae>
$DO.guard <infile.mae> <outfile.mae>
$DO.stereoizer -label_specified_chiralities -n 1 <infile.mae> <outfile.mae>
$DO.cgx -optimize -ffld 14 -epsilon 10.0 <infile.mae> <outfile.mae>
$DO.filterstereo -max_stereo 1 <infile.mae> <outfile.mae>

DO=$SCHRODINGER/run python3 -m schrodinger.application.macromodel.packages.ligprep3

# counts of output and dropped structures after processing steps
# index  sdstex  htreat  desalt  neutra   epik    guard  stereo    cgx   filter  title
       1   1/0     1/0     1/0     1/0     1/0     1/0     1/0     1/0     1/0   '46183900'
       2   1/0     1/0     1/0     1/0     1/0     1/0     1/0     1/0     1/0   '70833120'
       3   1/0     1/0     1/0     1/0     1/0     1/0     1/0     1/0     1/0   '127030603'
       4   1/0     1/0     1/0     1/0     1/0     1/0     1/0     1/0     1/0   '127031251'
       5   1/0     1/0     1/0     1/0     1/0     1/0     1/0     1/0     1/0   '127031819'
       6   1/0     1/0     1/0     1/0     1/0     1/0     1/0     1/0     1/0   '127030602'
       7   1/0     1/0     1/0     1/0     1/0     1/0     1/0     1/0     1/0   '46938262'
       8   1/0     1/0     1/0     1/0     1/0     1/0     1/0     1/0     1/0   '127027883'
       9   1/0     1/0     1/0     1/0     1/0     1/0     1/0     1/0     1/0   '127027885'
      10   1/0     1/0     1/0     1/0     1/0     1/0     1/0     1/0     1/0   '70833218'
      11   1/0     1/0     1/0     1/0     1/0     1/0     1/0     1/0     1/0   '127031818'
      12   1/0     1/0     1/0     1/0     1/0     1/0     1/0     1/0     1/0   '59563759'
      13   1/0     1/0     1/0     1/0     1/0     1/0     1/0     1/0     1/0   '127028820'
      14   1/0     1/0     1/0     1/0     1/0     1/0     1/0     1/0     1/0   '59563769'
      15   1/0     1/0     1/0     1/0     1/0     1/0     1/0     1/0     1/0   '46183898'
      16   1/0     1/0     1/0     1/0     1/0     1/0     1/0     1/0     1/0   '59563782'
      17   1/0     1/0     1/0     1/0     1/0     1/0     1/0     1/0     1/0   '46184600'
      18   1/0     1/0     1/0     1/0     1/0     1/0     1/0     1/0     1/0   '59563724'
      19   1/0     1/0     1/0     1/0     1/0     1/0     1/0     1/0     1/0   '127031527'
      20   1/0     1/0     1/0     1/0     1/0     1/0     1/0     1/0     1/0   '127027582'
      21   1/0     1/0     1/0     1/0     1/0     1/0     1/0     1/0     1/0   '123155509'
      22   1/0     1/0     1/0     1/0     1/0     1/0     1/0     1/0     1/0   '127028821'
      23   1/0     1/0     1/0     1/0     1/0     1/0     1/0     1/0     1/0   '127028822'
      24   1/0     1/0     1/0     1/0     1/0     1/0     1/0     1/0     1/0   '127027581'
      25   1/0     1/0     1/0     1/0     1/0     1/0     1/0     1/0     1/0   '127030609'
      26   1/0     1/0     1/0     1/0     1/0     1/0     1/0     1/0     1/0   '127028823'
      27   1/0     1/0     1/0     1/0     1/0     1/0     1/0     1/0     1/0   '59563827'
      28   1/0     1/0     1/0     1/0     1/0     1/0     1/0     1/0     1/0   '127029119'
      29   1/0     1/0     1/0     1/0     1/0     1/0     1/0     1/0     1/0   '127031535'
      30   1/0     1/0     1/0     1/0     1/0     1/0     1/0     1/0     1/0   '127031536'
      31   1/0     1/0     1/0     1/0     1/0     1/0     1/0     1/0     1/0   '127028824'
      32   1/0     1/0     1/0     1/0     1/0     1/0     1/0     1/0     1/0   '127031252'
      33   1/0     1/0     1/0     1/0     1/0     1/0     1/0     1/0     1/0   '127026938'
      34   1/0     1/0     1/0     1/0     1/0     1/0     1/0     1/0     1/0   '46184852'
      35   1/0     1/0     1/0     1/0     1/0     1/0     1/0     1/0     1/0   '59563696'
      36   1/0     1/0     1/0     1/0     1/0     1/0     1/0     1/0     1/0   '127028205'
      37   1/0     1/0     1/0     1/0     1/0     1/0     1/0     1/0     1/0   '127028206'
      38   1/0     1/0     1/0     1/0     1/0     1/0     1/0     1/0     1/0   '127027884'
      39   1/0     1/0     1/0     1/0     1/0     1/0     1/0     1/0     1/0   '127031223'
      40   1/0     1/0     1/0     1/0     1/0     1/0     1/0     1/0     1/0   '86270887'
      41   1/0     1/0     1/0     1/0     1/0     1/0     1/0     1/0     1/0   '91806730'
      42   1/0     1/0     1/0     1/0     1/0     1/0     1/0     1/0     1/0   '127026636'
      43   1/0     1/0     1/0     1/0     1/0     1/0     1/0     1/0     1/0   '127031817'
      44   1/0     1/0     1/0     1/0     1/0     1/0     1/0     1/0     1/0   '59563754'
      45   1/0     1/0     1/0     1/0     1/0     1/0     1/0     1/0     1/0   '59563729'
      46   1/0     1/0     1/0     1/0     1/0     1/0     1/0     1/0     1/0   '49820218'
      47   1/0     1/0     1/0     1/0     1/0     1/0     1/0     1/0     1/0   '127027580'
      48   1/0     1/0     1/0     1/0     1/0     1/0     1/0     1/0     1/0   '134128281'

# of processed structures in "O75116_Cluster_50_Ki_prep-1.maegz" : 48
# of dropped structures in "O75116_Cluster_50_Ki_prep-1-dropped.mae" : 0

backend run time: 0 hours 0 minutes 5.657 seconds
--------------------------------------------------------------------------------

# of processed structures in "O75116_Cluster_50_Ki_prep-out.maegz" : 48
# of dropped structures in "O75116_Cluster_50_Ki_prep-dropped.mae" : 0

total run time: 0 hours 0 minutes 11.994 seconds
