********************************************************************************

phase_database: Fri May 10 16:27:10 2024

Database = /scr/pvalenzuela/O75116_Cluster_66_IC50_prep-out/O75116_Cluster_66_IC50_prep-out.phprj/ligands.phdb
Task = import
Job name = O75116_Cluster_66_IC50_prep-out_import
Options:
-NOJOBID
-fd O75116_Cluster_66_IC50_prep-out.def
-fmt xyz
-i O75116_Cluster_66_IC50_prep-out.maegz
-multi
-new
-stereo
-verbose

Adding molecules to database . . .

LIGAND_NAME = block_1/mol_1  # Title = "56600346"  Confs = 1
LIGAND_NAME = block_1/mol_2  # Title = "56600344"  Confs = 1
LIGAND_NAME = block_1/mol_3  # Title = "88558463"  Confs = 1
LIGAND_NAME = block_1/mol_4  # Title = "84973037"  Confs = 1
LIGAND_NAME = block_1/mol_5  # Title = "56600748"  Confs = 1
LIGAND_NAME = block_1/mol_6  # Title = "56600750"  Confs = 1
LIGAND_NAME = block_1/mol_7  # Title = "84973038"  Confs = 1
LIGAND_NAME = block_1/mol_8  # Title = "56600953"  Confs = 1
LIGAND_NAME = block_1/mol_9  # Title = "84973039"  Confs = 1
LIGAND_NAME = block_1/mol_10  # Title = "84973040"  Confs = 1
LIGAND_NAME = block_1/mol_11  # Title = "88553160"  Confs = 1
LIGAND_NAME = block_1/mol_12  # Title = "88553159"  Confs = 1
LIGAND_NAME = block_1/mol_13  # Title = "84973041"  Confs = 1
LIGAND_NAME = block_1/mol_14  # Title = "84973042"  Confs = 1
LIGAND_NAME = block_1/mol_15  # Title = "84973043"  Confs = 1
LIGAND_NAME = block_1/mol_16  # Title = "84973044"  Confs = 1
LIGAND_NAME = block_1/mol_17  # Title = "84973045"  Confs = 1
LIGAND_NAME = block_1/mol_18  # Title = "84973046"  Confs = 1
LIGAND_NAME = block_1/mol_19  # Title = "84973047"  Confs = 1
LIGAND_NAME = block_1/mol_20  # Title = "56601341"  Confs = 1
LIGAND_NAME = block_1/mol_21  # Title = "84973048"  Confs = 1
LIGAND_NAME = block_1/mol_22  # Title = "56601543"  Confs = 1
LIGAND_NAME = block_1/mol_23  # Title = "56601941"  Confs = 1
LIGAND_NAME = block_1/mol_24  # Title = "84973049"  Confs = 1
LIGAND_NAME = block_1/mol_25  # Title = "84973050"  Confs = 1
LIGAND_NAME = block_1/mol_26  # Title = "84973051"  Confs = 1
LIGAND_NAME = block_1/mol_27  # Title = "84973053"  Confs = 1
LIGAND_NAME = block_1/mol_28  # Title = "84973054"  Confs = 1
LIGAND_NAME = block_1/mol_29  # Title = "84973055"  Confs = 1
LIGAND_NAME = block_1/mol_30  # Title = "84973056"  Confs = 1
LIGAND_NAME = block_1/mol_31  # Title = "84973057"  Confs = 1
LIGAND_NAME = block_1/mol_32  # Title = "84973058"  Confs = 1
LIGAND_NAME = block_1/mol_33  # Title = "56599751"  Confs = 1
LIGAND_NAME = block_1/mol_34  # Title = "56599753"  Confs = 1
LIGAND_NAME = block_1/mol_35  # Title = "84973059"  Confs = 1
LIGAND_NAME = block_1/mol_36  # Title = "56599755"  Confs = 1
LIGAND_NAME = block_1/mol_37  # Title = "68011389"  Confs = 1
LIGAND_NAME = block_1/mol_38  # Title = "84973060"  Confs = 1
LIGAND_NAME = block_1/mol_39  # Title = "68011390"  Confs = 1
LIGAND_NAME = block_1/mol_40  # Title = "84973061"  Confs = 1
LIGAND_NAME = block_1/mol_41  # Title = "84973062"  Confs = 1
LIGAND_NAME = block_1/mol_42  # Title = "84973063"  Confs = 1
LIGAND_NAME = block_1/mol_43  # Title = "88558465"  Confs = 1
LIGAND_NAME = block_1/mol_44  # Title = "84973064"  Confs = 1
LIGAND_NAME = block_1/mol_45  # Title = "84973065"  Confs = 1
LIGAND_NAME = block_1/mol_46  # Title = "84973066"  Confs = 1
LIGAND_NAME = block_1/mol_47  # Title = "84973067"  Confs = 1
LIGAND_NAME = block_1/mol_48  # Title = "84973068"  Confs = 1
LIGAND_NAME = block_1/mol_49  # Title = "56600154"  Confs = 1
LIGAND_NAME = block_1/mol_50  # Title = "84973069"  Confs = 1
LIGAND_NAME = block_1/mol_51  # Title = "84973070"  Confs = 1
LIGAND_NAME = block_1/mol_52  # Title = "84973072"  Confs = 1
LIGAND_NAME = block_1/mol_53  # Title = "84973073"  Confs = 1
LIGAND_NAME = block_1/mol_54  # Title = "84973074"  Confs = 1
LIGAND_NAME = block_1/mol_55  # Title = "84973075"  Confs = 1
LIGAND_NAME = block_1/mol_56  # Title = "84973076"  Confs = 1
LIGAND_NAME = block_1/mol_57  # Title = "84973077"  Confs = 1
LIGAND_NAME = block_1/mol_58  # Title = "84973078"  Confs = 1
LIGAND_NAME = block_1/mol_59  # Title = "84973079"  Confs = 1
LIGAND_NAME = block_1/mol_60  # Title = "84973080"  Confs = 1
LIGAND_NAME = block_1/mol_61  # Title = "84973081"  Confs = 1
LIGAND_NAME = block_1/mol_62  # Title = "84973082"  Confs = 1
LIGAND_NAME = block_1/mol_63  # Title = "84973083"  Confs = 1
LIGAND_NAME = block_1/mol_64  # Title = "84973084"  Confs = 1
LIGAND_NAME = block_1/mol_65  # Title = "56597186"  Confs = 1
LIGAND_NAME = block_1/mol_66  # Title = "56597187"  Confs = 1
LIGAND_NAME = block_1/mol_67  # Title = "56598714"  Confs = 1
LIGAND_NAME = block_1/mol_68  # Title = "118668487"  Confs = 1
LIGAND_NAME = block_1/mol_69  # Title = "118668488"  Confs = 1

A total of 69 records added
Total number of records stored = 69

********************************************************************************

phase_database: Fri May 10 16:27:12 2024

Database = /scr/pvalenzuela/O75116_Cluster_66_IC50_prep-out/O75116_Cluster_66_IC50_prep-out.phprj/ligands.phdb
Task = revise
Job name = O75116_Cluster_66_IC50_prep-out_sites
Options:
-NOJOBID
-role parent
-setup
-sites

Setup for parent job complete

********************************************************************************

phase_database: Fri May 10 16:27:13 2024

Database = /scr/pvalenzuela/O75116_Cluster_66_IC50_prep-out/O75116_Cluster_66_IC50_prep-out.phprj/ligands.phdb
Task = revise
Job name = O75116_Cluster_66_IC50_prep-out_sites
Options:
-cleanup
-role parent

Revision of 69 out of 69 records completed
Average number of conformers per revised record = 1.00
Total number of records stored = 69

