--------------------------------------------------------------------------------
JobId          : Ragnar-0-663e7820
Name           : P01116_Cluster_3_IC50_prep
Program        : LigPrep
Host           : Ragnar
Dir            : /home/pvalenzuela/Desktop/test/aa/P01116
HostEntry      : localhost
JobHost        : Ragnar
JobDir         : /scr/pvalenzuela/P01116_Cluster_3_IC50_prep
JobSchrodinger : /opt/schrodinger2021-2
Commandline    : /opt/schrodinger2021-2/ligprep -epik -ph 7.4 -pht 0.2 -s 1 -imae P01116_Cluster_3_IC50.mae -omae P01116_Cluster_3_IC50_prep-out.maegz -HOST localhost:10 -NJOBS 1 -TMPLAUNCHDIR
StartTime      : 2024-05-10-15:40:16
--------------------------------------------------------------------------------
LigPrep: preparing subjobs

Running subjobs on hosts:
  localhost (Max: 10)
Number of jobs:       1
Max retries per job:  2
Max allowed failures: unlimited
Verbosity:            normal

Starting JobDJ...

Keep one job on driver host: False
JobDJ columns:
  C: Number of completed subjobs
  A: Number of active subjobs (e.g., submitted, running)
  W: Number of waiting/pending subjobs

C A W | Activity  JobId  JobName  JobHost
- - - | --------- -----------------------
0 1 0 | launched  Ragnar-0-663e7822 P01116_Cluster_3_IC50_prep-1 localhost [Ragnar]
1 0 0 | finished  Ragnar-0-663e7822 P01116_Cluster_3_IC50_prep-1 localhost [Ragnar]

All jobs have completed.

1 of 1 job(s) succeeded; 0 job(s) failed.

--------------------------------------------------------------------------------
SUBJOB: P01116_Cluster_3_IC50_prep-1


--------------------------------------------------------------------------------
JobId          : Ragnar-0-663e7822
Name           : P01116_Cluster_3_IC50_prep-1
Program        : LigPrep
Host           : Ragnar
Dir            : /scr/pvalenzuela/P01116_Cluster_3_IC50_prep
HostEntry      : localhost
JobHost        : Ragnar
JobDir         : /scr/pvalenzuela/P01116_Cluster_3_IC50_prep-1
JobSchrodinger : /opt/schrodinger2021-2
Commandline    : /opt/schrodinger2021-2/ligprep -epik -ph 7.4 -pht 0.2 -s 1 -orig_file P01116_Cluster_3_IC50.mae -orig_file_index 1 -imae in_P01116_Cluster_3_IC50_prep-1.mae -omae P01116_Cluster_3_IC50_prep-1.maegz -HOST localhost
StartTime      : 2024-05-10-15:40:18
--------------------------------------------------------------------------------
LigPrep (version 58117). Copyright Schrodinger, LLC. All rights reserved.

LigPrep command:
$SCHRODINGER/ligprep -epik -ph 7.4 -pht 0.2 -s 1 -orig_file P01116_Cluster_3_IC50.mae -orig_file_index 1 -imae in_P01116_Cluster_3_IC50_prep-1.mae -omae P01116_Cluster_3_IC50_prep-1.maegz

Processing steps:
$DO.sdstereoexpander -add_hydrogens -max_output 1 -max_generated 32 <infile.mae> <outfile.mae>
$DO.htreat -t All-None -a all -s -l 200 <infile.mae> <outfile.mae>
$DO.desalter <infile.mae> <outfile.mae>
$DO.neutralizer -m 200 <infile.mae> <outfile.mae>
$DO.epik.py -pht 0.2 -ph 7.4 -tn 8 -ma 200 -imae <infile.mae> -omae <outfile.mae>
$DO.guard <infile.mae> <outfile.mae>
$DO.stereoizer -label_specified_chiralities -n 1 <infile.mae> <outfile.mae>
$DO.cgx -optimize -ffld 14 -epsilon 10.0 <infile.mae> <outfile.mae>
$DO.filterstereo -max_stereo 1 <infile.mae> <outfile.mae>

DO=$SCHRODINGER/run python3 -m schrodinger.application.macromodel.packages.ligprep3

# counts of output and dropped structures after processing steps
# index  sdstex  htreat  desalt  neutra   epik    guard  stereo    cgx   filter  title
       1   1/0     1/0     1/0     1/0     1/0     1/0     1/0     1/0     1/0   '146254417'
       2   1/0     1/0     1/0     1/0     1/0     1/0     1/0     1/0     1/0   '137288869'
       3   1/0     1/0     1/0     1/0     1/0     1/0     1/0     1/0     1/0   '146234885'
       4   1/0     1/0     1/0     1/0     1/0     1/0     1/0     1/0     1/0   '137297911'
       5   1/0     1/0     1/0     1/0     1/0     1/0     1/0     1/0     1/0   '146236007'
       6   1/0     1/0     1/0     1/0     1/0     1/0     1/0     1/0     1/0   '140956861'
       7   1/0     1/0     1/0     1/0     1/0     1/0     1/0     1/0     1/0   '137297915'
       8   1/0     1/0     1/0     1/0     1/0     1/0     1/0     1/0     1/0   '137278717'
       9   1/0     1/0     1/0     1/0     1/0     1/0     1/0     1/0     1/0   '146235420'
      10   1/0     1/0     1/0     1/0     1/0     1/0     1/0     1/0     1/0   '135148885'
      11   1/0     1/0     1/0     1/0     1/0     1/0     1/0     1/0     1/0   '135148667'
      12   1/0     1/0     1/0     1/0     1/0     1/0     1/0     1/0     1/0   '146235452'
      13   1/0     1/0     1/0     1/0     1/0     1/0     1/0     1/0     1/0   '146235857'
      14   1/0     1/0     1/0     1/0     1/0     1/0     1/0     1/0     1/0   '146234893'
      15   1/0     1/0     1/0     1/0     1/0     1/0     1/0     1/0     1/0   '146235304'
      16   1/0     1/0     1/0     1/0     1/0     1/0     1/0     1/0     1/0   '137278705'
      17   1/0     1/0     1/0     1/0     1/0     1/0     1/0     1/0     1/0   '146235944'
      18   1/0     1/0     1/0     1/0     1/0     1/0     1/0     1/0     1/0   '146235053'
      19   1/0     1/0     1/0     1/0     1/0     1/0     1/0     1/0     1/0   '146235429'
      20   1/0     1/0     1/0     1/0     1/0     1/0     1/0     1/0     1/0   '137297882'
      21   1/0     1/0     1/0     1/0     1/0     1/0     1/0     1/0     1/0   '146235843'
      22   1/0     1/0     1/0     1/0     1/0     1/0     1/0     1/0     1/0   '146235592'
      23   1/0     1/0     1/0     1/0     1/0     1/0     1/0     1/0     1/0   '137278711'
      24   1/0     1/0     1/0     1/0     1/0     1/0     1/0     1/0     1/0   '140956840'
      25   1/0     1/0     1/0     1/0     1/0     1/0     1/0     1/0     1/0   '146254335'
      26   1/0     1/0     1/0     1/0     1/0     1/0     1/0     1/0     1/0   '137288870'
      27   1/0     1/0     1/0     1/0     1/0     1/0     1/0     1/0     1/0   '137278713'
      28   1/0     1/0     1/0     1/0     1/0     1/0     1/0     1/0     1/0   '146235786'
      29   1/0     1/0     1/0     1/0     1/0     1/0     1/0     1/0     1/0   '146235508'
      30   1/0     1/0     1/0     1/0     1/0     1/0     1/0     1/0     1/0   '146236012'

# of processed structures in "P01116_Cluster_3_IC50_prep-1.maegz" : 30
# of dropped structures in "P01116_Cluster_3_IC50_prep-1-dropped.mae" : 0

backend run time: 0 hours 0 minutes 4.639 seconds
--------------------------------------------------------------------------------

# of processed structures in "P01116_Cluster_3_IC50_prep-out.maegz" : 30
# of dropped structures in "P01116_Cluster_3_IC50_prep-dropped.mae" : 0

total run time: 0 hours 0 minutes 9.553 seconds
