********************************************************************************

phase_database: Fri May 10 15:56:59 2024

Database = /scr/pvalenzuela/O75116_Cluster_162_Ki_prep-out/O75116_Cluster_162_Ki_prep-out.phprj/ligands.phdb
Task = import
Job name = O75116_Cluster_162_Ki_prep-out_import
Options:
-NOJOBID
-fd O75116_Cluster_162_Ki_prep-out.def
-fmt xyz
-i O75116_Cluster_162_Ki_prep-out.maegz
-multi
-new
-stereo
-verbose

Adding molecules to database . . .

LIGAND_NAME = block_1/mol_1  # Title = "25165861"  Confs = 1
LIGAND_NAME = block_1/mol_2  # Title = "25166059"  Confs = 1
LIGAND_NAME = block_1/mol_3  # Title = "25166250"  Confs = 1
LIGAND_NAME = block_1/mol_4  # Title = "25166251"  Confs = 1
LIGAND_NAME = block_1/mol_5  # Title = "25166056"  Confs = 1
LIGAND_NAME = block_1/mol_6  # Title = "25166057"  Confs = 1
LIGAND_NAME = block_1/mol_7  # Title = "25166058"  Confs = 1
LIGAND_NAME = block_1/mol_8  # Title = "25166053"  Confs = 1
LIGAND_NAME = block_1/mol_9  # Title = "25166657"  Confs = 1
LIGAND_NAME = block_1/mol_10  # Title = "25166659"  Confs = 1
LIGAND_NAME = block_1/mol_11  # Title = "25166867"  Confs = 1
LIGAND_NAME = block_1/mol_12  # Title = "25166868"  Confs = 1
LIGAND_NAME = block_1/mol_13  # Title = "25164884"  Confs = 1
LIGAND_NAME = block_1/mol_14  # Title = "25166655"  Confs = 1

A total of 14 records added
Total number of records stored = 14

********************************************************************************

phase_database: Fri May 10 15:57:00 2024

Database = /scr/pvalenzuela/O75116_Cluster_162_Ki_prep-out/O75116_Cluster_162_Ki_prep-out.phprj/ligands.phdb
Task = revise
Job name = O75116_Cluster_162_Ki_prep-out_sites
Options:
-NOJOBID
-role parent
-setup
-sites

Setup for parent job complete

********************************************************************************

phase_database: Fri May 10 15:57:01 2024

Database = /scr/pvalenzuela/O75116_Cluster_162_Ki_prep-out/O75116_Cluster_162_Ki_prep-out.phprj/ligands.phdb
Task = revise
Job name = O75116_Cluster_162_Ki_prep-out_sites
Options:
-cleanup
-role parent

Revision of 14 out of 14 records completed
Average number of conformers per revised record = 1.00
Total number of records stored = 14

