Driver script for phase_find_common job O75116_Cluster_35_Ki_prep-out_find_common
Current time: Fri May 10 16:18:11 2024
Host name: Ragnar
Number of CPUs requested = 12
SCHRODINGER=/opt/schrodinger2021-2
SCHRODINGER_JOBID=Ragnar-0-663e8102
MMSHARE_EXEC=/opt/schrodinger2021-2/mmshare-v5.4/bin/Linux-x86_64

Invoking phase_find_common binary to do initial setup:
phase_find_common /scr/pvalenzuela/O75116_Cluster_35_Ki_prep-out/O75116_Cluster_35_Ki_prep-out.phzip -JOB O75116_Cluster_35_Ki_prep-out_find_common -JOBHOST localhost:12 -sites 3:7 -ex -miss 0.15000000000000002 -fraction -prefer 7 -redun 0.5 -keep 10 -site 1.0 -vect 1.0 -vol 1.0 -select 1.0 -logm 1.0 -inactive 1.0 -setup

********************************************************************************

Host name: Ragnar
SCHRODINGER=/opt/schrodinger2021-2
SCHRODINGER_JOBID=Ragnar-0-663e8102
MMSHARE_EXEC=/opt/schrodinger2021-2/mmshare-v5.4/bin/Linux-x86_64

********************************************************************************

phase_find_common: Fri May 10 16:18:11 2024

Project archive = "/scr/pvalenzuela/O75116_Cluster_35_Ki_prep-out/O75116_Cluster_35_Ki_prep-out.phzip"
Options:
-JOB O75116_Cluster_35_Ki_prep-out_find_common
-JOBHOST localhost:12
-ex
-fraction
-inactive 1.0
-keep 10
-logm 1.0
-miss 0.15000000000000002
-prefer 7
-redun 0.5
-select 1.0
-setup
-site 1.0
-sites 3:7
-vect 1.0
-vol 1.0

Doing setup for subjobs

Unzipping /scr/pvalenzuela/O75116_Cluster_35_Ki_prep-out/O75116_Cluster_35_Ki_prep-out.phzip to directory O75116_Cluster_35_Ki_prep-out_find_common_setup . . .

Number of actives = 37
Number of active groups = 37
Maximum allowed misses = 6
Number of reference ligands = 37
Number of CPUs requested = 12
Writing subjob template lists to O75116_Cluster_35_Ki_prep-out_find_common_templates.csv

Removing directory O75116_Cluster_35_Ki_prep-out_find_common_setup

CPU time = 0.01 sec
Elapsed time = 0.00 sec

phase_find_common successfully completed
Control returned to phase_find_common driver script

Launching phase_find_common subjobs . . .


Running subjobs on hosts:
  localhost (Max: 12)
Number of jobs:       12
Max retries per job:  3
Max allowed failures: unlimited
Verbosity:            normal

Starting JobDJ...

Keep one job on driver host: False
JobDJ columns:
  C: Number of completed subjobs
  A: Number of active subjobs (e.g., submitted, running)
  W: Number of waiting/pending subjobs

 C  A  W | Activity  JobId  JobName  JobHost
-- -- -- | --------- -----------------------
 0  1 11 | launched  Ragnar-0-663e8104 O75116_Cluster_35_Ki_prep-out_find_common_sub_1 localhost [Ragnar]
 0  2 10 | launched  Ragnar-1-663e8104 O75116_Cluster_35_Ki_prep-out_find_common_sub_2 localhost [Ragnar]
 0  3  9 | launched  Ragnar-0-663e8105 O75116_Cluster_35_Ki_prep-out_find_common_sub_3 localhost [Ragnar]
 0  4  8 | launched  Ragnar-0-663e8106 O75116_Cluster_35_Ki_prep-out_find_common_sub_4 localhost [Ragnar]
 0  5  7 | launched  Ragnar-0-663e8107 O75116_Cluster_35_Ki_prep-out_find_common_sub_5 localhost [Ragnar]
 1  4  7 | finished  Ragnar-0-663e8104 O75116_Cluster_35_Ki_prep-out_find_common_sub_1 localhost [Ragnar]
 2  3  7 | finished  Ragnar-1-663e8104 O75116_Cluster_35_Ki_prep-out_find_common_sub_2 localhost [Ragnar]
 3  2  7 | finished  Ragnar-0-663e8105 O75116_Cluster_35_Ki_prep-out_find_common_sub_3 localhost [Ragnar]
 3  3  6 | launched  Ragnar-0-663e8108 O75116_Cluster_35_Ki_prep-out_find_common_sub_6 localhost [Ragnar]
 3  4  5 | launched  Ragnar-0-663e8109 O75116_Cluster_35_Ki_prep-out_find_common_sub_7 localhost [Ragnar]
 3  5  4 | launched  Ragnar-0-663e810a O75116_Cluster_35_Ki_prep-out_find_common_sub_8 localhost [Ragnar]
 3  6  3 | launched  Ragnar-0-663e810b O75116_Cluster_35_Ki_prep-out_find_common_sub_9 localhost [Ragnar]
 3  7  2 | launched  Ragnar-0-663e810c O75116_Cluster_35_Ki_prep-out_find_common_sub_10 localhost [Ragnar]
 4  6  2 | finished  Ragnar-0-663e8106 O75116_Cluster_35_Ki_prep-out_find_common_sub_4 localhost [Ragnar]
 5  5  2 | finished  Ragnar-0-663e8107 O75116_Cluster_35_Ki_prep-out_find_common_sub_5 localhost [Ragnar]
 6  4  2 | finished  Ragnar-0-663e8108 O75116_Cluster_35_Ki_prep-out_find_common_sub_6 localhost [Ragnar]
 7  3  2 | finished  Ragnar-0-663e8109 O75116_Cluster_35_Ki_prep-out_find_common_sub_7 localhost [Ragnar]
 8  2  2 | finished  Ragnar-0-663e810a O75116_Cluster_35_Ki_prep-out_find_common_sub_8 localhost [Ragnar]
 8  3  1 | launched  Ragnar-0-663e810d O75116_Cluster_35_Ki_prep-out_find_common_sub_11 localhost [Ragnar]
 8  4  0 | launched  Ragnar-0-663e810e O75116_Cluster_35_Ki_prep-out_find_common_sub_12 localhost [Ragnar]
 9  3  0 | finished  Ragnar-0-663e810b O75116_Cluster_35_Ki_prep-out_find_common_sub_9 localhost [Ragnar]
10  2  0 | finished  Ragnar-0-663e810c O75116_Cluster_35_Ki_prep-out_find_common_sub_10 localhost [Ragnar]
11  1  0 | finished  Ragnar-0-663e810d O75116_Cluster_35_Ki_prep-out_find_common_sub_11 localhost [Ragnar]
12  0  0 | finished  Ragnar-0-663e810e O75116_Cluster_35_Ki_prep-out_find_common_sub_12 localhost [Ragnar]

All jobs have completed.

12 of 12 job(s) succeeded; 0 job(s) failed.


Invoking phase_find_common binary to combine subjobs:
phase_find_common /scr/pvalenzuela/O75116_Cluster_35_Ki_prep-out/O75116_Cluster_35_Ki_prep-out.phzip -JOB O75116_Cluster_35_Ki_prep-out_find_common -JOBHOST localhost:12 -sites 3:7 -ex -miss 0.15000000000000002 -fraction -prefer 7 -redun 0.5 -keep 10 -site 1.0 -vect 1.0 -vol 1.0 -select 1.0 -logm 1.0 -inactive 1.0 -cleanup

********************************************************************************

Host name: Ragnar
SCHRODINGER=/opt/schrodinger2021-2
SCHRODINGER_JOBID=Ragnar-0-663e8102
MMSHARE_EXEC=/opt/schrodinger2021-2/mmshare-v5.4/bin/Linux-x86_64

********************************************************************************

phase_find_common: Fri May 10 16:18:25 2024

Project archive = "/scr/pvalenzuela/O75116_Cluster_35_Ki_prep-out/O75116_Cluster_35_Ki_prep-out.phzip"
Options:
-JOB O75116_Cluster_35_Ki_prep-out_find_common
-JOBHOST localhost:12
-cleanup
-ex
-fraction
-inactive 1.0
-keep 10
-logm 1.0
-miss 0.15000000000000002
-prefer 7
-redun 0.5
-select 1.0
-site 1.0
-sites 3:7
-vect 1.0
-vol 1.0

Combining results of completed subjobs . . .

*** Contents of O75116_Cluster_35_Ki_prep-out_find_common_sub_1.log ***

Driver script for phase_find_common subjob O75116_Cluster_35_Ki_prep-out_find_common_sub_1
Current time: Fri May 10 16:18:12 2024
Host name: Ragnar
Number of CPUs requested = 1
SCHRODINGER=/opt/schrodinger2021-2
SCHRODINGER_JOBID=Ragnar-0-663e8104
MMSHARE_EXEC=/opt/schrodinger2021-2/mmshare-v5.4/bin/Linux-x86_64

Invoking phase_find_common binary to find and score common pharmacophores:
phase_find_common /scr/pvalenzuela/O75116_Cluster_35_Ki_prep-out/O75116_Cluster_35_Ki_prep-out.phzip -JOB O75116_Cluster_35_Ki_prep-out_find_common -sites 3:7 -ex -miss 0.15000000000000002 -fraction -prefer 7 -redun 0.5 -keep 10 -site 1.0 -vect 1.0 -vol 1.0 -select 1.0 -logm 1.0 -inactive 1.0 -subjob O75116_Cluster_35_Ki_prep-out_find_common_sub_1

********************************************************************************

Host name: Ragnar
SCHRODINGER=/opt/schrodinger2021-2
SCHRODINGER_JOBID=Ragnar-0-663e8104
MMSHARE_EXEC=/opt/schrodinger2021-2/mmshare-v5.4/bin/Linux-x86_64

********************************************************************************

phase_find_common: Fri May 10 16:18:12 2024

Project archive = "/scr/pvalenzuela/O75116_Cluster_35_Ki_prep-out/O75116_Cluster_35_Ki_prep-out.phzip"
Options:
-JOB O75116_Cluster_35_Ki_prep-out_find_common
-ex
-fraction
-inactive 1.0
-keep 10
-logm 1.0
-miss 0.15000000000000002
-prefer 7
-redun 0.5
-select 1.0
-site 1.0
-sites 3:7
-subjob O75116_Cluster_35_Ki_prep-out_find_common_sub_1
-vect 1.0
-vol 1.0

Unzipping /scr/pvalenzuela/O75116_Cluster_35_Ki_prep-out/O75116_Cluster_35_Ki_prep-out.phzip to directory O75116_Cluster_35_Ki_prep-out_find_common_sub_1_project . . .

********************************************************************************

Aligning actives to 1 conformer of reference ligand mol_1 (1 of 4) . . .
20% complete
40% complete
60% complete
80% complete
100% complete

Searching for pharmacophores that match at least 37 active groups . . .
Searching for pharmacophores that match at least 36 active groups . . .
Searching for pharmacophores that match at least 35 active groups . . .
Searching for pharmacophores that match at least 34 active groups . . .
Searching for pharmacophores that match at least 33 active groups . . .
Searching for pharmacophores that match at least 32 active groups . . .
Searching for pharmacophores that match at least 31 active groups . . .
Recovering 4-point pharmacophores that matched 32 active groups . . .

Refining matches and alignments . . .
10% complete
20% complete
30% complete
40% complete
50% complete
60% complete
70% complete
80% complete
90% complete
100% complete

Surviving common pharmacophore counts for reference ligand mol_1:
3-point: 8
4-point: 2
5-point: 0
6-point: 0
7-point: 0
  Total: 10

Running totals for all reference ligands assigned to this subjob:
3-point: 8
4-point: 2
5-point: 0
6-point: 0
7-point: 0
  Total: 10

********************************************************************************

Aligning actives to 1 conformer of reference ligand mol_13 (2 of 4) . . .
20% complete
40% complete
60% complete
80% complete
100% complete

Searching for pharmacophores that match at least 37 active groups . . .
Searching for pharmacophores that match at least 36 active groups . . .
Searching for pharmacophores that match at least 35 active groups . . .
Searching for pharmacophores that match at least 34 active groups . . .
Searching for pharmacophores that match at least 33 active groups . . .
Searching for pharmacophores that match at least 32 active groups . . .
Searching for pharmacophores that match at least 31 active groups . . .
Recovering 3-point pharmacophores that matched 37 active groups . . .

Refining matches and alignments . . .
20% complete

Surviving common pharmacophore counts for reference ligand mol_13:
3-point: 1
4-point: 0
5-point: 0
6-point: 0
7-point: 0
  Total: 1

Running totals for all reference ligands assigned to this subjob:
3-point: 9
4-point: 2
5-point: 0
6-point: 0
7-point: 0
  Total: 11

********************************************************************************

Aligning actives to 1 conformer of reference ligand mol_25 (3 of 4) . . .
20% complete
40% complete
60% complete
80% complete
100% complete

Searching for pharmacophores that match at least 37 active groups . . .
Searching for pharmacophores that match at least 36 active groups . . .
Searching for pharmacophores that match at least 35 active groups . . .
Searching for pharmacophores that match at least 34 active groups . . .
Searching for pharmacophores that match at least 33 active groups . . .
Searching for pharmacophores that match at least 32 active groups . . .
Searching for pharmacophores that match at least 31 active groups . . .
Recovering 3-point pharmacophores that matched 37 active groups . . .

Refining matches and alignments . . .
20% complete
40% complete

Surviving common pharmacophore counts for reference ligand mol_25:
3-point: 2
4-point: 0
5-point: 0
6-point: 0
7-point: 0
  Total: 2

Running totals for all reference ligands assigned to this subjob:
3-point: 11
4-point: 2
5-point: 0
6-point: 0
7-point: 0
  Total: 13

********************************************************************************

Aligning actives to 1 conformer of reference ligand mol_37 (4 of 4) . . .
20% complete
40% complete
60% complete
80% complete
100% complete

Searching for pharmacophores that match at least 37 active groups . . .
Searching for pharmacophores that match at least 36 active groups . . .
Searching for pharmacophores that match at least 35 active groups . . .
Searching for pharmacophores that match at least 34 active groups . . .
Searching for pharmacophores that match at least 33 active groups . . .
Searching for pharmacophores that match at least 32 active groups . . .
Searching for pharmacophores that match at least 31 active groups . . .
Recovering 5-point pharmacophores that matched 37 active groups . . .

Refining matches and alignments . . .
10% complete
20% complete
30% complete
40% complete
50% complete
60% complete
70% complete
80% complete
90% complete
100% complete

Surviving common pharmacophore counts for reference ligand mol_37:
3-point: 10
4-point: 8
5-point: 2
6-point: 0
7-point: 0
  Total: 20

Running totals for all reference ligands assigned to this subjob:
3-point: 21
4-point: 10
5-point: 2
6-point: 0
7-point: 0
  Total: 33

********************************************************************************

All reference ligands assigned to this subjob have been processed.

Total number of active --> reference alignments performed = 144

Final surviving common pharmacophore counts:
3-point: 21
4-point: 10
5-point: 2
6-point: 0
7-point: 0
  Total: 33

Saving common pharmacophores to directory O75116_Cluster_35_Ki_prep-out_find_common_sub_1_hypotheses . . .
Zipping O75116_Cluster_35_Ki_prep-out_find_common_sub_1_hypotheses to O75116_Cluster_35_Ki_prep-out_find_common_sub_1_hypotheses.zip . . .
Removing directory O75116_Cluster_35_Ki_prep-out_find_common_sub_1_hypotheses
Removing directory O75116_Cluster_35_Ki_prep-out_find_common_sub_1_project

CPU time = 0.87 sec
Elapsed time = 1.00 sec

phase_find_common successfully completed

Driver script for phase_find_common subjob O75116_Cluster_35_Ki_prep-out_find_common_sub_1 finished
Current time: Fri May 10 16:18:13 2024
Elapsed time = 0:00:01.07
phase_find_common results for O75116_Cluster_35_Ki_prep-out_find_common_sub_1 are complete

*** End of O75116_Cluster_35_Ki_prep-out_find_common_sub_1.log ***

*** Contents of O75116_Cluster_35_Ki_prep-out_find_common_sub_2.log ***

Driver script for phase_find_common subjob O75116_Cluster_35_Ki_prep-out_find_common_sub_2
Current time: Fri May 10 16:18:13 2024
Host name: Ragnar
Number of CPUs requested = 1
SCHRODINGER=/opt/schrodinger2021-2
SCHRODINGER_JOBID=Ragnar-1-663e8104
MMSHARE_EXEC=/opt/schrodinger2021-2/mmshare-v5.4/bin/Linux-x86_64

Invoking phase_find_common binary to find and score common pharmacophores:
phase_find_common /scr/pvalenzuela/O75116_Cluster_35_Ki_prep-out/O75116_Cluster_35_Ki_prep-out.phzip -JOB O75116_Cluster_35_Ki_prep-out_find_common -sites 3:7 -ex -miss 0.15000000000000002 -fraction -prefer 7 -redun 0.5 -keep 10 -site 1.0 -vect 1.0 -vol 1.0 -select 1.0 -logm 1.0 -inactive 1.0 -subjob O75116_Cluster_35_Ki_prep-out_find_common_sub_2

********************************************************************************

Host name: Ragnar
SCHRODINGER=/opt/schrodinger2021-2
SCHRODINGER_JOBID=Ragnar-1-663e8104
MMSHARE_EXEC=/opt/schrodinger2021-2/mmshare-v5.4/bin/Linux-x86_64

********************************************************************************

phase_find_common: Fri May 10 16:18:13 2024

Project archive = "/scr/pvalenzuela/O75116_Cluster_35_Ki_prep-out/O75116_Cluster_35_Ki_prep-out.phzip"
Options:
-JOB O75116_Cluster_35_Ki_prep-out_find_common
-ex
-fraction
-inactive 1.0
-keep 10
-logm 1.0
-miss 0.15000000000000002
-prefer 7
-redun 0.5
-select 1.0
-site 1.0
-sites 3:7
-subjob O75116_Cluster_35_Ki_prep-out_find_common_sub_2
-vect 1.0
-vol 1.0

Unzipping /scr/pvalenzuela/O75116_Cluster_35_Ki_prep-out/O75116_Cluster_35_Ki_prep-out.phzip to directory O75116_Cluster_35_Ki_prep-out_find_common_sub_2_project . . .

********************************************************************************

Aligning actives to 1 conformer of reference ligand mol_2 (1 of 3) . . .
20% complete
40% complete
60% complete
80% complete
100% complete

Searching for pharmacophores that match at least 37 active groups . . .
Searching for pharmacophores that match at least 36 active groups . . .
Searching for pharmacophores that match at least 35 active groups . . .
Searching for pharmacophores that match at least 34 active groups . . .
Searching for pharmacophores that match at least 33 active groups . . .
Searching for pharmacophores that match at least 32 active groups . . .
Searching for pharmacophores that match at least 31 active groups . . .
Recovering 5-point pharmacophores that matched 34 active groups . . .

Refining matches and alignments . . .
10% complete
20% complete
30% complete
40% complete
50% complete
60% complete
70% complete
80% complete
90% complete
100% complete

Surviving common pharmacophore counts for reference ligand mol_2:
3-point: 10
4-point: 8
5-point: 2
6-point: 0
7-point: 0
  Total: 20

Running totals for all reference ligands assigned to this subjob:
3-point: 10
4-point: 8
5-point: 2
6-point: 0
7-point: 0
  Total: 20

********************************************************************************

Aligning actives to 1 conformer of reference ligand mol_14 (2 of 3) . . .
20% complete
40% complete
60% complete
80% complete
100% complete

Searching for pharmacophores that match at least 37 active groups . . .
Searching for pharmacophores that match at least 36 active groups . . .
Searching for pharmacophores that match at least 35 active groups . . .
Searching for pharmacophores that match at least 34 active groups . . .
Searching for pharmacophores that match at least 33 active groups . . .
Searching for pharmacophores that match at least 32 active groups . . .
Searching for pharmacophores that match at least 31 active groups . . .
Recovering 3-point pharmacophores that matched 35 active groups . . .

Refining matches and alignments . . .
20% complete

Surviving common pharmacophore counts for reference ligand mol_14:
3-point: 1
4-point: 0
5-point: 0
6-point: 0
7-point: 0
  Total: 1

Running totals for all reference ligands assigned to this subjob:
3-point: 11
4-point: 8
5-point: 2
6-point: 0
7-point: 0
  Total: 21

********************************************************************************

Aligning actives to 1 conformer of reference ligand mol_26 (3 of 3) . . .
20% complete
40% complete
60% complete
80% complete
100% complete

Searching for pharmacophores that match at least 37 active groups . . .
Searching for pharmacophores that match at least 36 active groups . . .
Searching for pharmacophores that match at least 35 active groups . . .
Searching for pharmacophores that match at least 34 active groups . . .
Searching for pharmacophores that match at least 33 active groups . . .
Searching for pharmacophores that match at least 32 active groups . . .
Searching for pharmacophores that match at least 31 active groups . . .
Recovering 4-point pharmacophores that matched 31 active groups . . .

Refining matches and alignments . . .
20% complete
40% complete
60% complete
80% complete
100% complete

Surviving common pharmacophore counts for reference ligand mol_26:
3-point: 7
4-point: 2
5-point: 0
6-point: 0
7-point: 0
  Total: 9

Running totals for all reference ligands assigned to this subjob:
3-point: 18
4-point: 10
5-point: 2
6-point: 0
7-point: 0
  Total: 30

********************************************************************************

All reference ligands assigned to this subjob have been processed.

Total number of active --> reference alignments performed = 108

Final surviving common pharmacophore counts:
3-point: 18
4-point: 10
5-point: 2
6-point: 0
7-point: 0
  Total: 30

Saving common pharmacophores to directory O75116_Cluster_35_Ki_prep-out_find_common_sub_2_hypotheses . . .
Zipping O75116_Cluster_35_Ki_prep-out_find_common_sub_2_hypotheses to O75116_Cluster_35_Ki_prep-out_find_common_sub_2_hypotheses.zip . . .
Removing directory O75116_Cluster_35_Ki_prep-out_find_common_sub_2_hypotheses
Removing directory O75116_Cluster_35_Ki_prep-out_find_common_sub_2_project

CPU time = 0.78 sec
Elapsed time = 1.00 sec

phase_find_common successfully completed

Driver script for phase_find_common subjob O75116_Cluster_35_Ki_prep-out_find_common_sub_2 finished
Current time: Fri May 10 16:18:14 2024
Elapsed time = 0:00:00.97
phase_find_common results for O75116_Cluster_35_Ki_prep-out_find_common_sub_2 are complete

*** End of O75116_Cluster_35_Ki_prep-out_find_common_sub_2.log ***

*** Contents of O75116_Cluster_35_Ki_prep-out_find_common_sub_3.log ***

Driver script for phase_find_common subjob O75116_Cluster_35_Ki_prep-out_find_common_sub_3
Current time: Fri May 10 16:18:14 2024
Host name: Ragnar
Number of CPUs requested = 1
SCHRODINGER=/opt/schrodinger2021-2
SCHRODINGER_JOBID=Ragnar-0-663e8105
MMSHARE_EXEC=/opt/schrodinger2021-2/mmshare-v5.4/bin/Linux-x86_64

Invoking phase_find_common binary to find and score common pharmacophores:
phase_find_common /scr/pvalenzuela/O75116_Cluster_35_Ki_prep-out/O75116_Cluster_35_Ki_prep-out.phzip -JOB O75116_Cluster_35_Ki_prep-out_find_common -sites 3:7 -ex -miss 0.15000000000000002 -fraction -prefer 7 -redun 0.5 -keep 10 -site 1.0 -vect 1.0 -vol 1.0 -select 1.0 -logm 1.0 -inactive 1.0 -subjob O75116_Cluster_35_Ki_prep-out_find_common_sub_3

********************************************************************************

Host name: Ragnar
SCHRODINGER=/opt/schrodinger2021-2
SCHRODINGER_JOBID=Ragnar-0-663e8105
MMSHARE_EXEC=/opt/schrodinger2021-2/mmshare-v5.4/bin/Linux-x86_64

********************************************************************************

phase_find_common: Fri May 10 16:18:14 2024

Project archive = "/scr/pvalenzuela/O75116_Cluster_35_Ki_prep-out/O75116_Cluster_35_Ki_prep-out.phzip"
Options:
-JOB O75116_Cluster_35_Ki_prep-out_find_common
-ex
-fraction
-inactive 1.0
-keep 10
-logm 1.0
-miss 0.15000000000000002
-prefer 7
-redun 0.5
-select 1.0
-site 1.0
-sites 3:7
-subjob O75116_Cluster_35_Ki_prep-out_find_common_sub_3
-vect 1.0
-vol 1.0

Unzipping /scr/pvalenzuela/O75116_Cluster_35_Ki_prep-out/O75116_Cluster_35_Ki_prep-out.phzip to directory O75116_Cluster_35_Ki_prep-out_find_common_sub_3_project . . .

********************************************************************************

Aligning actives to 1 conformer of reference ligand mol_3 (1 of 3) . . .
20% complete
40% complete
60% complete
80% complete
100% complete

Searching for pharmacophores that match at least 37 active groups . . .
Searching for pharmacophores that match at least 36 active groups . . .
Searching for pharmacophores that match at least 35 active groups . . .
Searching for pharmacophores that match at least 34 active groups . . .
Searching for pharmacophores that match at least 33 active groups . . .
Searching for pharmacophores that match at least 32 active groups . . .
Searching for pharmacophores that match at least 31 active groups . . .
Recovering 3-point pharmacophores that matched 37 active groups . . .

Refining matches and alignments . . .
20% complete

Surviving common pharmacophore counts for reference ligand mol_3:
3-point: 1
4-point: 0
5-point: 0
6-point: 0
7-point: 0
  Total: 1

Running totals for all reference ligands assigned to this subjob:
3-point: 1
4-point: 0
5-point: 0
6-point: 0
7-point: 0
  Total: 1

********************************************************************************

Aligning actives to 1 conformer of reference ligand mol_15 (2 of 3) . . .
20% complete
40% complete
60% complete
80% complete
100% complete

Searching for pharmacophores that match at least 37 active groups . . .
Searching for pharmacophores that match at least 36 active groups . . .
Searching for pharmacophores that match at least 35 active groups . . .
Searching for pharmacophores that match at least 34 active groups . . .
Searching for pharmacophores that match at least 33 active groups . . .
Searching for pharmacophores that match at least 32 active groups . . .
Searching for pharmacophores that match at least 31 active groups . . .
Recovering 5-point pharmacophores that matched 33 active groups . . .

Refining matches and alignments . . .
10% complete
20% complete
30% complete
40% complete
50% complete
60% complete
70% complete
80% complete
90% complete
100% complete

Surviving common pharmacophore counts for reference ligand mol_15:
3-point: 10
4-point: 8
5-point: 2
6-point: 0
7-point: 0
  Total: 20

Running totals for all reference ligands assigned to this subjob:
3-point: 11
4-point: 8
5-point: 2
6-point: 0
7-point: 0
  Total: 21

********************************************************************************

Aligning actives to 1 conformer of reference ligand mol_27 (3 of 3) . . .
20% complete
40% complete
60% complete
80% complete
100% complete

Searching for pharmacophores that match at least 37 active groups . . .
Searching for pharmacophores that match at least 36 active groups . . .
Searching for pharmacophores that match at least 35 active groups . . .
Searching for pharmacophores that match at least 34 active groups . . .
Searching for pharmacophores that match at least 33 active groups . . .
Searching for pharmacophores that match at least 32 active groups . . .
Searching for pharmacophores that match at least 31 active groups . . .
Recovering 4-point pharmacophores that matched 33 active groups . . .

Refining matches and alignments . . .
20% complete
40% complete
60% complete
80% complete
100% complete

Surviving common pharmacophore counts for reference ligand mol_27:
3-point: 4
4-point: 1
5-point: 0
6-point: 0
7-point: 0
  Total: 5

Running totals for all reference ligands assigned to this subjob:
3-point: 15
4-point: 9
5-point: 2
6-point: 0
7-point: 0
  Total: 26

********************************************************************************

All reference ligands assigned to this subjob have been processed.

Total number of active --> reference alignments performed = 108

Final surviving common pharmacophore counts:
3-point: 15
4-point: 9
5-point: 2
6-point: 0
7-point: 0
  Total: 26

Saving common pharmacophores to directory O75116_Cluster_35_Ki_prep-out_find_common_sub_3_hypotheses . . .
Zipping O75116_Cluster_35_Ki_prep-out_find_common_sub_3_hypotheses to O75116_Cluster_35_Ki_prep-out_find_common_sub_3_hypotheses.zip . . .
Removing directory O75116_Cluster_35_Ki_prep-out_find_common_sub_3_hypotheses
Removing directory O75116_Cluster_35_Ki_prep-out_find_common_sub_3_project

CPU time = 0.66 sec
Elapsed time = 1.00 sec

phase_find_common successfully completed

Driver script for phase_find_common subjob O75116_Cluster_35_Ki_prep-out_find_common_sub_3 finished
Current time: Fri May 10 16:18:15 2024
Elapsed time = 0:00:00.85
phase_find_common results for O75116_Cluster_35_Ki_prep-out_find_common_sub_3 are complete

*** End of O75116_Cluster_35_Ki_prep-out_find_common_sub_3.log ***

*** Contents of O75116_Cluster_35_Ki_prep-out_find_common_sub_4.log ***

Driver script for phase_find_common subjob O75116_Cluster_35_Ki_prep-out_find_common_sub_4
Current time: Fri May 10 16:18:15 2024
Host name: Ragnar
Number of CPUs requested = 1
SCHRODINGER=/opt/schrodinger2021-2
SCHRODINGER_JOBID=Ragnar-0-663e8106
MMSHARE_EXEC=/opt/schrodinger2021-2/mmshare-v5.4/bin/Linux-x86_64

Invoking phase_find_common binary to find and score common pharmacophores:
phase_find_common /scr/pvalenzuela/O75116_Cluster_35_Ki_prep-out/O75116_Cluster_35_Ki_prep-out.phzip -JOB O75116_Cluster_35_Ki_prep-out_find_common -sites 3:7 -ex -miss 0.15000000000000002 -fraction -prefer 7 -redun 0.5 -keep 10 -site 1.0 -vect 1.0 -vol 1.0 -select 1.0 -logm 1.0 -inactive 1.0 -subjob O75116_Cluster_35_Ki_prep-out_find_common_sub_4

********************************************************************************

Host name: Ragnar
SCHRODINGER=/opt/schrodinger2021-2
SCHRODINGER_JOBID=Ragnar-0-663e8106
MMSHARE_EXEC=/opt/schrodinger2021-2/mmshare-v5.4/bin/Linux-x86_64

********************************************************************************

phase_find_common: Fri May 10 16:18:15 2024

Project archive = "/scr/pvalenzuela/O75116_Cluster_35_Ki_prep-out/O75116_Cluster_35_Ki_prep-out.phzip"
Options:
-JOB O75116_Cluster_35_Ki_prep-out_find_common
-ex
-fraction
-inactive 1.0
-keep 10
-logm 1.0
-miss 0.15000000000000002
-prefer 7
-redun 0.5
-select 1.0
-site 1.0
-sites 3:7
-subjob O75116_Cluster_35_Ki_prep-out_find_common_sub_4
-vect 1.0
-vol 1.0

Unzipping /scr/pvalenzuela/O75116_Cluster_35_Ki_prep-out/O75116_Cluster_35_Ki_prep-out.phzip to directory O75116_Cluster_35_Ki_prep-out_find_common_sub_4_project . . .

********************************************************************************

Aligning actives to 1 conformer of reference ligand mol_4 (1 of 3) . . .
20% complete
40% complete
60% complete
80% complete
100% complete

Searching for pharmacophores that match at least 37 active groups . . .
Searching for pharmacophores that match at least 36 active groups . . .
Searching for pharmacophores that match at least 35 active groups . . .
Searching for pharmacophores that match at least 34 active groups . . .
Searching for pharmacophores that match at least 33 active groups . . .
Searching for pharmacophores that match at least 32 active groups . . .
Searching for pharmacophores that match at least 31 active groups . . .
Recovering 3-point pharmacophores that matched 37 active groups . . .

Refining matches and alignments . . .
20% complete

Surviving common pharmacophore counts for reference ligand mol_4:
3-point: 1
4-point: 0
5-point: 0
6-point: 0
7-point: 0
  Total: 1

Running totals for all reference ligands assigned to this subjob:
3-point: 1
4-point: 0
5-point: 0
6-point: 0
7-point: 0
  Total: 1

********************************************************************************

Aligning actives to 1 conformer of reference ligand mol_16 (2 of 3) . . .
20% complete
40% complete
60% complete
80% complete
100% complete

Searching for pharmacophores that match at least 37 active groups . . .
Searching for pharmacophores that match at least 36 active groups . . .
Searching for pharmacophores that match at least 35 active groups . . .
Searching for pharmacophores that match at least 34 active groups . . .
Searching for pharmacophores that match at least 33 active groups . . .
Searching for pharmacophores that match at least 32 active groups . . .
Searching for pharmacophores that match at least 31 active groups . . .
Recovering 5-point pharmacophores that matched 32 active groups . . .

Refining matches and alignments . . .
10% complete
20% complete
30% complete
40% complete
50% complete
60% complete
70% complete
80% complete
90% complete
100% complete

Surviving common pharmacophore counts for reference ligand mol_16:
3-point: 10
4-point: 8
5-point: 2
6-point: 0
7-point: 0
  Total: 20

Running totals for all reference ligands assigned to this subjob:
3-point: 11
4-point: 8
5-point: 2
6-point: 0
7-point: 0
  Total: 21

********************************************************************************

Aligning actives to 1 conformer of reference ligand mol_28 (3 of 3) . . .
20% complete
40% complete
60% complete
80% complete
100% complete

Searching for pharmacophores that match at least 37 active groups . . .
Searching for pharmacophores that match at least 36 active groups . . .
Searching for pharmacophores that match at least 35 active groups . . .
Searching for pharmacophores that match at least 34 active groups . . .
Searching for pharmacophores that match at least 33 active groups . . .
Searching for pharmacophores that match at least 32 active groups . . .
Searching for pharmacophores that match at least 31 active groups . . .
Recovering 5-point pharmacophores that matched 34 active groups . . .

Refining matches and alignments . . .
10% complete
20% complete
30% complete
40% complete
50% complete
60% complete
70% complete
80% complete
90% complete
100% complete

Surviving common pharmacophore counts for reference ligand mol_28:
3-point: 10
4-point: 8
5-point: 2
6-point: 0
7-point: 0
  Total: 20

Running totals for all reference ligands assigned to this subjob:
3-point: 21
4-point: 16
5-point: 4
6-point: 0
7-point: 0
  Total: 41

********************************************************************************

All reference ligands assigned to this subjob have been processed.

Total number of active --> reference alignments performed = 108

Final surviving common pharmacophore counts:
3-point: 21
4-point: 16
5-point: 4
6-point: 0
7-point: 0
  Total: 41

Saving common pharmacophores to directory O75116_Cluster_35_Ki_prep-out_find_common_sub_4_hypotheses . . .
Zipping O75116_Cluster_35_Ki_prep-out_find_common_sub_4_hypotheses to O75116_Cluster_35_Ki_prep-out_find_common_sub_4_hypotheses.zip . . .
Removing directory O75116_Cluster_35_Ki_prep-out_find_common_sub_4_hypotheses
Removing directory O75116_Cluster_35_Ki_prep-out_find_common_sub_4_project

CPU time = 0.99 sec
Elapsed time = 1.00 sec

phase_find_common successfully completed

Driver script for phase_find_common subjob O75116_Cluster_35_Ki_prep-out_find_common_sub_4 finished
Current time: Fri May 10 16:18:16 2024
Elapsed time = 0:00:01.18
phase_find_common results for O75116_Cluster_35_Ki_prep-out_find_common_sub_4 are complete

*** End of O75116_Cluster_35_Ki_prep-out_find_common_sub_4.log ***

*** Contents of O75116_Cluster_35_Ki_prep-out_find_common_sub_5.log ***

Driver script for phase_find_common subjob O75116_Cluster_35_Ki_prep-out_find_common_sub_5
Current time: Fri May 10 16:18:16 2024
Host name: Ragnar
Number of CPUs requested = 1
SCHRODINGER=/opt/schrodinger2021-2
SCHRODINGER_JOBID=Ragnar-0-663e8107
MMSHARE_EXEC=/opt/schrodinger2021-2/mmshare-v5.4/bin/Linux-x86_64

Invoking phase_find_common binary to find and score common pharmacophores:
phase_find_common /scr/pvalenzuela/O75116_Cluster_35_Ki_prep-out/O75116_Cluster_35_Ki_prep-out.phzip -JOB O75116_Cluster_35_Ki_prep-out_find_common -sites 3:7 -ex -miss 0.15000000000000002 -fraction -prefer 7 -redun 0.5 -keep 10 -site 1.0 -vect 1.0 -vol 1.0 -select 1.0 -logm 1.0 -inactive 1.0 -subjob O75116_Cluster_35_Ki_prep-out_find_common_sub_5

********************************************************************************

Host name: Ragnar
SCHRODINGER=/opt/schrodinger2021-2
SCHRODINGER_JOBID=Ragnar-0-663e8107
MMSHARE_EXEC=/opt/schrodinger2021-2/mmshare-v5.4/bin/Linux-x86_64

********************************************************************************

phase_find_common: Fri May 10 16:18:16 2024

Project archive = "/scr/pvalenzuela/O75116_Cluster_35_Ki_prep-out/O75116_Cluster_35_Ki_prep-out.phzip"
Options:
-JOB O75116_Cluster_35_Ki_prep-out_find_common
-ex
-fraction
-inactive 1.0
-keep 10
-logm 1.0
-miss 0.15000000000000002
-prefer 7
-redun 0.5
-select 1.0
-site 1.0
-sites 3:7
-subjob O75116_Cluster_35_Ki_prep-out_find_common_sub_5
-vect 1.0
-vol 1.0

Unzipping /scr/pvalenzuela/O75116_Cluster_35_Ki_prep-out/O75116_Cluster_35_Ki_prep-out.phzip to directory O75116_Cluster_35_Ki_prep-out_find_common_sub_5_project . . .

********************************************************************************

Aligning actives to 1 conformer of reference ligand mol_5 (1 of 3) . . .
20% complete
40% complete
60% complete
80% complete
100% complete

Searching for pharmacophores that match at least 37 active groups . . .
Searching for pharmacophores that match at least 36 active groups . . .
Searching for pharmacophores that match at least 35 active groups . . .
Searching for pharmacophores that match at least 34 active groups . . .
Searching for pharmacophores that match at least 33 active groups . . .
Searching for pharmacophores that match at least 32 active groups . . .
Searching for pharmacophores that match at least 31 active groups . . .
Recovering 3-point pharmacophores that matched 35 active groups . . .

Refining matches and alignments . . .
20% complete

Surviving common pharmacophore counts for reference ligand mol_5:
3-point: 1
4-point: 0
5-point: 0
6-point: 0
7-point: 0
  Total: 1

Running totals for all reference ligands assigned to this subjob:
3-point: 1
4-point: 0
5-point: 0
6-point: 0
7-point: 0
  Total: 1

********************************************************************************

Aligning actives to 1 conformer of reference ligand mol_17 (2 of 3) . . .
20% complete
40% complete
60% complete
80% complete
100% complete

Searching for pharmacophores that match at least 37 active groups . . .
Searching for pharmacophores that match at least 36 active groups . . .
Searching for pharmacophores that match at least 35 active groups . . .
Searching for pharmacophores that match at least 34 active groups . . .
Searching for pharmacophores that match at least 33 active groups . . .
Searching for pharmacophores that match at least 32 active groups . . .
Searching for pharmacophores that match at least 31 active groups . . .
Recovering 5-point pharmacophores that matched 35 active groups . . .

Refining matches and alignments . . .
10% complete
20% complete
30% complete
40% complete
50% complete
60% complete
70% complete
80% complete
90% complete
100% complete

Surviving common pharmacophore counts for reference ligand mol_17:
3-point: 10
4-point: 8
5-point: 2
6-point: 0
7-point: 0
  Total: 20

Running totals for all reference ligands assigned to this subjob:
3-point: 11
4-point: 8
5-point: 2
6-point: 0
7-point: 0
  Total: 21

********************************************************************************

Aligning actives to 1 conformer of reference ligand mol_29 (3 of 3) . . .
20% complete
40% complete
60% complete
80% complete
100% complete

Searching for pharmacophores that match at least 37 active groups . . .
Searching for pharmacophores that match at least 36 active groups . . .
Searching for pharmacophores that match at least 35 active groups . . .
Searching for pharmacophores that match at least 34 active groups . . .
Searching for pharmacophores that match at least 33 active groups . . .
Searching for pharmacophores that match at least 32 active groups . . .
Searching for pharmacophores that match at least 31 active groups . . .
Recovering 5-point pharmacophores that matched 33 active groups . . .

Refining matches and alignments . . .
10% complete
20% complete
30% complete
40% complete
50% complete
60% complete
70% complete
80% complete
90% complete
100% complete

Surviving common pharmacophore counts for reference ligand mol_29:
3-point: 10
4-point: 8
5-point: 2
6-point: 0
7-point: 0
  Total: 20

Running totals for all reference ligands assigned to this subjob:
3-point: 21
4-point: 16
5-point: 4
6-point: 0
7-point: 0
  Total: 41

********************************************************************************

All reference ligands assigned to this subjob have been processed.

Total number of active --> reference alignments performed = 108

Final surviving common pharmacophore counts:
3-point: 21
4-point: 16
5-point: 4
6-point: 0
7-point: 0
  Total: 41

Saving common pharmacophores to directory O75116_Cluster_35_Ki_prep-out_find_common_sub_5_hypotheses . . .
Zipping O75116_Cluster_35_Ki_prep-out_find_common_sub_5_hypotheses to O75116_Cluster_35_Ki_prep-out_find_common_sub_5_hypotheses.zip . . .
Removing directory O75116_Cluster_35_Ki_prep-out_find_common_sub_5_hypotheses
Removing directory O75116_Cluster_35_Ki_prep-out_find_common_sub_5_project

CPU time = 0.98 sec
Elapsed time = 1.00 sec

phase_find_common successfully completed

Driver script for phase_find_common subjob O75116_Cluster_35_Ki_prep-out_find_common_sub_5 finished
Current time: Fri May 10 16:18:17 2024
Elapsed time = 0:00:01.17
phase_find_common results for O75116_Cluster_35_Ki_prep-out_find_common_sub_5 are complete

*** End of O75116_Cluster_35_Ki_prep-out_find_common_sub_5.log ***

*** Contents of O75116_Cluster_35_Ki_prep-out_find_common_sub_6.log ***

Driver script for phase_find_common subjob O75116_Cluster_35_Ki_prep-out_find_common_sub_6
Current time: Fri May 10 16:18:17 2024
Host name: Ragnar
Number of CPUs requested = 1
SCHRODINGER=/opt/schrodinger2021-2
SCHRODINGER_JOBID=Ragnar-0-663e8108
MMSHARE_EXEC=/opt/schrodinger2021-2/mmshare-v5.4/bin/Linux-x86_64

Invoking phase_find_common binary to find and score common pharmacophores:
phase_find_common /scr/pvalenzuela/O75116_Cluster_35_Ki_prep-out/O75116_Cluster_35_Ki_prep-out.phzip -JOB O75116_Cluster_35_Ki_prep-out_find_common -sites 3:7 -ex -miss 0.15000000000000002 -fraction -prefer 7 -redun 0.5 -keep 10 -site 1.0 -vect 1.0 -vol 1.0 -select 1.0 -logm 1.0 -inactive 1.0 -subjob O75116_Cluster_35_Ki_prep-out_find_common_sub_6

********************************************************************************

Host name: Ragnar
SCHRODINGER=/opt/schrodinger2021-2
SCHRODINGER_JOBID=Ragnar-0-663e8108
MMSHARE_EXEC=/opt/schrodinger2021-2/mmshare-v5.4/bin/Linux-x86_64

********************************************************************************

phase_find_common: Fri May 10 16:18:17 2024

Project archive = "/scr/pvalenzuela/O75116_Cluster_35_Ki_prep-out/O75116_Cluster_35_Ki_prep-out.phzip"
Options:
-JOB O75116_Cluster_35_Ki_prep-out_find_common
-ex
-fraction
-inactive 1.0
-keep 10
-logm 1.0
-miss 0.15000000000000002
-prefer 7
-redun 0.5
-select 1.0
-site 1.0
-sites 3:7
-subjob O75116_Cluster_35_Ki_prep-out_find_common_sub_6
-vect 1.0
-vol 1.0

Unzipping /scr/pvalenzuela/O75116_Cluster_35_Ki_prep-out/O75116_Cluster_35_Ki_prep-out.phzip to directory O75116_Cluster_35_Ki_prep-out_find_common_sub_6_project . . .

********************************************************************************

Aligning actives to 1 conformer of reference ligand mol_6 (1 of 3) . . .
20% complete
40% complete
60% complete
80% complete
100% complete

Searching for pharmacophores that match at least 37 active groups . . .
Searching for pharmacophores that match at least 36 active groups . . .
Searching for pharmacophores that match at least 35 active groups . . .
Searching for pharmacophores that match at least 34 active groups . . .
Searching for pharmacophores that match at least 33 active groups . . .
Searching for pharmacophores that match at least 32 active groups . . .
Searching for pharmacophores that match at least 31 active groups . . .
Recovering 3-point pharmacophores that matched 36 active groups . . .

Refining matches and alignments . . .
20% complete

Surviving common pharmacophore counts for reference ligand mol_6:
3-point: 1
4-point: 0
5-point: 0
6-point: 0
7-point: 0
  Total: 1

Running totals for all reference ligands assigned to this subjob:
3-point: 1
4-point: 0
5-point: 0
6-point: 0
7-point: 0
  Total: 1

********************************************************************************

Aligning actives to 1 conformer of reference ligand mol_18 (2 of 3) . . .
20% complete
40% complete
60% complete
80% complete
100% complete

Searching for pharmacophores that match at least 37 active groups . . .
Searching for pharmacophores that match at least 36 active groups . . .
Searching for pharmacophores that match at least 35 active groups . . .
Searching for pharmacophores that match at least 34 active groups . . .
Searching for pharmacophores that match at least 33 active groups . . .
Searching for pharmacophores that match at least 32 active groups . . .
Searching for pharmacophores that match at least 31 active groups . . .
Recovering 4-point pharmacophores that matched 31 active groups . . .

Refining matches and alignments . . .
20% complete
40% complete
60% complete
80% complete
100% complete

Surviving common pharmacophore counts for reference ligand mol_18:
3-point: 5
4-point: 1
5-point: 0
6-point: 0
7-point: 0
  Total: 6

Running totals for all reference ligands assigned to this subjob:
3-point: 6
4-point: 1
5-point: 0
6-point: 0
7-point: 0
  Total: 7

********************************************************************************

Aligning actives to 1 conformer of reference ligand mol_30 (3 of 3) . . .
20% complete
40% complete
60% complete
80% complete
100% complete

Searching for pharmacophores that match at least 37 active groups . . .
Searching for pharmacophores that match at least 36 active groups . . .
Searching for pharmacophores that match at least 35 active groups . . .
Searching for pharmacophores that match at least 34 active groups . . .
Searching for pharmacophores that match at least 33 active groups . . .
Searching for pharmacophores that match at least 32 active groups . . .
Searching for pharmacophores that match at least 31 active groups . . .
Recovering 3-point pharmacophores that matched 34 active groups . . .

Refining matches and alignments . . .
20% complete

Surviving common pharmacophore counts for reference ligand mol_30:
3-point: 1
4-point: 0
5-point: 0
6-point: 0
7-point: 0
  Total: 1

Running totals for all reference ligands assigned to this subjob:
3-point: 7
4-point: 1
5-point: 0
6-point: 0
7-point: 0
  Total: 8

********************************************************************************

All reference ligands assigned to this subjob have been processed.

Total number of active --> reference alignments performed = 108

Final surviving common pharmacophore counts:
3-point: 7
4-point: 1
5-point: 0
6-point: 0
7-point: 0
  Total: 8

Saving common pharmacophores to directory O75116_Cluster_35_Ki_prep-out_find_common_sub_6_hypotheses . . .
Zipping O75116_Cluster_35_Ki_prep-out_find_common_sub_6_hypotheses to O75116_Cluster_35_Ki_prep-out_find_common_sub_6_hypotheses.zip . . .
Removing directory O75116_Cluster_35_Ki_prep-out_find_common_sub_6_hypotheses
Removing directory O75116_Cluster_35_Ki_prep-out_find_common_sub_6_project

CPU time = 0.32 sec
Elapsed time = 0.00 sec

phase_find_common successfully completed

Driver script for phase_find_common subjob O75116_Cluster_35_Ki_prep-out_find_common_sub_6 finished
Current time: Fri May 10 16:18:17 2024
Elapsed time = 0:00:00.51
phase_find_common results for O75116_Cluster_35_Ki_prep-out_find_common_sub_6 are complete

*** End of O75116_Cluster_35_Ki_prep-out_find_common_sub_6.log ***

*** Contents of O75116_Cluster_35_Ki_prep-out_find_common_sub_7.log ***

Driver script for phase_find_common subjob O75116_Cluster_35_Ki_prep-out_find_common_sub_7
Current time: Fri May 10 16:18:18 2024
Host name: Ragnar
Number of CPUs requested = 1
SCHRODINGER=/opt/schrodinger2021-2
SCHRODINGER_JOBID=Ragnar-0-663e8109
MMSHARE_EXEC=/opt/schrodinger2021-2/mmshare-v5.4/bin/Linux-x86_64

Invoking phase_find_common binary to find and score common pharmacophores:
phase_find_common /scr/pvalenzuela/O75116_Cluster_35_Ki_prep-out/O75116_Cluster_35_Ki_prep-out.phzip -JOB O75116_Cluster_35_Ki_prep-out_find_common -sites 3:7 -ex -miss 0.15000000000000002 -fraction -prefer 7 -redun 0.5 -keep 10 -site 1.0 -vect 1.0 -vol 1.0 -select 1.0 -logm 1.0 -inactive 1.0 -subjob O75116_Cluster_35_Ki_prep-out_find_common_sub_7

********************************************************************************

Host name: Ragnar
SCHRODINGER=/opt/schrodinger2021-2
SCHRODINGER_JOBID=Ragnar-0-663e8109
MMSHARE_EXEC=/opt/schrodinger2021-2/mmshare-v5.4/bin/Linux-x86_64

********************************************************************************

phase_find_common: Fri May 10 16:18:18 2024

Project archive = "/scr/pvalenzuela/O75116_Cluster_35_Ki_prep-out/O75116_Cluster_35_Ki_prep-out.phzip"
Options:
-JOB O75116_Cluster_35_Ki_prep-out_find_common
-ex
-fraction
-inactive 1.0
-keep 10
-logm 1.0
-miss 0.15000000000000002
-prefer 7
-redun 0.5
-select 1.0
-site 1.0
-sites 3:7
-subjob O75116_Cluster_35_Ki_prep-out_find_common_sub_7
-vect 1.0
-vol 1.0

Unzipping /scr/pvalenzuela/O75116_Cluster_35_Ki_prep-out/O75116_Cluster_35_Ki_prep-out.phzip to directory O75116_Cluster_35_Ki_prep-out_find_common_sub_7_project . . .

********************************************************************************

Aligning actives to 1 conformer of reference ligand mol_7 (1 of 3) . . .
20% complete
40% complete
60% complete
80% complete
100% complete

Searching for pharmacophores that match at least 37 active groups . . .
Searching for pharmacophores that match at least 36 active groups . . .
Searching for pharmacophores that match at least 35 active groups . . .
Searching for pharmacophores that match at least 34 active groups . . .
Searching for pharmacophores that match at least 33 active groups . . .
Searching for pharmacophores that match at least 32 active groups . . .
Searching for pharmacophores that match at least 31 active groups . . .
Recovering 3-point pharmacophores that matched 33 active groups . . .

Refining matches and alignments . . .
20% complete
40% complete

Surviving common pharmacophore counts for reference ligand mol_7:
3-point: 2
4-point: 0
5-point: 0
6-point: 0
7-point: 0
  Total: 2

Running totals for all reference ligands assigned to this subjob:
3-point: 2
4-point: 0
5-point: 0
6-point: 0
7-point: 0
  Total: 2

********************************************************************************

Aligning actives to 1 conformer of reference ligand mol_19 (2 of 3) . . .
20% complete
40% complete
60% complete
80% complete
100% complete

Searching for pharmacophores that match at least 37 active groups . . .
Searching for pharmacophores that match at least 36 active groups . . .
Searching for pharmacophores that match at least 35 active groups . . .
Searching for pharmacophores that match at least 34 active groups . . .
Searching for pharmacophores that match at least 33 active groups . . .
Searching for pharmacophores that match at least 32 active groups . . .
Searching for pharmacophores that match at least 31 active groups . . .
Recovering 5-point pharmacophores that matched 35 active groups . . .

Refining matches and alignments . . .
10% complete
20% complete
30% complete
40% complete
50% complete
60% complete
70% complete
80% complete
90% complete
100% complete

Surviving common pharmacophore counts for reference ligand mol_19:
3-point: 10
4-point: 8
5-point: 2
6-point: 0
7-point: 0
  Total: 20

Running totals for all reference ligands assigned to this subjob:
3-point: 12
4-point: 8
5-point: 2
6-point: 0
7-point: 0
  Total: 22

********************************************************************************

Aligning actives to 1 conformer of reference ligand mol_31 (3 of 3) . . .
20% complete
40% complete
60% complete
80% complete
100% complete

Searching for pharmacophores that match at least 37 active groups . . .
Searching for pharmacophores that match at least 36 active groups . . .
Searching for pharmacophores that match at least 35 active groups . . .
Searching for pharmacophores that match at least 34 active groups . . .
Searching for pharmacophores that match at least 33 active groups . . .
Searching for pharmacophores that match at least 32 active groups . . .
Searching for pharmacophores that match at least 31 active groups . . .
Recovering 3-point pharmacophores that matched 35 active groups . . .

Refining matches and alignments . . .
20% complete

Surviving common pharmacophore counts for reference ligand mol_31:
3-point: 1
4-point: 0
5-point: 0
6-point: 0
7-point: 0
  Total: 1

Running totals for all reference ligands assigned to this subjob:
3-point: 13
4-point: 8
5-point: 2
6-point: 0
7-point: 0
  Total: 23

********************************************************************************

All reference ligands assigned to this subjob have been processed.

Total number of active --> reference alignments performed = 108

Final surviving common pharmacophore counts:
3-point: 13
4-point: 8
5-point: 2
6-point: 0
7-point: 0
  Total: 23

Saving common pharmacophores to directory O75116_Cluster_35_Ki_prep-out_find_common_sub_7_hypotheses . . .
Zipping O75116_Cluster_35_Ki_prep-out_find_common_sub_7_hypotheses to O75116_Cluster_35_Ki_prep-out_find_common_sub_7_hypotheses.zip . . .
Removing directory O75116_Cluster_35_Ki_prep-out_find_common_sub_7_hypotheses
Removing directory O75116_Cluster_35_Ki_prep-out_find_common_sub_7_project

CPU time = 0.61 sec
Elapsed time = 1.00 sec

phase_find_common successfully completed

Driver script for phase_find_common subjob O75116_Cluster_35_Ki_prep-out_find_common_sub_7 finished
Current time: Fri May 10 16:18:19 2024
Elapsed time = 0:00:00.80
phase_find_common results for O75116_Cluster_35_Ki_prep-out_find_common_sub_7 are complete

*** End of O75116_Cluster_35_Ki_prep-out_find_common_sub_7.log ***

*** Contents of O75116_Cluster_35_Ki_prep-out_find_common_sub_8.log ***

Driver script for phase_find_common subjob O75116_Cluster_35_Ki_prep-out_find_common_sub_8
Current time: Fri May 10 16:18:19 2024
Host name: Ragnar
Number of CPUs requested = 1
SCHRODINGER=/opt/schrodinger2021-2
SCHRODINGER_JOBID=Ragnar-0-663e810a
MMSHARE_EXEC=/opt/schrodinger2021-2/mmshare-v5.4/bin/Linux-x86_64

Invoking phase_find_common binary to find and score common pharmacophores:
phase_find_common /scr/pvalenzuela/O75116_Cluster_35_Ki_prep-out/O75116_Cluster_35_Ki_prep-out.phzip -JOB O75116_Cluster_35_Ki_prep-out_find_common -sites 3:7 -ex -miss 0.15000000000000002 -fraction -prefer 7 -redun 0.5 -keep 10 -site 1.0 -vect 1.0 -vol 1.0 -select 1.0 -logm 1.0 -inactive 1.0 -subjob O75116_Cluster_35_Ki_prep-out_find_common_sub_8

********************************************************************************

Host name: Ragnar
SCHRODINGER=/opt/schrodinger2021-2
SCHRODINGER_JOBID=Ragnar-0-663e810a
MMSHARE_EXEC=/opt/schrodinger2021-2/mmshare-v5.4/bin/Linux-x86_64

********************************************************************************

phase_find_common: Fri May 10 16:18:19 2024

Project archive = "/scr/pvalenzuela/O75116_Cluster_35_Ki_prep-out/O75116_Cluster_35_Ki_prep-out.phzip"
Options:
-JOB O75116_Cluster_35_Ki_prep-out_find_common
-ex
-fraction
-inactive 1.0
-keep 10
-logm 1.0
-miss 0.15000000000000002
-prefer 7
-redun 0.5
-select 1.0
-site 1.0
-sites 3:7
-subjob O75116_Cluster_35_Ki_prep-out_find_common_sub_8
-vect 1.0
-vol 1.0

Unzipping /scr/pvalenzuela/O75116_Cluster_35_Ki_prep-out/O75116_Cluster_35_Ki_prep-out.phzip to directory O75116_Cluster_35_Ki_prep-out_find_common_sub_8_project . . .

********************************************************************************

Aligning actives to 1 conformer of reference ligand mol_8 (1 of 3) . . .
20% complete
40% complete
60% complete
80% complete
100% complete

Searching for pharmacophores that match at least 37 active groups . . .
Searching for pharmacophores that match at least 36 active groups . . .
Searching for pharmacophores that match at least 35 active groups . . .
Searching for pharmacophores that match at least 34 active groups . . .
Searching for pharmacophores that match at least 33 active groups . . .
Searching for pharmacophores that match at least 32 active groups . . .
Searching for pharmacophores that match at least 31 active groups . . .
Recovering 3-point pharmacophores that matched 36 active groups . . .

Refining matches and alignments . . .
20% complete

Surviving common pharmacophore counts for reference ligand mol_8:
3-point: 1
4-point: 0
5-point: 0
6-point: 0
7-point: 0
  Total: 1

Running totals for all reference ligands assigned to this subjob:
3-point: 1
4-point: 0
5-point: 0
6-point: 0
7-point: 0
  Total: 1

********************************************************************************

Aligning actives to 1 conformer of reference ligand mol_20 (2 of 3) . . .
20% complete
40% complete
60% complete
80% complete
100% complete

Searching for pharmacophores that match at least 37 active groups . . .
Searching for pharmacophores that match at least 36 active groups . . .
Searching for pharmacophores that match at least 35 active groups . . .
Searching for pharmacophores that match at least 34 active groups . . .
Searching for pharmacophores that match at least 33 active groups . . .
Searching for pharmacophores that match at least 32 active groups . . .
Searching for pharmacophores that match at least 31 active groups . . .
Recovering 3-point pharmacophores that matched 36 active groups . . .

Refining matches and alignments . . .
20% complete

Surviving common pharmacophore counts for reference ligand mol_20:
3-point: 1
4-point: 0
5-point: 0
6-point: 0
7-point: 0
  Total: 1

Running totals for all reference ligands assigned to this subjob:
3-point: 2
4-point: 0
5-point: 0
6-point: 0
7-point: 0
  Total: 2

********************************************************************************

Aligning actives to 1 conformer of reference ligand mol_32 (3 of 3) . . .
20% complete
40% complete
60% complete
80% complete
100% complete

Searching for pharmacophores that match at least 37 active groups . . .
Searching for pharmacophores that match at least 36 active groups . . .
Searching for pharmacophores that match at least 35 active groups . . .
Searching for pharmacophores that match at least 34 active groups . . .
Searching for pharmacophores that match at least 33 active groups . . .
Searching for pharmacophores that match at least 32 active groups . . .
Searching for pharmacophores that match at least 31 active groups . . .
Recovering 3-point pharmacophores that matched 37 active groups . . .

Refining matches and alignments . . .
20% complete

Surviving common pharmacophore counts for reference ligand mol_32:
3-point: 1
4-point: 0
5-point: 0
6-point: 0
7-point: 0
  Total: 1

Running totals for all reference ligands assigned to this subjob:
3-point: 3
4-point: 0
5-point: 0
6-point: 0
7-point: 0
  Total: 3

********************************************************************************

All reference ligands assigned to this subjob have been processed.

Total number of active --> reference alignments performed = 108

Final surviving common pharmacophore counts:
3-point: 3
4-point: 0
5-point: 0
6-point: 0
7-point: 0
  Total: 3

Saving common pharmacophores to directory O75116_Cluster_35_Ki_prep-out_find_common_sub_8_hypotheses . . .
Zipping O75116_Cluster_35_Ki_prep-out_find_common_sub_8_hypotheses to O75116_Cluster_35_Ki_prep-out_find_common_sub_8_hypotheses.zip . . .
Removing directory O75116_Cluster_35_Ki_prep-out_find_common_sub_8_hypotheses
Removing directory O75116_Cluster_35_Ki_prep-out_find_common_sub_8_project

CPU time = 0.21 sec
Elapsed time = 0.00 sec

phase_find_common successfully completed

Driver script for phase_find_common subjob O75116_Cluster_35_Ki_prep-out_find_common_sub_8 finished
Current time: Fri May 10 16:18:19 2024
Elapsed time = 0:00:00.39
phase_find_common results for O75116_Cluster_35_Ki_prep-out_find_common_sub_8 are complete

*** End of O75116_Cluster_35_Ki_prep-out_find_common_sub_8.log ***

*** Contents of O75116_Cluster_35_Ki_prep-out_find_common_sub_9.log ***

Driver script for phase_find_common subjob O75116_Cluster_35_Ki_prep-out_find_common_sub_9
Current time: Fri May 10 16:18:20 2024
Host name: Ragnar
Number of CPUs requested = 1
SCHRODINGER=/opt/schrodinger2021-2
SCHRODINGER_JOBID=Ragnar-0-663e810b
MMSHARE_EXEC=/opt/schrodinger2021-2/mmshare-v5.4/bin/Linux-x86_64

Invoking phase_find_common binary to find and score common pharmacophores:
phase_find_common /scr/pvalenzuela/O75116_Cluster_35_Ki_prep-out/O75116_Cluster_35_Ki_prep-out.phzip -JOB O75116_Cluster_35_Ki_prep-out_find_common -sites 3:7 -ex -miss 0.15000000000000002 -fraction -prefer 7 -redun 0.5 -keep 10 -site 1.0 -vect 1.0 -vol 1.0 -select 1.0 -logm 1.0 -inactive 1.0 -subjob O75116_Cluster_35_Ki_prep-out_find_common_sub_9

********************************************************************************

Host name: Ragnar
SCHRODINGER=/opt/schrodinger2021-2
SCHRODINGER_JOBID=Ragnar-0-663e810b
MMSHARE_EXEC=/opt/schrodinger2021-2/mmshare-v5.4/bin/Linux-x86_64

********************************************************************************

phase_find_common: Fri May 10 16:18:20 2024

Project archive = "/scr/pvalenzuela/O75116_Cluster_35_Ki_prep-out/O75116_Cluster_35_Ki_prep-out.phzip"
Options:
-JOB O75116_Cluster_35_Ki_prep-out_find_common
-ex
-fraction
-inactive 1.0
-keep 10
-logm 1.0
-miss 0.15000000000000002
-prefer 7
-redun 0.5
-select 1.0
-site 1.0
-sites 3:7
-subjob O75116_Cluster_35_Ki_prep-out_find_common_sub_9
-vect 1.0
-vol 1.0

Unzipping /scr/pvalenzuela/O75116_Cluster_35_Ki_prep-out/O75116_Cluster_35_Ki_prep-out.phzip to directory O75116_Cluster_35_Ki_prep-out_find_common_sub_9_project . . .

********************************************************************************

Aligning actives to 1 conformer of reference ligand mol_9 (1 of 3) . . .
20% complete
40% complete
60% complete
80% complete
100% complete

Searching for pharmacophores that match at least 37 active groups . . .
Searching for pharmacophores that match at least 36 active groups . . .
Searching for pharmacophores that match at least 35 active groups . . .
Searching for pharmacophores that match at least 34 active groups . . .
Searching for pharmacophores that match at least 33 active groups . . .
Searching for pharmacophores that match at least 32 active groups . . .
Searching for pharmacophores that match at least 31 active groups . . .
Recovering 5-point pharmacophores that matched 34 active groups . . .

Refining matches and alignments . . .
10% complete
20% complete
30% complete
40% complete
50% complete
60% complete
70% complete
80% complete
90% complete
100% complete

Surviving common pharmacophore counts for reference ligand mol_9:
3-point: 10
4-point: 8
5-point: 2
6-point: 0
7-point: 0
  Total: 20

Running totals for all reference ligands assigned to this subjob:
3-point: 10
4-point: 8
5-point: 2
6-point: 0
7-point: 0
  Total: 20

********************************************************************************

Aligning actives to 1 conformer of reference ligand mol_21 (2 of 3) . . .
20% complete
40% complete
60% complete
80% complete
100% complete

Searching for pharmacophores that match at least 37 active groups . . .
Searching for pharmacophores that match at least 36 active groups . . .
Searching for pharmacophores that match at least 35 active groups . . .
Searching for pharmacophores that match at least 34 active groups . . .
Searching for pharmacophores that match at least 33 active groups . . .
Searching for pharmacophores that match at least 32 active groups . . .
Searching for pharmacophores that match at least 31 active groups . . .
Recovering 5-point pharmacophores that matched 33 active groups . . .

Refining matches and alignments . . .
10% complete
20% complete
30% complete
40% complete
50% complete
60% complete
70% complete
80% complete
90% complete
100% complete

Surviving common pharmacophore counts for reference ligand mol_21:
3-point: 10
4-point: 8
5-point: 2
6-point: 0
7-point: 0
  Total: 20

Running totals for all reference ligands assigned to this subjob:
3-point: 20
4-point: 16
5-point: 4
6-point: 0
7-point: 0
  Total: 40

********************************************************************************

Aligning actives to 1 conformer of reference ligand mol_33 (3 of 3) . . .
20% complete
40% complete
60% complete
80% complete
100% complete

Searching for pharmacophores that match at least 37 active groups . . .
Searching for pharmacophores that match at least 36 active groups . . .
Searching for pharmacophores that match at least 35 active groups . . .
Searching for pharmacophores that match at least 34 active groups . . .
Searching for pharmacophores that match at least 33 active groups . . .
Searching for pharmacophores that match at least 32 active groups . . .
Searching for pharmacophores that match at least 31 active groups . . .
Recovering 3-point pharmacophores that matched 37 active groups . . .

Refining matches and alignments . . .
20% complete

Surviving common pharmacophore counts for reference ligand mol_33:
3-point: 1
4-point: 0
5-point: 0
6-point: 0
7-point: 0
  Total: 1

Running totals for all reference ligands assigned to this subjob:
3-point: 21
4-point: 16
5-point: 4
6-point: 0
7-point: 0
  Total: 41

********************************************************************************

All reference ligands assigned to this subjob have been processed.

Total number of active --> reference alignments performed = 108

Final surviving common pharmacophore counts:
3-point: 21
4-point: 16
5-point: 4
6-point: 0
7-point: 0
  Total: 41

Saving common pharmacophores to directory O75116_Cluster_35_Ki_prep-out_find_common_sub_9_hypotheses . . .
Zipping O75116_Cluster_35_Ki_prep-out_find_common_sub_9_hypotheses to O75116_Cluster_35_Ki_prep-out_find_common_sub_9_hypotheses.zip . . .
Removing directory O75116_Cluster_35_Ki_prep-out_find_common_sub_9_hypotheses
Removing directory O75116_Cluster_35_Ki_prep-out_find_common_sub_9_project

CPU time = 0.97 sec
Elapsed time = 1.00 sec

phase_find_common successfully completed

Driver script for phase_find_common subjob O75116_Cluster_35_Ki_prep-out_find_common_sub_9 finished
Current time: Fri May 10 16:18:21 2024
Elapsed time = 0:00:01.16
phase_find_common results for O75116_Cluster_35_Ki_prep-out_find_common_sub_9 are complete

*** End of O75116_Cluster_35_Ki_prep-out_find_common_sub_9.log ***

*** Contents of O75116_Cluster_35_Ki_prep-out_find_common_sub_10.log ***

Driver script for phase_find_common subjob O75116_Cluster_35_Ki_prep-out_find_common_sub_10
Current time: Fri May 10 16:18:21 2024
Host name: Ragnar
Number of CPUs requested = 1
SCHRODINGER=/opt/schrodinger2021-2
SCHRODINGER_JOBID=Ragnar-0-663e810c
MMSHARE_EXEC=/opt/schrodinger2021-2/mmshare-v5.4/bin/Linux-x86_64

Invoking phase_find_common binary to find and score common pharmacophores:
phase_find_common /scr/pvalenzuela/O75116_Cluster_35_Ki_prep-out/O75116_Cluster_35_Ki_prep-out.phzip -JOB O75116_Cluster_35_Ki_prep-out_find_common -sites 3:7 -ex -miss 0.15000000000000002 -fraction -prefer 7 -redun 0.5 -keep 10 -site 1.0 -vect 1.0 -vol 1.0 -select 1.0 -logm 1.0 -inactive 1.0 -subjob O75116_Cluster_35_Ki_prep-out_find_common_sub_10

********************************************************************************

Host name: Ragnar
SCHRODINGER=/opt/schrodinger2021-2
SCHRODINGER_JOBID=Ragnar-0-663e810c
MMSHARE_EXEC=/opt/schrodinger2021-2/mmshare-v5.4/bin/Linux-x86_64

********************************************************************************

phase_find_common: Fri May 10 16:18:21 2024

Project archive = "/scr/pvalenzuela/O75116_Cluster_35_Ki_prep-out/O75116_Cluster_35_Ki_prep-out.phzip"
Options:
-JOB O75116_Cluster_35_Ki_prep-out_find_common
-ex
-fraction
-inactive 1.0
-keep 10
-logm 1.0
-miss 0.15000000000000002
-prefer 7
-redun 0.5
-select 1.0
-site 1.0
-sites 3:7
-subjob O75116_Cluster_35_Ki_prep-out_find_common_sub_10
-vect 1.0
-vol 1.0

Unzipping /scr/pvalenzuela/O75116_Cluster_35_Ki_prep-out/O75116_Cluster_35_Ki_prep-out.phzip to directory O75116_Cluster_35_Ki_prep-out_find_common_sub_10_project . . .

********************************************************************************

Aligning actives to 1 conformer of reference ligand mol_10 (1 of 3) . . .
20% complete
40% complete
60% complete
80% complete
100% complete

Searching for pharmacophores that match at least 37 active groups . . .
Searching for pharmacophores that match at least 36 active groups . . .
Searching for pharmacophores that match at least 35 active groups . . .
Searching for pharmacophores that match at least 34 active groups . . .
Searching for pharmacophores that match at least 33 active groups . . .
Searching for pharmacophores that match at least 32 active groups . . .
Searching for pharmacophores that match at least 31 active groups . . .
Recovering 5-point pharmacophores that matched 32 active groups . . .

Refining matches and alignments . . .
10% complete
20% complete
30% complete
40% complete
50% complete
60% complete
70% complete
80% complete
90% complete
100% complete

Surviving common pharmacophore counts for reference ligand mol_10:
3-point: 10
4-point: 8
5-point: 2
6-point: 0
7-point: 0
  Total: 20

Running totals for all reference ligands assigned to this subjob:
3-point: 10
4-point: 8
5-point: 2
6-point: 0
7-point: 0
  Total: 20

********************************************************************************

Aligning actives to 1 conformer of reference ligand mol_22 (2 of 3) . . .
20% complete
40% complete
60% complete
80% complete
100% complete

Searching for pharmacophores that match at least 37 active groups . . .
Searching for pharmacophores that match at least 36 active groups . . .
Searching for pharmacophores that match at least 35 active groups . . .
Searching for pharmacophores that match at least 34 active groups . . .
Searching for pharmacophores that match at least 33 active groups . . .
Searching for pharmacophores that match at least 32 active groups . . .
Searching for pharmacophores that match at least 31 active groups . . .
Recovering 5-point pharmacophores that matched 32 active groups . . .

Refining matches and alignments . . .
10% complete
20% complete
30% complete
40% complete
50% complete
60% complete
70% complete
80% complete
90% complete
100% complete

Surviving common pharmacophore counts for reference ligand mol_22:
3-point: 10
4-point: 8
5-point: 2
6-point: 0
7-point: 0
  Total: 20

Running totals for all reference ligands assigned to this subjob:
3-point: 20
4-point: 16
5-point: 4
6-point: 0
7-point: 0
  Total: 40

********************************************************************************

Aligning actives to 1 conformer of reference ligand mol_34 (3 of 3) . . .
20% complete
40% complete
60% complete
80% complete
100% complete

Searching for pharmacophores that match at least 37 active groups . . .
Searching for pharmacophores that match at least 36 active groups . . .
Searching for pharmacophores that match at least 35 active groups . . .
Searching for pharmacophores that match at least 34 active groups . . .
Searching for pharmacophores that match at least 33 active groups . . .
Searching for pharmacophores that match at least 32 active groups . . .
Searching for pharmacophores that match at least 31 active groups . . .
Recovering 5-point pharmacophores that matched 31 active groups . . .

Refining matches and alignments . . .
10% complete
20% complete
30% complete
40% complete
50% complete
60% complete
70% complete
80% complete
90% complete
100% complete

Surviving common pharmacophore counts for reference ligand mol_34:
3-point: 10
4-point: 8
5-point: 2
6-point: 0
7-point: 0
  Total: 20

Running totals for all reference ligands assigned to this subjob:
3-point: 30
4-point: 24
5-point: 6
6-point: 0
7-point: 0
  Total: 60

********************************************************************************

All reference ligands assigned to this subjob have been processed.

Total number of active --> reference alignments performed = 108

Final surviving common pharmacophore counts:
3-point: 30
4-point: 24
5-point: 6
6-point: 0
7-point: 0
  Total: 60

Saving common pharmacophores to directory O75116_Cluster_35_Ki_prep-out_find_common_sub_10_hypotheses . . .
Zipping O75116_Cluster_35_Ki_prep-out_find_common_sub_10_hypotheses to O75116_Cluster_35_Ki_prep-out_find_common_sub_10_hypotheses.zip . . .
Removing directory O75116_Cluster_35_Ki_prep-out_find_common_sub_10_hypotheses
Removing directory O75116_Cluster_35_Ki_prep-out_find_common_sub_10_project

CPU time = 1.37 sec
Elapsed time = 1.00 sec

phase_find_common successfully completed

Driver script for phase_find_common subjob O75116_Cluster_35_Ki_prep-out_find_common_sub_10 finished
Current time: Fri May 10 16:18:22 2024
Elapsed time = 0:00:01.56
phase_find_common results for O75116_Cluster_35_Ki_prep-out_find_common_sub_10 are complete

*** End of O75116_Cluster_35_Ki_prep-out_find_common_sub_10.log ***

*** Contents of O75116_Cluster_35_Ki_prep-out_find_common_sub_11.log ***

Driver script for phase_find_common subjob O75116_Cluster_35_Ki_prep-out_find_common_sub_11
Current time: Fri May 10 16:18:22 2024
Host name: Ragnar
Number of CPUs requested = 1
SCHRODINGER=/opt/schrodinger2021-2
SCHRODINGER_JOBID=Ragnar-0-663e810d
MMSHARE_EXEC=/opt/schrodinger2021-2/mmshare-v5.4/bin/Linux-x86_64

Invoking phase_find_common binary to find and score common pharmacophores:
phase_find_common /scr/pvalenzuela/O75116_Cluster_35_Ki_prep-out/O75116_Cluster_35_Ki_prep-out.phzip -JOB O75116_Cluster_35_Ki_prep-out_find_common -sites 3:7 -ex -miss 0.15000000000000002 -fraction -prefer 7 -redun 0.5 -keep 10 -site 1.0 -vect 1.0 -vol 1.0 -select 1.0 -logm 1.0 -inactive 1.0 -subjob O75116_Cluster_35_Ki_prep-out_find_common_sub_11

********************************************************************************

Host name: Ragnar
SCHRODINGER=/opt/schrodinger2021-2
SCHRODINGER_JOBID=Ragnar-0-663e810d
MMSHARE_EXEC=/opt/schrodinger2021-2/mmshare-v5.4/bin/Linux-x86_64

********************************************************************************

phase_find_common: Fri May 10 16:18:22 2024

Project archive = "/scr/pvalenzuela/O75116_Cluster_35_Ki_prep-out/O75116_Cluster_35_Ki_prep-out.phzip"
Options:
-JOB O75116_Cluster_35_Ki_prep-out_find_common
-ex
-fraction
-inactive 1.0
-keep 10
-logm 1.0
-miss 0.15000000000000002
-prefer 7
-redun 0.5
-select 1.0
-site 1.0
-sites 3:7
-subjob O75116_Cluster_35_Ki_prep-out_find_common_sub_11
-vect 1.0
-vol 1.0

Unzipping /scr/pvalenzuela/O75116_Cluster_35_Ki_prep-out/O75116_Cluster_35_Ki_prep-out.phzip to directory O75116_Cluster_35_Ki_prep-out_find_common_sub_11_project . . .

********************************************************************************

Aligning actives to 1 conformer of reference ligand mol_11 (1 of 3) . . .
20% complete
40% complete
60% complete
80% complete
100% complete

Searching for pharmacophores that match at least 37 active groups . . .
Searching for pharmacophores that match at least 36 active groups . . .
Searching for pharmacophores that match at least 35 active groups . . .
Searching for pharmacophores that match at least 34 active groups . . .
Searching for pharmacophores that match at least 33 active groups . . .
Searching for pharmacophores that match at least 32 active groups . . .
Searching for pharmacophores that match at least 31 active groups . . .
Recovering 4-point pharmacophores that matched 31 active groups . . .

Refining matches and alignments . . .
20% complete
40% complete
60% complete
80% complete
100% complete

Surviving common pharmacophore counts for reference ligand mol_11:
3-point: 5
4-point: 1
5-point: 0
6-point: 0
7-point: 0
  Total: 6

Running totals for all reference ligands assigned to this subjob:
3-point: 5
4-point: 1
5-point: 0
6-point: 0
7-point: 0
  Total: 6

********************************************************************************

Aligning actives to 1 conformer of reference ligand mol_23 (2 of 3) . . .
20% complete
40% complete
60% complete
80% complete
100% complete

Searching for pharmacophores that match at least 37 active groups . . .
Searching for pharmacophores that match at least 36 active groups . . .
Searching for pharmacophores that match at least 35 active groups . . .
Searching for pharmacophores that match at least 34 active groups . . .
Searching for pharmacophores that match at least 33 active groups . . .
Searching for pharmacophores that match at least 32 active groups . . .
Searching for pharmacophores that match at least 31 active groups . . .
Recovering 5-point pharmacophores that matched 36 active groups . . .

Refining matches and alignments . . .
10% complete
20% complete
30% complete
40% complete
50% complete
60% complete
70% complete
80% complete
90% complete
100% complete

Surviving common pharmacophore counts for reference ligand mol_23:
3-point: 10
4-point: 8
5-point: 2
6-point: 0
7-point: 0
  Total: 20

Running totals for all reference ligands assigned to this subjob:
3-point: 15
4-point: 9
5-point: 2
6-point: 0
7-point: 0
  Total: 26

********************************************************************************

Aligning actives to 1 conformer of reference ligand mol_35 (3 of 3) . . .
20% complete
40% complete
60% complete
80% complete
100% complete

Searching for pharmacophores that match at least 37 active groups . . .
Searching for pharmacophores that match at least 36 active groups . . .
Searching for pharmacophores that match at least 35 active groups . . .
Searching for pharmacophores that match at least 34 active groups . . .
Searching for pharmacophores that match at least 33 active groups . . .
Searching for pharmacophores that match at least 32 active groups . . .
Searching for pharmacophores that match at least 31 active groups . . .
Recovering 5-point pharmacophores that matched 37 active groups . . .

Refining matches and alignments . . .
10% complete
20% complete
30% complete
40% complete
50% complete
60% complete
70% complete
80% complete
90% complete
100% complete

Surviving common pharmacophore counts for reference ligand mol_35:
3-point: 10
4-point: 8
5-point: 2
6-point: 0
7-point: 0
  Total: 20

Running totals for all reference ligands assigned to this subjob:
3-point: 25
4-point: 17
5-point: 4
6-point: 0
7-point: 0
  Total: 46

********************************************************************************

All reference ligands assigned to this subjob have been processed.

Total number of active --> reference alignments performed = 108

Final surviving common pharmacophore counts:
3-point: 25
4-point: 17
5-point: 4
6-point: 0
7-point: 0
  Total: 46

Saving common pharmacophores to directory O75116_Cluster_35_Ki_prep-out_find_common_sub_11_hypotheses . . .
Zipping O75116_Cluster_35_Ki_prep-out_find_common_sub_11_hypotheses to O75116_Cluster_35_Ki_prep-out_find_common_sub_11_hypotheses.zip . . .
Removing directory O75116_Cluster_35_Ki_prep-out_find_common_sub_11_hypotheses
Removing directory O75116_Cluster_35_Ki_prep-out_find_common_sub_11_project

CPU time = 1.09 sec
Elapsed time = 1.00 sec

phase_find_common successfully completed

Driver script for phase_find_common subjob O75116_Cluster_35_Ki_prep-out_find_common_sub_11 finished
Current time: Fri May 10 16:18:23 2024
Elapsed time = 0:00:01.28
phase_find_common results for O75116_Cluster_35_Ki_prep-out_find_common_sub_11 are complete

*** End of O75116_Cluster_35_Ki_prep-out_find_common_sub_11.log ***

*** Contents of O75116_Cluster_35_Ki_prep-out_find_common_sub_12.log ***

Driver script for phase_find_common subjob O75116_Cluster_35_Ki_prep-out_find_common_sub_12
Current time: Fri May 10 16:18:23 2024
Host name: Ragnar
Number of CPUs requested = 1
SCHRODINGER=/opt/schrodinger2021-2
SCHRODINGER_JOBID=Ragnar-0-663e810e
MMSHARE_EXEC=/opt/schrodinger2021-2/mmshare-v5.4/bin/Linux-x86_64

Invoking phase_find_common binary to find and score common pharmacophores:
phase_find_common /scr/pvalenzuela/O75116_Cluster_35_Ki_prep-out/O75116_Cluster_35_Ki_prep-out.phzip -JOB O75116_Cluster_35_Ki_prep-out_find_common -sites 3:7 -ex -miss 0.15000000000000002 -fraction -prefer 7 -redun 0.5 -keep 10 -site 1.0 -vect 1.0 -vol 1.0 -select 1.0 -logm 1.0 -inactive 1.0 -subjob O75116_Cluster_35_Ki_prep-out_find_common_sub_12

********************************************************************************

Host name: Ragnar
SCHRODINGER=/opt/schrodinger2021-2
SCHRODINGER_JOBID=Ragnar-0-663e810e
MMSHARE_EXEC=/opt/schrodinger2021-2/mmshare-v5.4/bin/Linux-x86_64

********************************************************************************

phase_find_common: Fri May 10 16:18:23 2024

Project archive = "/scr/pvalenzuela/O75116_Cluster_35_Ki_prep-out/O75116_Cluster_35_Ki_prep-out.phzip"
Options:
-JOB O75116_Cluster_35_Ki_prep-out_find_common
-ex
-fraction
-inactive 1.0
-keep 10
-logm 1.0
-miss 0.15000000000000002
-prefer 7
-redun 0.5
-select 1.0
-site 1.0
-sites 3:7
-subjob O75116_Cluster_35_Ki_prep-out_find_common_sub_12
-vect 1.0
-vol 1.0

Unzipping /scr/pvalenzuela/O75116_Cluster_35_Ki_prep-out/O75116_Cluster_35_Ki_prep-out.phzip to directory O75116_Cluster_35_Ki_prep-out_find_common_sub_12_project . . .

********************************************************************************

Aligning actives to 1 conformer of reference ligand mol_12 (1 of 3) . . .
20% complete
40% complete
60% complete
80% complete
100% complete

Searching for pharmacophores that match at least 37 active groups . . .
Searching for pharmacophores that match at least 36 active groups . . .
Searching for pharmacophores that match at least 35 active groups . . .
Searching for pharmacophores that match at least 34 active groups . . .
Searching for pharmacophores that match at least 33 active groups . . .
Searching for pharmacophores that match at least 32 active groups . . .
Searching for pharmacophores that match at least 31 active groups . . .
Recovering 5-point pharmacophores that matched 37 active groups . . .

Refining matches and alignments . . .
10% complete
20% complete
30% complete
40% complete
50% complete
60% complete
70% complete
80% complete
90% complete
100% complete

Surviving common pharmacophore counts for reference ligand mol_12:
3-point: 10
4-point: 8
5-point: 2
6-point: 0
7-point: 0
  Total: 20

Running totals for all reference ligands assigned to this subjob:
3-point: 10
4-point: 8
5-point: 2
6-point: 0
7-point: 0
  Total: 20

********************************************************************************

Aligning actives to 1 conformer of reference ligand mol_24 (2 of 3) . . .
20% complete
40% complete
60% complete
80% complete
100% complete

Searching for pharmacophores that match at least 37 active groups . . .
Searching for pharmacophores that match at least 36 active groups . . .
Searching for pharmacophores that match at least 35 active groups . . .
Searching for pharmacophores that match at least 34 active groups . . .
Searching for pharmacophores that match at least 33 active groups . . .
Searching for pharmacophores that match at least 32 active groups . . .
Searching for pharmacophores that match at least 31 active groups . . .
Recovering 4-point pharmacophores that matched 31 active groups . . .

Refining matches and alignments . . .
20% complete
40% complete
60% complete
80% complete
100% complete

Surviving common pharmacophore counts for reference ligand mol_24:
3-point: 5
4-point: 1
5-point: 0
6-point: 0
7-point: 0
  Total: 6

Running totals for all reference ligands assigned to this subjob:
3-point: 15
4-point: 9
5-point: 2
6-point: 0
7-point: 0
  Total: 26

********************************************************************************

Aligning actives to 1 conformer of reference ligand mol_36 (3 of 3) . . .
20% complete
40% complete
60% complete
80% complete
100% complete

Searching for pharmacophores that match at least 37 active groups . . .
Searching for pharmacophores that match at least 36 active groups . . .
Searching for pharmacophores that match at least 35 active groups . . .
Searching for pharmacophores that match at least 34 active groups . . .
Searching for pharmacophores that match at least 33 active groups . . .
Searching for pharmacophores that match at least 32 active groups . . .
Searching for pharmacophores that match at least 31 active groups . . .
Recovering 5-point pharmacophores that matched 37 active groups . . .

Refining matches and alignments . . .
10% complete
20% complete
30% complete
40% complete
50% complete
60% complete
70% complete
80% complete
90% complete
100% complete

Surviving common pharmacophore counts for reference ligand mol_36:
3-point: 10
4-point: 8
5-point: 2
6-point: 0
7-point: 0
  Total: 20

Running totals for all reference ligands assigned to this subjob:
3-point: 25
4-point: 17
5-point: 4
6-point: 0
7-point: 0
  Total: 46

********************************************************************************

All reference ligands assigned to this subjob have been processed.

Total number of active --> reference alignments performed = 108

Final surviving common pharmacophore counts:
3-point: 25
4-point: 17
5-point: 4
6-point: 0
7-point: 0
  Total: 46

Saving common pharmacophores to directory O75116_Cluster_35_Ki_prep-out_find_common_sub_12_hypotheses . . .
Zipping O75116_Cluster_35_Ki_prep-out_find_common_sub_12_hypotheses to O75116_Cluster_35_Ki_prep-out_find_common_sub_12_hypotheses.zip . . .
Removing directory O75116_Cluster_35_Ki_prep-out_find_common_sub_12_hypotheses
Removing directory O75116_Cluster_35_Ki_prep-out_find_common_sub_12_project

CPU time = 1.06 sec
Elapsed time = 1.00 sec

phase_find_common successfully completed

Driver script for phase_find_common subjob O75116_Cluster_35_Ki_prep-out_find_common_sub_12 finished
Current time: Fri May 10 16:18:24 2024
Elapsed time = 0:00:01.25
phase_find_common results for O75116_Cluster_35_Ki_prep-out_find_common_sub_12 are complete

*** End of O75116_Cluster_35_Ki_prep-out_find_common_sub_12.log ***

Unzipping /scr/pvalenzuela/O75116_Cluster_35_Ki_prep-out/O75116_Cluster_35_Ki_prep-out.phzip to directory O75116_Cluster_35_Ki_prep-out_find_common_cleanup . . .

Processing O75116_Cluster_35_Ki_prep-out_find_common_sub_1 results . . .
Unzipping O75116_Cluster_35_Ki_prep-out_find_common_sub_1_hypotheses.zip . . .
Importing pharmacophores from O75116_Cluster_35_Ki_prep-out_find_common_sub_1_hypotheses/template_0.pharm . . .
Importing pharmacophores from O75116_Cluster_35_Ki_prep-out_find_common_sub_1_hypotheses/template_12.pharm . . .
Importing pharmacophores from O75116_Cluster_35_Ki_prep-out_find_common_sub_1_hypotheses/template_24.pharm . . .
Importing pharmacophores from O75116_Cluster_35_Ki_prep-out_find_common_sub_1_hypotheses/template_36.pharm . . .
Removing directory O75116_Cluster_35_Ki_prep-out_find_common_sub_1_hypotheses

Processing O75116_Cluster_35_Ki_prep-out_find_common_sub_2 results . . .
Unzipping O75116_Cluster_35_Ki_prep-out_find_common_sub_2_hypotheses.zip . . .
Importing pharmacophores from O75116_Cluster_35_Ki_prep-out_find_common_sub_2_hypotheses/template_1.pharm . . .
Importing pharmacophores from O75116_Cluster_35_Ki_prep-out_find_common_sub_2_hypotheses/template_13.pharm . . .
Importing pharmacophores from O75116_Cluster_35_Ki_prep-out_find_common_sub_2_hypotheses/template_25.pharm . . .
Removing directory O75116_Cluster_35_Ki_prep-out_find_common_sub_2_hypotheses

Processing O75116_Cluster_35_Ki_prep-out_find_common_sub_3 results . . .
Unzipping O75116_Cluster_35_Ki_prep-out_find_common_sub_3_hypotheses.zip . . .
Importing pharmacophores from O75116_Cluster_35_Ki_prep-out_find_common_sub_3_hypotheses/template_2.pharm . . .
Importing pharmacophores from O75116_Cluster_35_Ki_prep-out_find_common_sub_3_hypotheses/template_14.pharm . . .
Importing pharmacophores from O75116_Cluster_35_Ki_prep-out_find_common_sub_3_hypotheses/template_26.pharm . . .
Removing directory O75116_Cluster_35_Ki_prep-out_find_common_sub_3_hypotheses

Processing O75116_Cluster_35_Ki_prep-out_find_common_sub_4 results . . .
Unzipping O75116_Cluster_35_Ki_prep-out_find_common_sub_4_hypotheses.zip . . .
Importing pharmacophores from O75116_Cluster_35_Ki_prep-out_find_common_sub_4_hypotheses/template_3.pharm . . .
Importing pharmacophores from O75116_Cluster_35_Ki_prep-out_find_common_sub_4_hypotheses/template_15.pharm . . .
Importing pharmacophores from O75116_Cluster_35_Ki_prep-out_find_common_sub_4_hypotheses/template_27.pharm . . .
Removing directory O75116_Cluster_35_Ki_prep-out_find_common_sub_4_hypotheses

Processing O75116_Cluster_35_Ki_prep-out_find_common_sub_5 results . . .
Unzipping O75116_Cluster_35_Ki_prep-out_find_common_sub_5_hypotheses.zip . . .
Importing pharmacophores from O75116_Cluster_35_Ki_prep-out_find_common_sub_5_hypotheses/template_4.pharm . . .
Importing pharmacophores from O75116_Cluster_35_Ki_prep-out_find_common_sub_5_hypotheses/template_16.pharm . . .
Importing pharmacophores from O75116_Cluster_35_Ki_prep-out_find_common_sub_5_hypotheses/template_28.pharm . . .
Removing directory O75116_Cluster_35_Ki_prep-out_find_common_sub_5_hypotheses

Processing O75116_Cluster_35_Ki_prep-out_find_common_sub_6 results . . .
Unzipping O75116_Cluster_35_Ki_prep-out_find_common_sub_6_hypotheses.zip . . .
Importing pharmacophores from O75116_Cluster_35_Ki_prep-out_find_common_sub_6_hypotheses/template_5.pharm . . .
Importing pharmacophores from O75116_Cluster_35_Ki_prep-out_find_common_sub_6_hypotheses/template_17.pharm . . .
Importing pharmacophores from O75116_Cluster_35_Ki_prep-out_find_common_sub_6_hypotheses/template_29.pharm . . .
Removing directory O75116_Cluster_35_Ki_prep-out_find_common_sub_6_hypotheses

Processing O75116_Cluster_35_Ki_prep-out_find_common_sub_7 results . . .
Unzipping O75116_Cluster_35_Ki_prep-out_find_common_sub_7_hypotheses.zip . . .
Importing pharmacophores from O75116_Cluster_35_Ki_prep-out_find_common_sub_7_hypotheses/template_6.pharm . . .
Importing pharmacophores from O75116_Cluster_35_Ki_prep-out_find_common_sub_7_hypotheses/template_18.pharm . . .
Importing pharmacophores from O75116_Cluster_35_Ki_prep-out_find_common_sub_7_hypotheses/template_30.pharm . . .
Removing directory O75116_Cluster_35_Ki_prep-out_find_common_sub_7_hypotheses

Processing O75116_Cluster_35_Ki_prep-out_find_common_sub_8 results . . .
Unzipping O75116_Cluster_35_Ki_prep-out_find_common_sub_8_hypotheses.zip . . .
Importing pharmacophores from O75116_Cluster_35_Ki_prep-out_find_common_sub_8_hypotheses/template_7.pharm . . .
Importing pharmacophores from O75116_Cluster_35_Ki_prep-out_find_common_sub_8_hypotheses/template_19.pharm . . .
Importing pharmacophores from O75116_Cluster_35_Ki_prep-out_find_common_sub_8_hypotheses/template_31.pharm . . .
Removing directory O75116_Cluster_35_Ki_prep-out_find_common_sub_8_hypotheses

Processing O75116_Cluster_35_Ki_prep-out_find_common_sub_9 results . . .
Unzipping O75116_Cluster_35_Ki_prep-out_find_common_sub_9_hypotheses.zip . . .
Importing pharmacophores from O75116_Cluster_35_Ki_prep-out_find_common_sub_9_hypotheses/template_8.pharm . . .
Importing pharmacophores from O75116_Cluster_35_Ki_prep-out_find_common_sub_9_hypotheses/template_20.pharm . . .
Importing pharmacophores from O75116_Cluster_35_Ki_prep-out_find_common_sub_9_hypotheses/template_32.pharm . . .
Removing directory O75116_Cluster_35_Ki_prep-out_find_common_sub_9_hypotheses

Processing O75116_Cluster_35_Ki_prep-out_find_common_sub_10 results . . .
Unzipping O75116_Cluster_35_Ki_prep-out_find_common_sub_10_hypotheses.zip . . .
Importing pharmacophores from O75116_Cluster_35_Ki_prep-out_find_common_sub_10_hypotheses/template_9.pharm . . .
Importing pharmacophores from O75116_Cluster_35_Ki_prep-out_find_common_sub_10_hypotheses/template_21.pharm . . .
Importing pharmacophores from O75116_Cluster_35_Ki_prep-out_find_common_sub_10_hypotheses/template_33.pharm . . .
Removing directory O75116_Cluster_35_Ki_prep-out_find_common_sub_10_hypotheses

Processing O75116_Cluster_35_Ki_prep-out_find_common_sub_11 results . . .
Unzipping O75116_Cluster_35_Ki_prep-out_find_common_sub_11_hypotheses.zip . . .
Importing pharmacophores from O75116_Cluster_35_Ki_prep-out_find_common_sub_11_hypotheses/template_10.pharm . . .
Importing pharmacophores from O75116_Cluster_35_Ki_prep-out_find_common_sub_11_hypotheses/template_22.pharm . . .
Importing pharmacophores from O75116_Cluster_35_Ki_prep-out_find_common_sub_11_hypotheses/template_34.pharm . . .
Removing directory O75116_Cluster_35_Ki_prep-out_find_common_sub_11_hypotheses

Processing O75116_Cluster_35_Ki_prep-out_find_common_sub_12 results . . .
Unzipping O75116_Cluster_35_Ki_prep-out_find_common_sub_12_hypotheses.zip . . .
Importing pharmacophores from O75116_Cluster_35_Ki_prep-out_find_common_sub_12_hypotheses/template_11.pharm . . .
Importing pharmacophores from O75116_Cluster_35_Ki_prep-out_find_common_sub_12_hypotheses/template_23.pharm . . .
Importing pharmacophores from O75116_Cluster_35_Ki_prep-out_find_common_sub_12_hypotheses/template_35.pharm . . .
Removing directory O75116_Cluster_35_Ki_prep-out_find_common_sub_12_hypotheses

Merging pharmacophores from all subjobs . . .

Final surviving common pharmacophore counts:
3-point: 10
4-point: 10
5-point: 2
6-point: 0
7-point: 0
  Total: 22

Preparing short virtual screens to compute PhaseHypoScore for 22 surviving common pharmacophore hypotheses . . .

Creating O75116_Cluster_35_Ki_prep-out_find_common_actives/actives.phprj with default conformers . . .
/opt/schrodinger2021-2/internal/bin/phase_database
/opt/schrodinger2021-2/internal/bin/phase_database

Unzipping decoys archive /opt/schrodinger2021-2/internal/data/phase/pharma_decoys.phzip to directory O75116_Cluster_35_Ki_prep-out_find_common_decoys . . .
Writing hypotheses to O75116_Cluster_35_Ki_prep-out_find_common_bedroc_hypotheses . . .
Zipping hypotheses to "/scr/pvalenzuela/O75116_Cluster_35_Ki_prep-out/O75116_Cluster_35_Ki_prep-out_find_common_bedroc_hypotheses.zip" . . . 

Running short virtual screens for PhaseHypoScore:
"/opt/schrodinger2021-2/phase_screen" "O75116_Cluster_35_Ki_prep-out_find_common_bedroc_proj.list" "/scr/pvalenzuela/O75116_Cluster_35_Ki_prep-out/O75116_Cluster_35_Ki_prep-out_find_common_bedroc_hypotheses.zip" O75116_Cluster_35_Ki_prep-out_find_common_bedroc_screens -d 2.0 -aw 1 -vw 1 -volw 1 -nosort -HOST "localhost:12" -WAIT . . .
JobId: Ragnar-0-663e811a

Short virtual screens for PhaseHypoScore completed. Processing hits . . .

Computing BEDROC for PhaseHypoScore . . .

Removing directory O75116_Cluster_35_Ki_prep-out_find_common_actives
Removing directory O75116_Cluster_35_Ki_prep-out_find_common_decoys

Elapsed time to perform active/decoy screens = 141.00 sec

Compiling final results and writing to directory O75116_Cluster_35_Ki_prep-out_find_common_find_common . . .
20% complete
40% complete
60% complete
80% complete
100% complete

Zipping O75116_Cluster_35_Ki_prep-out_find_common_find_common to O75116_Cluster_35_Ki_prep-out_find_common_find_common.zip . . .
Removing directory O75116_Cluster_35_Ki_prep-out_find_common_find_common
Removing directory O75116_Cluster_35_Ki_prep-out_find_common_cleanup

CPU time = 12.53 sec
Elapsed time = 143.00 sec

phase_find_common successfully completed

Driver script for phase_find_common job O75116_Cluster_35_Ki_prep-out_find_common finished
Current time: Fri May 10 16:20:48 2024
Elapsed time = 0:02:36.91
phase_find_common results for O75116_Cluster_35_Ki_prep-out_find_common are complete
