--------------------------------------------------------------------------------
JobId          : Ragnar-0-663e8268
Name           : O75116_Cluster_52_IC50_prep-out
Program        : 
Host           : Ragnar
Dir            : /home/pvalenzuela/Desktop/test/aa/O75116/01_cluster_prep_O75116
HostEntry      : localhost
JobHost        : Ragnar
JobDir         : /scr/pvalenzuela/O75116_Cluster_52_IC50_prep-out
JobSchrodinger : /opt/schrodinger2021-2
Commandline    : /opt/schrodinger2021-2/utilities/phase_hypothesis O75116_Cluster_52_IC50_prep-out.inp -HOST localhost:12
StartTime      : 2024-05-10-16:24:08
--------------------------------------------------------------------------------

Input Settings for phase_hypothesis:
--------------------------------------
APPEND_EXCLUDED_VOLUMES = False
FEATURE_DEFINITION_FILE = O75116_Cluster_52_IC50_prep-out.def
FEATURE_FREQUENCY_A = [0, 3]
FEATURE_FREQUENCY_D = [0, 3]
FEATURE_FREQUENCY_H = [0, 3]
FEATURE_FREQUENCY_N = [0, 3]
FEATURE_FREQUENCY_P = [0, 3]
FEATURE_FREQUENCY_R = [0, 3]
FEATURE_FREQUENCY_X = [0, 3]
FEATURE_FREQUENCY_Y = [0, 3]
FEATURE_FREQUENCY_Z = [0, 3]
FEATURE_TOLERANCE_A = 2.0
FEATURE_TOLERANCE_D = 2.0
FEATURE_TOLERANCE_H = 2.0
FEATURE_TOLERANCE_N = 2.0
FEATURE_TOLERANCE_P = 2.0
FEATURE_TOLERANCE_R = 2.0
FEATURE_TOLERANCE_X = 2.0
FEATURE_TOLERANCE_Y = 2.0
FEATURE_TOLERANCE_Z = 2.0
GENERATE_CONFORMERS = False
HYPOTHESES_KEPT_PER_FEATURE_SIZE = 10
HYPOTHESIS_DIFFERENCE_CRITERIA = 0.5
INPUT_STRUCTURE_FILE = O75116_Cluster_52_IC50_prep-out.maegz
LIGAND_PERCEPTION = stereo
NUMBER_FEATURES_PER_HYPOTHESIS = [3, 7]
PREFERRED_MIN_SITES = 7
REQUIRED_MATCH_FRACTION = 0.85
SCORE_WEIGHT_BEDROC = 1.0
SCORE_WEIGHT_INACTIVE = 1.0
SCORE_WEIGHT_LOG_MATCH = 1.0
SCORE_WEIGHT_SELECTIVITY = 1.0
SCORE_WEIGHT_SITE = 1.0
SCORE_WEIGHT_SURVIVAL = 0.06
SCORE_WEIGHT_VECTOR = 1.0
SCORE_WEIGHT_VOLUME = 1.0
USE_FAST_SCORING = False
USE_LIGAND_GROUPING = True
USE_PREALIGNED_LIGANDS = False
USE_STEREO = True
USE_TITLES = False
--------------------------------------

Starting up common pharmacophore workflow...
Jobname: O75116_Cluster_52_IC50_prep-out


Creating Phase project: O75116_Cluster_52_IC50_prep-out.phprj
Importing structure(s) into Phase project...
Creating new Phase project...
/opt/schrodinger2021-2/internal/bin/phase_database
Total ligands = 69
Assigning active/inactive labels...
Total actives = 69
Total inactives = 0
Applying ligand groupings...
Phase project ligand summary:
 ID  | TITLE        | CONFORMERS | PHARM_SET | GROUP | MUST MATCH
 1   | 87405928     | 1          | active    | 1     | 0
 2   | 53492329     | 1          | active    | 2     | 0
 3   | 53492330     | 1          | active    | 3     | 0
 4   | 87406786     | 1          | active    | 4     | 0
 5   | 87405190     | 1          | active    | 5     | 0
 6   | 87405291     | 1          | active    | 6     | 0
 7   | 87407566     | 1          | active    | 7     | 0
 8   | 87405965     | 1          | active    | 8     | 0
 9   | 87405953     | 1          | active    | 9     | 0
 10  | 89424114     | 1          | active    | 10    | 0
 11  | 87408525     | 1          | active    | 11    | 0
 12  | 87408321     | 1          | active    | 12    | 0
 13  | 87405826     | 1          | active    | 13    | 0
 14  | 87405222     | 1          | active    | 14    | 0
 15  | 87405796     | 1          | active    | 15    | 0
 16  | 88898863     | 1          | active    | 16    | 0
 17  | 87406334     | 1          | active    | 17    | 0
 18  | 87405236     | 1          | active    | 18    | 0
 19  | 87405780     | 1          | active    | 19    | 0
 20  | 87405158     | 1          | active    | 20    | 0
 21  | 87405750     | 1          | active    | 21    | 0
 22  | 87406443     | 1          | active    | 22    | 0
 23  | 87405534     | 1          | active    | 23    | 0
 24  | 87405083     | 1          | active    | 24    | 0
 25  | 87405776     | 1          | active    | 25    | 0
 26  | 67450910     | 1          | active    | 26    | 0
 27  | 87405962     | 1          | active    | 27    | 0
 28  | 87406409     | 1          | active    | 28    | 0
 29  | 87406410     | 1          | active    | 29    | 0
 30  | 87406530     | 1          | active    | 30    | 0
 31  | 87406347     | 1          | active    | 31    | 0
 32  | 87406371     | 1          | active    | 32    | 0
 33  | 56603818     | 1          | active    | 33    | 0
 34  | 89421099     | 1          | active    | 34    | 0
 35  | 89421561     | 1          | active    | 35    | 0
 36  | 87405559     | 1          | active    | 36    | 0
 37  | 87405226     | 1          | active    | 37    | 0
 38  | 87405909     | 1          | active    | 38    | 0
 39  | 87406393     | 1          | active    | 39    | 0
 40  | 87406217     | 1          | active    | 40    | 0
 41  | 89421243     | 1          | active    | 41    | 0
 42  | 89421265     | 1          | active    | 42    | 0
 43  | 89421450     | 1          | active    | 43    | 0
 44  | 88898804     | 1          | active    | 44    | 0
 45  | 87405570     | 1          | active    | 45    | 0
 46  | 87405115     | 1          | active    | 46    | 0
 47  | ?482056      | 1          | active    | 47    | 0
 48  | 87406425     | 1          | active    | 48    | 0
 49  | 87406413     | 1          | active    | 49    | 0
 50  | 87408604     | 1          | active    | 50    | 0
 51  | 87405235     | 1          | active    | 51    | 0
 52  | 87410067     | 1          | active    | 52    | 0
 53  | 87408412     | 1          | active    | 53    | 0
 54  | 87406428     | 1          | active    | 54    | 0
 55  | 87405878     | 1          | active    | 55    | 0
 56  | 87406504     | 1          | active    | 56    | 0
 57  | 87405986     | 1          | active    | 57    | 0
 58  | 87405894     | 1          | active    | 58    | 0
 59  | 87405072     | 1          | active    | 59    | 0
 60  | 87405207     | 1          | active    | 60    | 0
 61  | 87406309     | 1          | active    | 61    | 0
 62  | 87406734     | 1          | active    | 62    | 0
 63  | 87406479     | 1          | active    | 63    | 0
 64  | 87406406     | 1          | active    | 64    | 0
 65  | 87405803     | 1          | active    | 65    | 0
 66  | 87406442     | 1          | active    | 66    | 0
 67  | 89421294     | 1          | active    | 67    | 0
 68  | 87408379     | 1          | active    | 68    | 0
 69  | 87407564     | 1          | active    | 69    | 0

Loading feature property files...
Adding pharmacophore sites...
/opt/schrodinger2021-2/internal/bin/phase_database
Phase project successfully created.

Launching find common pharmacophore hypothesis job...

Running subjobs on hosts:
  localhost (Max: 12)
Number of jobs:       1
Max retries per job:  0
Max allowed failures: 0
Verbosity:            verbose

Starting JobDJ...

Keep one job on driver host: False
JobDJ columns:
  C: Number of completed subjobs
  A: Number of active subjobs (e.g., submitted, running)
  W: Number of waiting/pending subjobs

C A W | Activity  JobId  JobName  JobHost
- - - | --------- -----------------------
0 1 0 | launched  Ragnar-0-663e826e O75116_Cluster_52_IC50_prep-out_find_common localhost [Ragnar]
1 0 0 | finished  Ragnar-0-663e826e O75116_Cluster_52_IC50_prep-out_find_common localhost [Ragnar]

All jobs have completed.

1 of 1 job(s) succeeded; 0 job(s) failed.


phase_find_common job completed.
14 hypotheses created.
Common pharmacophore hypothesis job completed.

Current time: Fri May 10 16:26:55 2024
Elapsed time: 0:02:46.941667

Develop common pharmacophore workflow successful.
