--------------------------------------------------------------------------------
JobId          : Ragnar-0-663e7cda
Name           : O75116_Cluster_178_Ki_prep-out_find_common_bedroc_screens
Program        : phase_screen
Host           : Ragnar
Dir            : /scr/pvalenzuela/O75116_Cluster_178_Ki_prep-out
HostEntry      : localhost
JobHost        : Ragnar
JobDir         : /scr/pvalenzuela/O75116_Cluster_178_Ki_prep-out_find_common_bedroc_screens
JobSchrodinger : /opt/schrodinger2021-2
Commandline    : /opt/schrodinger2021-2/phase_screen O75116_Cluster_178_Ki_prep-out_find_common_bedroc_proj.list /scr/pvalenzuela/O75116_Cluster_178_Ki_prep-out/O75116_Cluster_178_Ki_prep-out_find_common_bedroc_hypotheses.zip O75116_Cluster_178_Ki_prep-out_find_common_bedroc_screens -d 2.0 -aw 1 -vw 1 -volw 1 -nosort -HOST localhost:4 -WAIT
StartTime      : 2024-05-10-16:00:26
--------------------------------------------------------------------------------

phase_screen: Fri May 10 16:00:29 2024

Screening structures in:
/scr/pvalenzuela/O75116_Cluster_178_Ki_prep-out/O75116_Cluster_178_Ki_prep-out_find_common_actives/actives.phzip
/scr/pvalenzuela/O75116_Cluster_178_Ki_prep-out/O75116_Cluster_178_Ki_prep-out_find_common_decoys/pharma_decoys.phzip
Hypotheses:
hypo_4 (feature types = AAR)
hypo_1 (feature types = RRR)
hypo_2 (feature types = ARR)
hypo_3 (feature types = ARR)
Job name: O75116_Cluster_178_Ki_prep-out_find_common_bedroc_screens
Options:
-d 2.0
-nosort
-aw 1.0
-vw 1.0
-volw 1.0

Running subjobs on hosts:
  localhost (Max: 4)
Number of jobs:       4
Max retries per job:  3
Max allowed failures: 0
Verbosity:            normal

Starting JobDJ...

Keep one job on driver host: False
JobDJ columns:
  C: Number of completed subjobs
  A: Number of active subjobs (e.g., submitted, running)
  W: Number of waiting/pending subjobs

C A W | Activity  JobId  JobName  JobHost
- - - | --------- -----------------------
0 1 3 | launched  Ragnar-0-663e7ce0 O75116_Cluster_178_Ki_prep-out_find_common_bedroc_screens_sub_1 localhost [Ragnar]
0 2 2 | launched  Ragnar-0-663e7ce5 O75116_Cluster_178_Ki_prep-out_find_common_bedroc_screens_sub_2 localhost [Ragnar]
0 3 1 | launched  Ragnar-0-663e7ce9 O75116_Cluster_178_Ki_prep-out_find_common_bedroc_screens_sub_3 localhost [Ragnar]
0 4 0 | launched  Ragnar-0-663e7ced O75116_Cluster_178_Ki_prep-out_find_common_bedroc_screens_sub_4 localhost [Ragnar]
1 3 0 | finished  Ragnar-0-663e7ce5 O75116_Cluster_178_Ki_prep-out_find_common_bedroc_screens_sub_2 localhost [Ragnar]
2 2 0 | finished  Ragnar-0-663e7ce0 O75116_Cluster_178_Ki_prep-out_find_common_bedroc_screens_sub_1 localhost [Ragnar]
3 1 0 | finished  Ragnar-0-663e7ced O75116_Cluster_178_Ki_prep-out_find_common_bedroc_screens_sub_4 localhost [Ragnar]
4 0 0 | finished  Ragnar-0-663e7ce9 O75116_Cluster_178_Ki_prep-out_find_common_bedroc_screens_sub_3 localhost [Ragnar]

All jobs have completed.

4 of 4 job(s) succeeded; 0 job(s) failed.

Combining subjob log files

*** Contents of O75116_Cluster_178_Ki_prep-out_find_common_bedroc_screens_sub_1.log ***

--------------------------------------------------------------------------------
JobId          : Ragnar-0-663e7ce0
Name           : O75116_Cluster_178_Ki_prep-out_find_common_bedroc_screens_sub_1
Program        : phase_screen
Host           : Ragnar
Dir            : /scr/pvalenzuela/O75116_Cluster_178_Ki_prep-out_find_common_bedroc_screens
HostEntry      : localhost
JobHost        : Ragnar
JobDir         : /scr/pvalenzuela/O75116_Cluster_178_Ki_prep-out_find_common_bedroc_screens_sub_1
JobSchrodinger : /opt/schrodinger2021-2
Commandline    : /opt/schrodinger2021-2/phase_screen O75116_Cluster_178_Ki_prep-out_find_common_bedroc_proj.list O75116_Cluster_178_Ki_prep-out_find_common_bedroc_screens_hypo_files/O75116_Cluster_178_Ki_prep-out_find_common_bedroc_screens_sub_1_hypos.zip O75116_Cluster_178_Ki_prep-out_find_common_bedroc_screens_sub_1 -subjob -d 2.0 -nosort -aw 1.0 -vw 1.0 -volw 1.0 -HOST localhost
StartTime      : 2024-05-10-16:00:33
--------------------------------------------------------------------------------

Screening: /scr/pvalenzuela/O75116_Cluster_178_Ki_prep-out/O75116_Cluster_178_Ki_prep-out_find_common_actives/actives.phzip (project 1 of 2)
Hypothesis: hypo_4 (1 of 1)

Pre-screening 13 database records using 2D/3D index . . .
Number of records matched = 11
Pre-screen CPU time = 0.00 sec

Finding hits to hypo_4 . . .

ID,#Confs,#Matches,#Screened
mol_1,87,363,1
mol_2,93,388,2
mol_3,46,92,3
mol_4,81,396,4
mol_5,27,54,5
mol_7,42,84,6
mol_9,27,54,7
mol_10,42,84,8
mol_11,97,484,9
mol_12,93,186,10
mol_13,47,188,11

Finished screening current batch of 11 molecules

Cumulative totals for O75116_Cluster_178_Ki_prep-out_find_common_bedroc_screens_sub_1:
Number of molecules screened = 11
Number of conformers screened = 682
Number of matches found = 2373
Number of molecules that produced matches = 11
Number of hits processed = 11

CPU time = 0.21 sec

--------------------------------------------------------------------------------

Screening: /scr/pvalenzuela/O75116_Cluster_178_Ki_prep-out/O75116_Cluster_178_Ki_prep-out_find_common_decoys/pharma_decoys.phzip (project 2 of 2)
Hypothesis: hypo_4 (1 of 1)

Pre-screening 1000 database records using 2D/3D index . . .
Number of records matched = 709
Pre-screen CPU time = 0.02 sec

Finding hits to hypo_4 . . .

ID,#Confs,#Matches,#Screened
mol_34,1,4,15
mol_48,12,68,17
mol_49,12,14,18
mol_62,25,5,23
mol_66,80,34,24
mol_68,12,24,25
mol_70,60,205,26
mol_73,24,60,28
mol_81,23,54,32
mol_85,70,38,33
mol_87,48,48,34
mol_90,30,29,35
mol_101,50,124,39
mol_103,12,4,41
mol_107,6,24,42
mol_113,10,72,44
mol_115,70,184,45
mol_118,70,2,47
mol_119,6,18,48
mol_122,50,82,49
mol_123,12,24,50
mol_126,12,68,51
mol_127,50,122,52
mol_128,70,140,53
mol_133,90,272,57
mol_136,24,24,58
mol_140,80,34,59
mol_142,60,120,60
mol_147,1,2,63
mol_149,8,32,64
mol_153,40,140,65
mol_154,22,9,66
mol_155,30,58,67
mol_157,50,358,68
mol_158,16,256,69
mol_159,15,20,70
mol_160,50,400,71
mol_163,60,590,72
mol_164,17,83,73
mol_167,48,294,74
mol_169,24,234,75
mol_172,40,13,77
mol_174,76,2,78
mol_180,60,62,79
mol_182,70,158,80
mol_183,70,140,81
mol_185,70,6,82
mol_186,10,104,83
mol_187,12,48,84
mol_188,60,120,85
mol_189,30,48,86
mol_191,60,106,88
mol_193,60,111,89
mol_195,30,153,90
mol_199,48,96,92
mol_202,20,40,93
mol_203,100,111,94
mol_205,6,24,95
mol_206,50,218,96
mol_207,15,120,97
mol_212,80,74,98
mol_213,2,4,99
mol_214,9,36,100
mol_216,60,12,101
mol_220,8,8,103
mol_221,50,10,104
mol_222,90,104,105
mol_225,13,52,106
mol_226,80,861,107
mol_228,80,1725,108
mol_230,1,6,109
mol_232,70,560,111
mol_233,42,10,112
mol_240,44,572,115
mol_241,20,40,116
mol_242,2,4,117
mol_243,80,8,118
mol_246,50,106,119
mol_248,40,186,120
mol_249,16,96,121
mol_250,50,107,122
mol_251,10,16,123
mol_253,8,16,124
mol_254,10,60,125
mol_255,50,128,126
mol_257,50,112,127
mol_258,30,60,128
mol_261,36,168,130
mol_262,15,120,131
mol_266,24,40,133
mol_267,60,186,134
mol_268,8,24,135
mol_270,80,160,136
mol_271,12,48,137
mol_275,15,90,140
mol_278,12,48,141
mol_279,11,81,142
mol_281,40,80,144
mol_283,90,224,145
mol_284,70,304,146
mol_286,24,306,147
mol_287,9,18,148
mol_290,18,72,150
mol_297,28,16,155
mol_298,50,232,156
mol_300,13,48,157
mol_302,80,640,158
mol_303,50,200,159
mol_307,100,178,160
mol_309,39,38,161
mol_310,100,22,162
mol_311,40,120,163
mol_312,70,1333,164
mol_313,30,240,165
mol_317,100,196,167
mol_318,16,92,168
mol_319,20,80,169
mol_321,27,78,171
mol_325,60,240,173
mol_326,50,160,174
mol_328,60,306,175
mol_329,34,114,176
mol_330,90,74,177
mol_332,24,326,179
mol_333,80,176,180
mol_339,8,16,181
mol_340,70,232,182
mol_341,47,96,183
mol_343,50,2,184
mol_344,50,202,185
mol_345,60,10,186
mol_346,70,394,187
mol_347,80,160,188
mol_349,8,32,189
mol_350,40,580,190
mol_353,18,36,191
mol_354,100,842,192
mol_357,70,54,195
mol_360,79,55,196
mol_361,80,160,197
mol_362,16,68,198
mol_364,24,66,199
mol_365,40,80,200
mol_366,23,38,201
mol_367,12,24,202
mol_371,60,269,203
mol_380,50,544,207
mol_383,70,769,208
mol_384,48,18,209
mol_385,60,343,210
mol_386,80,640,211
mol_387,12,66,212
mol_390,90,360,213
mol_392,90,356,214
mol_394,40,24,215
mol_395,40,80,216
mol_396,36,144,217
mol_400,60,120,218
mol_403,42,60,219
mol_405,80,529,220
mol_406,20,70,221
mol_407,40,80,222
mol_408,16,68,223
mol_413,90,992,225
mol_415,70,278,226
mol_416,70,720,227
mol_418,32,128,228
mol_420,50,358,229
mol_422,8,32,230
mol_424,80,78,231
mol_428,60,360,234
mol_431,60,120,237
mol_432,50,100,238
mol_433,50,146,239
mol_434,50,200,240
mol_436,17,34,241
mol_437,24,48,242
mol_438,50,132,243
mol_440,50,510,244
mol_442,80,320,245
mol_448,80,325,247
mol_450,80,1034,248
mol_451,75,64,249
mol_455,50,125,251
mol_456,50,300,252
mol_457,70,140,253
mol_458,50,296,254
mol_459,54,618,255
mol_460,80,32,256
mol_461,100,118,257
mol_462,90,480,258
mol_463,70,2,259
mol_467,60,341,263
mol_469,80,74,264
mol_470,34,504,265
mol_472,90,382,266
mol_473,30,677,267
mol_474,100,200,268
mol_475,60,120,269
mol_477,4,8,270
mol_478,40,348,271
mol_479,40,256,272
mol_480,50,552,273
mol_481,70,246,274
mol_482,16,64,275
mol_485,21,56,276
mol_487,100,1901,278
mol_488,80,108,279
mol_489,70,316,280
mol_490,60,118,281
mol_491,40,42,282
mol_493,80,192,283
mol_495,80,658,284
mol_496,48,344,285
mol_497,16,32,286
mol_498,70,274,287
mol_499,11,32,288
mol_500,54,432,289
mol_501,70,140,290
mol_502,35,70,291
mol_503,30,180,292
mol_505,70,224,293
mol_508,70,30,294
mol_509,50,144,295
mol_510,90,720,296
mol_511,90,164,297
mol_512,60,148,298
mol_513,40,18,299
mol_514,68,162,300
mol_516,70,856,302
mol_517,26,104,303
mol_518,34,316,304
mol_519,70,332,305
mol_523,90,924,307
mol_524,41,432,308
mol_526,50,300,309
mol_527,54,216,310
mol_528,80,484,311
mol_529,20,50,312
mol_531,90,540,314
mol_534,24,48,317
mol_535,34,90,318
mol_536,90,1534,319
mol_537,16,64,320
mol_538,56,42,321
mol_539,100,24,322
mol_540,16,32,323
mol_543,80,750,325
mol_544,60,414,326
mol_545,32,72,327
mol_547,70,318,328
mol_549,60,974,329
mol_550,60,316,330
mol_552,70,140,331
mol_554,80,589,332
mol_556,48,719,333
mol_559,70,140,334
mol_560,90,428,335
mol_562,40,200,337
mol_565,8,48,339
mol_567,80,1762,341
mol_568,100,200,342
mol_570,24,48,344
mol_571,60,206,345
mol_572,60,350,346
mol_574,50,164,347
mol_575,100,10,348
mol_580,70,98,351
mol_581,90,112,352
mol_583,50,800,354
mol_585,24,96,355
mol_587,60,361,356
mol_588,50,110,357
mol_591,100,168,359
mol_592,1,16,360
mol_593,30,180,361
mol_594,98,216,362
mol_595,30,106,363
mol_596,100,910,364
mol_598,100,96,365
mol_599,2,8,366
mol_600,70,163,367
mol_601,60,161,368
mol_602,100,337,369
mol_603,4,24,370
mol_606,54,172,371
mol_608,13,12,372
mol_610,60,27,373
mol_611,36,216,374
mol_612,26,610,375
mol_614,33,169,377
mol_615,44,296,378
mol_616,50,100,379
mol_617,70,1110,380
mol_618,90,604,381
mol_619,60,240,382
mol_620,100,275,383
mol_621,70,420,384
mol_623,60,240,385
mol_624,70,501,386
mol_626,24,48,387
mol_628,90,196,388
mol_629,100,250,389
mol_630,12,2,390
mol_631,60,120,391
mol_632,80,470,392
mol_634,70,134,393
mol_635,60,240,394
mol_636,80,172,395
mol_637,56,224,396
mol_638,90,24,397
mol_639,80,876,398
mol_640,60,468,399
mol_641,70,196,400
mol_643,75,300,401
mol_644,80,878,402
mol_645,90,1047,403
mol_647,6,48,405
mol_648,100,2,406
mol_650,16,174,407
mol_651,6,2,408
mol_652,18,36,409
mol_653,80,450,410
mol_654,90,435,411
mol_656,32,128,413
mol_657,60,608,414
mol_658,90,676,415
mol_659,100,10,416
mol_660,100,1485,417
mol_661,100,148,418
mol_662,70,824,419
mol_663,80,160,420
mol_664,60,65,421
mol_665,80,458,422
mol_666,80,178,423
mol_667,50,300,424
mol_668,50,300,425
mol_669,80,860,426
mol_670,60,82,427
mol_671,60,120,428
mol_672,90,788,429
mol_673,90,1080,430
mol_675,4,8,432
mol_676,24,624,433
mol_677,70,140,434
mol_679,1,4,435
mol_680,40,80,436
mol_681,70,560,437
mol_682,100,600,438
mol_684,50,400,439
mol_685,2,12,440
mol_686,70,140,441
mol_687,90,900,442
mol_691,42,276,443
mol_692,50,300,444
mol_693,1,6,445
mol_695,71,79,447
mol_696,70,471,448
mol_697,1,4,449
mol_698,90,162,450
mol_699,60,358,451
mol_700,36,288,452
mol_701,90,96,453
mol_702,80,160,454
mol_703,80,602,455
mol_704,70,561,456
mol_705,50,200,457
mol_706,56,280,458
mol_707,80,379,459
mol_708,100,715,460
mol_709,80,356,461
mol_710,100,1038,462
mol_712,100,10,463
mol_713,70,438,464
mol_714,60,118,465
mol_715,4,16,466
mol_716,52,104,467
mol_717,90,148,468
mol_718,80,616,469
mol_719,100,600,470
mol_720,70,280,471
mol_723,70,2854,472
mol_724,60,120,473
mol_725,90,652,474
mol_726,70,420,475
mol_727,50,324,476
mol_728,90,315,477
mol_729,80,85,478
mol_730,70,621,479
mol_731,36,54,480
mol_734,100,1274,482
mol_735,100,398,483
mol_736,90,2080,484
mol_737,60,429,485
mol_738,70,786,486
mol_739,60,360,487
mol_740,90,334,488
mol_743,60,354,490
mol_745,100,898,491
mol_746,100,32,492
mol_747,60,118,493
mol_748,60,1344,494
mol_749,100,400,495
mol_750,90,1027,496
mol_751,100,1241,497
mol_752,70,481,498
mol_755,33,165,500
mol_756,90,1014,501
mol_757,80,346,502
mol_759,70,42,504
mol_760,90,364,505
mol_761,60,300,506
mol_762,70,250,507
mol_763,70,806,508
mol_764,69,138,509
mol_765,9,104,510
mol_766,90,408,511
mol_767,6,120,512
mol_768,100,423,513
mol_769,100,217,514
mol_771,100,1048,515
mol_772,100,1121,516
mol_773,100,2061,517
mol_774,65,465,518
mol_775,100,668,519
mol_777,90,32,520
mol_778,100,296,521
mol_780,58,218,522
mol_783,100,253,523
mol_785,60,480,525
mol_786,100,2356,526
mol_787,100,686,527
mol_788,100,700,528
mol_789,100,49,529
mol_791,90,1928,531
mol_792,13,19,532
mol_794,60,395,534
mol_795,100,1012,535
mol_798,100,2,536
mol_799,60,204,537
mol_800,76,152,538
mol_801,70,226,539
mol_803,100,240,541
mol_804,90,998,542
mol_805,90,1275,543
mol_806,100,132,544
mol_808,70,748,546
mol_809,80,304,547
mol_810,34,148,548
mol_811,1,4,549
mol_812,100,1265,550
mol_813,90,1230,551
mol_814,16,32,552
mol_815,100,262,553
mol_817,100,34,554
mol_818,98,5,555
mol_819,90,834,556
mol_820,90,1301,557
mol_821,80,173,558
mol_822,90,1225,559
mol_823,16,256,560
mol_824,90,256,561
mol_825,100,87,562
mol_826,50,56,563
mol_828,34,528,564
mol_830,90,302,565
mol_831,80,157,566
mol_832,100,936,567
mol_833,36,216,568
mol_835,60,405,570
mol_836,90,390,571
mol_839,36,288,573
mol_841,40,568,574
mol_843,70,746,575
mol_844,90,936,576
mol_845,60,375,577
mol_847,100,697,578
mol_848,80,500,579
mol_849,100,339,580
mol_850,100,580,581
mol_852,100,12,582
mol_853,90,152,583
mol_854,100,1844,584
mol_855,80,672,585
mol_856,15,75,586
mol_857,100,644,587
mol_858,60,570,588
mol_859,100,202,589
mol_860,80,1215,590
mol_861,1,4,591
mol_862,100,850,592
mol_863,100,820,593
mol_864,100,620,594
mol_865,100,74,595
mol_866,80,180,596
mol_867,100,2,597
mol_868,70,702,598
mol_869,80,806,599
mol_870,70,670,600
mol_871,40,257,601
mol_872,80,484,602
mol_873,80,1566,603
mol_874,37,181,604
mol_875,54,58,605
mol_876,60,480,606
mol_877,80,141,607
mol_878,80,193,608
mol_879,100,656,609
mol_880,100,1110,610
mol_881,100,800,611
mol_882,100,200,612
mol_883,90,382,613
mol_886,100,2130,616
mol_887,80,320,617
mol_888,100,1436,618
mol_889,100,384,619
mol_890,70,140,620
mol_891,90,156,621
mol_892,100,1396,622
mol_894,100,841,624
mol_895,100,818,625
mol_896,70,502,626
mol_897,80,480,627
mol_899,90,417,628
mol_901,100,483,629
mol_904,100,406,632
mol_905,68,704,633
mol_906,40,46,634
mol_907,90,646,635
mol_909,100,50,636
mol_910,60,139,637
mol_911,60,143,638
mol_912,100,1243,639
mol_913,80,1072,640
mol_914,100,2293,641
mol_915,100,800,642
mol_916,100,1014,643
mol_917,49,700,644
mol_918,100,104,645
mol_919,80,258,646
mol_920,100,1678,647
mol_921,100,651,648
mol_922,100,406,649
mol_923,100,200,650
mol_924,100,6,651
mol_925,100,1437,652
mol_926,90,1218,653
mol_927,80,128,654
mol_928,70,908,655
mol_929,100,385,656
mol_930,70,208,657
mol_931,70,668,658
mol_932,90,935,659
mol_933,90,418,660
mol_934,80,794,661
mol_935,100,263,662
mol_936,100,1112,663
mol_937,100,788,664
mol_938,100,1316,665
mol_939,100,604,666
mol_940,100,965,667
mol_941,28,188,668
mol_942,100,912,669
mol_943,87,362,670
mol_944,100,400,671
mol_945,100,10,672
mol_946,100,63,673
mol_948,100,1432,674
mol_949,100,1006,675
mol_950,100,1097,676
mol_953,80,199,679
mol_954,80,2616,680
mol_955,100,1394,681
mol_957,1,2,682
mol_958,100,184,683
mol_959,100,504,684
mol_960,60,1014,685
mol_961,100,818,686
mol_963,100,1542,688
mol_965,100,1194,689
mol_966,100,425,690
mol_967,100,93,691
mol_968,90,1856,692
mol_970,100,654,694
mol_971,100,1046,695
mol_973,1,9,696
mol_974,100,1420,697
mol_975,100,600,698
mol_976,100,975,699
mol_977,100,1381,700
mol_978,100,554,701
mol_979,90,387,702
mol_981,100,5017,703
mol_982,80,1410,704
mol_983,70,51,705
mol_984,1,6,706
mol_986,100,1255,707
mol_987,100,407,708
mol_988,100,390,709
mol_989,90,850,710
mol_990,10,167,711
mol_991,100,593,712
mol_993,28,64,713
mol_994,100,714,714
mol_995,100,1378,715
mol_996,90,1260,716
mol_997,100,1532,717
mol_998,100,1478,718
mol_999,80,2394,719
mol_1000,100,936,720

Finished screening current batch of 709 molecules

Cumulative totals for O75116_Cluster_178_Ki_prep-out_find_common_bedroc_screens_sub_1:
Number of molecules screened = 720
Number of conformers screened = 44331
Number of matches found = 246679
Number of molecules that produced matches = 621
Number of hits processed = 621

CPU time = 17.28 sec

--------------------------------------------------------------------------------

Current time: Fri May 10 16:00:53 2024
Elapsed time: 0:00:17.50
phase_screen successfully completed.


*** End of O75116_Cluster_178_Ki_prep-out_find_common_bedroc_screens_sub_1.log ***

*** Contents of O75116_Cluster_178_Ki_prep-out_find_common_bedroc_screens_sub_2.log ***

--------------------------------------------------------------------------------
JobId          : Ragnar-0-663e7ce5
Name           : O75116_Cluster_178_Ki_prep-out_find_common_bedroc_screens_sub_2
Program        : phase_screen
Host           : Ragnar
Dir            : /scr/pvalenzuela/O75116_Cluster_178_Ki_prep-out_find_common_bedroc_screens
HostEntry      : localhost
JobHost        : Ragnar
JobDir         : /scr/pvalenzuela/O75116_Cluster_178_Ki_prep-out_find_common_bedroc_screens_sub_2
JobSchrodinger : /opt/schrodinger2021-2
Commandline    : /opt/schrodinger2021-2/phase_screen O75116_Cluster_178_Ki_prep-out_find_common_bedroc_proj.list O75116_Cluster_178_Ki_prep-out_find_common_bedroc_screens_hypo_files/O75116_Cluster_178_Ki_prep-out_find_common_bedroc_screens_sub_2_hypos.zip O75116_Cluster_178_Ki_prep-out_find_common_bedroc_screens_sub_2 -subjob -d 2.0 -nosort -aw 1.0 -vw 1.0 -volw 1.0 -HOST localhost
StartTime      : 2024-05-10-16:00:37
--------------------------------------------------------------------------------

Screening: /scr/pvalenzuela/O75116_Cluster_178_Ki_prep-out/O75116_Cluster_178_Ki_prep-out_find_common_actives/actives.phzip (project 1 of 2)
Hypothesis: hypo_1 (1 of 1)

Pre-screening 13 database records using 2D/3D index . . .
Number of records matched = 13
Pre-screen CPU time = 0.00 sec

Finding hits to hypo_1 . . .

ID,#Confs,#Matches,#Screened
mol_1,87,174,1
mol_2,93,186,2
mol_3,46,92,3
mol_4,81,162,4
mol_5,27,54,5
mol_6,36,72,6
mol_7,42,84,7
mol_8,18,36,8
mol_9,27,54,9
mol_10,42,84,10
mol_11,97,194,11
mol_12,93,186,12
mol_13,47,94,13

Finished screening current batch of 13 molecules

Cumulative totals for O75116_Cluster_178_Ki_prep-out_find_common_bedroc_screens_sub_2:
Number of molecules screened = 13
Number of conformers screened = 736
Number of matches found = 1472
Number of molecules that produced matches = 13
Number of hits processed = 13

CPU time = 0.17 sec

--------------------------------------------------------------------------------

Screening: /scr/pvalenzuela/O75116_Cluster_178_Ki_prep-out/O75116_Cluster_178_Ki_prep-out_find_common_decoys/pharma_decoys.phzip (project 2 of 2)
Hypothesis: hypo_1 (1 of 1)

Pre-screening 1000 database records using 2D/3D index . . .
Number of records matched = 692
Pre-screen CPU time = 0.02 sec

Finding hits to hypo_1 . . .

ID,#Confs,#Matches,#Screened
mol_11,1,2,14
mol_12,20,33,15
mol_15,3,6,16
mol_19,3,6,17
mol_20,8,7,18
mol_22,4,8,19
mol_33,30,36,20
mol_36,8,16,21
mol_48,12,12,23
mol_49,12,5,24
mol_50,1,2,25
mol_51,2,4,26
mol_54,6,44,27
mol_63,8,32,28
mol_64,1,2,29
mol_68,12,10,30
mol_73,24,12,32
mol_76,4,16,33
mol_80,1,4,34
mol_88,6,2,37
mol_90,30,53,38
mol_93,4,2,39
mol_96,3,21,40
mol_104,2,4,43
mol_108,32,64,46
mol_110,2,4,47
mol_113,10,20,48
mol_123,12,60,51
mol_124,4,16,52
mol_126,12,24,53
mol_127,50,5,54
mol_129,40,17,55
mol_135,14,28,57
mol_136,24,24,58
mol_137,6,6,59
mol_141,5,10,60
mol_145,60,124,63
mol_147,1,1,64
mol_148,4,8,65
mol_151,10,6,67
mol_154,22,44,69
mol_155,30,27,70
mol_156,4,4,71
mol_159,15,60,72
mol_161,80,160,73
mol_163,60,60,74
mol_164,17,34,75
mol_169,24,48,76
mol_172,40,40,78
mol_177,16,12,81
mol_179,3,1,83
mol_186,10,10,86
mol_189,30,63,89
mol_190,60,15,90
mol_191,60,120,91
mol_194,2,4,94
mol_195,30,242,95
mol_196,27,10,96
mol_202,20,60,98
mol_206,50,15,100
mol_207,15,30,101
mol_210,6,14,103
mol_213,2,10,105
mol_214,9,27,106
mol_218,70,140,107
mol_227,3,3,111
mol_229,80,160,112
mol_230,1,1,113
mol_235,13,5,115
mol_241,20,80,117
mol_242,2,12,118
mol_244,20,29,119
mol_245,18,6,120
mol_246,50,31,121
mol_247,33,102,122
mol_248,40,168,123
mol_249,16,12,124
mol_250,50,39,125
mol_252,20,140,126
mol_253,8,8,127
mol_254,10,10,128
mol_255,50,100,129
mol_257,50,13,130
mol_258,30,40,131
mol_259,50,31,132
mol_260,12,44,133
mol_261,36,99,134
mol_262,15,30,135
mol_266,24,264,137
mol_275,15,10,142
mol_280,41,2,146
mol_281,40,234,147
mol_282,80,7,148
mol_287,9,62,150
mol_290,18,126,152
mol_296,25,51,157
mol_297,28,28,158
mol_298,50,140,159
mol_299,12,12,160
mol_300,13,117,161
mol_302,80,5,163
mol_303,50,14,164
mol_305,50,20,166
mol_308,80,80,168
mol_309,39,20,169
mol_310,100,6,170
mol_312,70,140,171
mol_313,30,68,172
mol_315,16,32,173
mol_316,80,52,174
mol_318,16,32,175
mol_319,20,60,176
mol_321,27,12,178
mol_325,60,120,179
mol_326,50,7,180
mol_328,60,60,181
mol_329,34,236,182
mol_331,12,24,183
mol_332,24,48,184
mol_334,80,83,185
mol_336,40,53,186
mol_338,60,11,187
mol_341,47,33,189
mol_342,34,20,190
mol_343,50,44,191
mol_344,50,129,192
mol_345,60,98,193
mol_348,2,4,194
mol_349,8,8,195
mol_350,40,26,196
mol_351,60,22,197
mol_353,18,36,199
mol_356,80,163,200
mol_359,24,87,201
mol_360,79,354,202
mol_362,16,50,203
mol_363,11,82,204
mol_364,24,135,205
mol_366,23,20,207
mol_367,12,32,208
mol_373,60,6,209
mol_378,70,63,211
mol_379,50,142,212
mol_380,50,50,213
mol_385,60,18,216
mol_387,12,24,218
mol_388,7,7,219
mol_389,50,50,220
mol_390,90,180,221
mol_393,7,6,222
mol_394,40,68,223
mol_395,40,102,224
mol_396,36,36,225
mol_397,6,6,226
mol_398,3,3,227
mol_400,60,12,229
mol_401,23,11,230
mol_403,42,18,232
mol_404,60,240,233
mol_405,80,11,234
mol_407,40,30,235
mol_409,70,37,237
mol_412,50,100,239
mol_413,90,14,240
mol_415,70,280,242
mol_416,70,10,243
mol_417,32,128,244
mol_418,32,18,245
mol_423,42,42,250
mol_426,60,120,253
mol_428,60,300,254
mol_430,36,108,256
mol_431,60,120,257
mol_433,50,1000,259
mol_434,50,9,260
mol_436,17,102,262
mol_438,50,10,263
mol_441,70,22,265
mol_442,80,160,266
mol_453,8,156,272
mol_455,50,60,274
mol_456,50,100,275
mol_458,50,250,277
mol_460,80,16,278
mol_463,70,20,279
mol_464,30,60,280
mol_468,16,14,284
mol_469,80,6,285
mol_470,34,68,286
mol_472,90,90,288
mol_473,30,60,289
mol_475,60,111,290
mol_477,4,20,292
mol_478,40,200,293
mol_479,40,467,294
mol_480,50,250,295
mol_481,70,114,296
mol_482,16,32,297
mol_487,100,60,302
mol_488,80,168,303
mol_490,60,36,305
mol_493,80,160,307
mol_494,18,72,308
mol_495,80,149,309
mol_496,48,96,310
mol_502,35,35,313
mol_503,30,15,314
mol_504,90,16,315
mol_506,6,22,317
mol_507,8,8,318
mol_508,70,3,319
mol_510,90,180,321
mol_511,90,90,322
mol_512,60,288,323
mol_513,40,86,324
mol_514,68,68,325
mol_516,70,280,327
mol_518,34,138,328
mol_519,70,70,329
mol_522,90,6,330
mol_525,76,152,333
mol_526,50,100,334
mol_528,80,70,335
mol_529,20,100,336
mol_534,24,72,339
mol_535,34,19,340
mol_536,90,4,341
mol_537,16,57,342
mol_538,56,7,343
mol_543,80,89,345
mol_544,60,214,346
mol_545,32,64,347
mol_547,70,24,349
mol_549,60,330,350
mol_550,60,82,351
mol_552,70,350,353
mol_556,48,194,355
mol_557,6,18,356
mol_558,8,72,357
mol_559,70,350,358
mol_560,90,134,359
mol_564,80,15,361
mol_566,50,7,362
mol_572,60,151,365
mol_574,50,46,367
mol_575,100,24,368
mol_578,24,144,370
mol_579,60,120,371
mol_583,50,424,375
mol_584,58,9,376
mol_585,24,24,377
mol_587,60,300,379
mol_589,100,2,381
mol_591,100,100,382
mol_592,1,46,383
mol_593,30,148,384
mol_600,70,6,389
mol_601,60,20,390
mol_604,8,32,392
mol_608,13,15,394
mol_610,60,19,395
mol_612,26,52,396
mol_614,33,45,398
mol_616,50,21,399
mol_617,70,281,400
mol_618,90,222,401
mol_619,60,3,402
mol_620,100,1,403
mol_621,70,350,404
mol_623,60,133,405
mol_624,70,140,406
mol_626,24,48,408
mol_627,80,2,409
mol_629,100,2,411
mol_632,80,320,414
mol_634,70,140,415
mol_635,60,302,416
mol_636,80,278,417
mol_638,90,11,419
mol_640,60,101,421
mol_643,75,150,424
mol_650,16,64,429
mol_651,6,14,430
mol_653,80,5,431
mol_654,90,90,432
mol_656,32,88,433
mol_657,60,357,434
mol_658,90,19,435
mol_661,100,20,437
mol_663,80,282,439
mol_664,60,203,440
mol_665,80,110,441
mol_667,50,243,443
mol_668,50,243,444
mol_670,60,120,446
mol_671,60,124,447
mol_676,24,48,450
mol_677,70,150,451
mol_680,40,132,453
mol_681,70,149,454
mol_683,32,128,456
mol_684,50,227,457
mol_686,70,280,459
mol_690,40,28,461
mol_692,50,283,463
mol_698,90,90,467
mol_699,60,148,468
mol_700,36,36,469
mol_702,80,180,470
mol_704,70,350,471
mol_706,56,56,473
mol_707,80,80,474
mol_708,100,4,475
mol_709,80,115,476
mol_713,70,384,477
mol_714,60,153,478
mol_715,4,20,479
mol_716,52,52,480
mol_717,90,126,481
mol_718,80,278,482
mol_723,70,700,486
mol_725,90,331,487
mol_727,50,30,489
mol_730,70,104,491
mol_731,36,24,492
mol_736,90,360,495
mol_738,70,69,496
mol_739,60,224,497
mol_743,60,120,499
mol_748,60,240,502
mol_752,70,140,505
mol_753,6,4,506
mol_759,70,91,509
mol_760,90,52,510
mol_762,70,560,512
mol_763,70,149,513
mol_765,9,18,515
mol_766,90,111,516
mol_768,100,43,518
mol_769,100,8,519
mol_772,100,106,522
mol_773,100,15,523
mol_777,90,319,526
mol_779,3,6,527
mol_780,58,78,528
mol_782,50,200,529
mol_784,88,264,531
mol_792,13,34,536
mol_804,90,137,542
mol_805,90,135,543
mol_806,100,230,544
mol_808,70,326,546
mol_813,90,369,549
mol_817,100,14,552
mol_820,90,34,555
mol_821,80,86,556
mol_822,90,94,557
mol_823,16,80,558
mol_824,90,156,559
mol_825,100,3,560
mol_833,36,48,566
mol_835,60,79,567
mol_836,90,311,568
mol_841,40,286,572
mol_843,70,327,573
mol_844,90,28,574
mol_849,100,200,578
mol_850,100,34,579
mol_851,80,320,580
mol_852,100,1,581
mol_854,100,9,583
mol_855,80,77,584
mol_856,15,15,585
mol_857,100,94,586
mol_858,60,109,587
mol_860,80,146,589
mol_862,100,50,590
mol_863,100,34,591
mol_864,100,4,592
mol_869,80,139,597
mol_870,70,398,598
mol_871,40,191,599
mol_873,80,328,600
mol_876,60,278,602
mol_877,80,41,603
mol_878,80,80,604
mol_880,100,406,606
mol_881,100,200,607
mol_882,100,21,608
mol_886,100,10,611
mol_888,100,24,612
mol_892,100,100,616
mol_894,100,25,617
mol_895,100,8,618
mol_897,80,127,619
mol_898,36,39,620
mol_905,68,68,625
mol_906,40,29,626
mol_907,90,212,627
mol_913,80,84,632
mol_914,100,4,633
mol_920,100,16,639
mol_921,100,142,640
mol_924,100,6,642
mol_926,90,43,644
mol_927,80,106,645
mol_928,70,316,646
mol_929,100,129,647
mol_931,70,63,649
mol_932,90,115,650
mol_933,90,360,651
mol_934,80,323,652
mol_935,100,48,653
mol_936,100,2,654
mol_937,100,43,655
mol_938,100,139,656
mol_940,100,115,658
mol_941,28,28,659
mol_942,100,884,660
mol_946,100,46,663
mol_948,100,431,664
mol_949,100,25,665
mol_950,100,10,666
mol_951,16,64,667
mol_954,80,160,669
mol_959,100,5,673
mol_960,60,211,674
mol_963,100,12,675
mol_964,6,6,676
mol_966,100,203,678
mol_967,100,254,679
mol_968,90,8,680
mol_972,40,57,683
mol_976,100,19,686
mol_978,100,100,688
mol_981,100,264,690
mol_982,80,322,691
mol_986,100,30,693
mol_988,100,108,694
mol_991,100,18,697
mol_993,28,26,698
mol_997,100,214,702
mol_998,100,7,703
mol_999,80,585,704

Finished screening current batch of 692 molecules

Cumulative totals for O75116_Cluster_178_Ki_prep-out_find_common_bedroc_screens_sub_2:
Number of molecules screened = 705
Number of conformers screened = 38958
Number of matches found = 45369
Number of molecules that produced matches = 457
Number of hits processed = 457

CPU time = 5.77 sec

--------------------------------------------------------------------------------

Current time: Fri May 10 16:00:46 2024
Elapsed time: 0:00:05.95
phase_screen successfully completed.


*** End of O75116_Cluster_178_Ki_prep-out_find_common_bedroc_screens_sub_2.log ***

*** Contents of O75116_Cluster_178_Ki_prep-out_find_common_bedroc_screens_sub_3.log ***

--------------------------------------------------------------------------------
JobId          : Ragnar-0-663e7ce9
Name           : O75116_Cluster_178_Ki_prep-out_find_common_bedroc_screens_sub_3
Program        : phase_screen
Host           : Ragnar
Dir            : /scr/pvalenzuela/O75116_Cluster_178_Ki_prep-out_find_common_bedroc_screens
HostEntry      : localhost
JobHost        : Ragnar
JobDir         : /scr/pvalenzuela/O75116_Cluster_178_Ki_prep-out_find_common_bedroc_screens_sub_3
JobSchrodinger : /opt/schrodinger2021-2
Commandline    : /opt/schrodinger2021-2/phase_screen O75116_Cluster_178_Ki_prep-out_find_common_bedroc_proj.list O75116_Cluster_178_Ki_prep-out_find_common_bedroc_screens_hypo_files/O75116_Cluster_178_Ki_prep-out_find_common_bedroc_screens_sub_3_hypos.zip O75116_Cluster_178_Ki_prep-out_find_common_bedroc_screens_sub_3 -subjob -d 2.0 -nosort -aw 1.0 -vw 1.0 -volw 1.0 -HOST localhost
StartTime      : 2024-05-10-16:00:41
--------------------------------------------------------------------------------

Screening: /scr/pvalenzuela/O75116_Cluster_178_Ki_prep-out/O75116_Cluster_178_Ki_prep-out_find_common_actives/actives.phzip (project 1 of 2)
Hypothesis: hypo_2 (1 of 1)

Pre-screening 13 database records using 2D/3D index . . .
Number of records matched = 13
Pre-screen CPU time = 0.00 sec

Finding hits to hypo_2 . . .

ID,#Confs,#Matches,#Screened
mol_1,87,290,1
mol_2,93,315,2
mol_3,46,118,3
mol_4,81,207,4
mol_5,27,72,5
mol_6,36,72,6
mol_7,42,108,7
mol_8,18,36,8
mol_9,27,72,9
mol_10,42,108,10
mol_11,97,255,11
mol_12,93,240,12
mol_13,47,148,13

Finished screening current batch of 13 molecules

Cumulative totals for O75116_Cluster_178_Ki_prep-out_find_common_bedroc_screens_sub_3:
Number of molecules screened = 13
Number of conformers screened = 736
Number of matches found = 2041
Number of molecules that produced matches = 13
Number of hits processed = 13

CPU time = 0.18 sec

--------------------------------------------------------------------------------

Screening: /scr/pvalenzuela/O75116_Cluster_178_Ki_prep-out/O75116_Cluster_178_Ki_prep-out_find_common_decoys/pharma_decoys.phzip (project 2 of 2)
Hypothesis: hypo_2 (1 of 1)

Pre-screening 1000 database records using 2D/3D index . . .
Number of records matched = 769
Pre-screen CPU time = 0.02 sec

Finding hits to hypo_2 . . .

ID,#Confs,#Matches,#Screened
mol_12,20,20,16
mol_19,3,3,18
mol_20,8,5,19
mol_31,6,6,22
mol_33,30,16,23
mol_34,1,4,24
mol_36,8,30,25
mol_40,18,36,26
mol_44,4,4,27
mol_48,12,10,29
mol_49,12,4,30
mol_50,1,1,31
mol_51,2,2,32
mol_53,1,2,33
mol_54,6,12,34
mol_62,25,50,35
mol_63,8,8,36
mol_64,1,5,37
mol_68,12,26,38
mol_73,24,42,40
mol_76,4,4,41
mol_79,1,2,43
mol_81,23,23,45
mol_84,40,26,46
mol_85,70,34,47
mol_88,6,2,50
mol_89,4,16,51
mol_90,30,103,52
mol_93,4,4,54
mol_96,3,9,56
mol_102,24,14,57
mol_103,12,2,58
mol_104,2,4,59
mol_108,32,32,61
mol_110,2,2,62
mol_113,10,75,63
mol_115,70,78,64
mol_116,12,6,65
mol_117,6,4,66
mol_118,70,11,67
mol_119,6,12,68
mol_120,20,40,69
mol_123,12,48,70
mol_124,4,12,71
mol_126,12,54,72
mol_127,50,30,73
mol_129,40,29,74
mol_130,32,17,75
mol_134,16,16,76
mol_136,24,24,78
mol_144,20,20,80
mol_145,60,52,81
mol_146,18,18,82
mol_147,1,5,83
mol_151,10,6,86
mol_154,22,110,87
mol_155,30,33,88
mol_157,50,22,89
mol_158,16,48,90
mol_159,15,107,91
mol_161,80,80,92
mol_163,60,148,93
mol_164,17,69,94
mol_167,48,142,95
mol_169,24,226,96
mol_172,40,53,98
mol_179,3,3,101
mol_180,60,180,102
mol_182,70,45,103
mol_184,12,24,104
mol_186,10,54,105
mol_188,60,24,107
mol_189,30,52,108
mol_190,60,34,109
mol_191,60,71,110
mol_193,60,171,111
mol_194,2,2,112
mol_195,30,316,113
mol_196,27,64,114
mol_198,90,28,115
mol_202,20,60,117
mol_205,6,18,118
mol_206,50,64,119
mol_207,15,120,120
mol_213,2,5,123
mol_214,9,9,124
mol_216,60,103,125
mol_220,8,20,126
mol_221,50,18,127
mol_222,90,232,128
mol_224,46,46,129
mol_230,1,4,130
mol_232,70,210,131
mol_233,42,31,132
mol_235,13,14,133
mol_240,44,176,135
mol_241,20,40,136
mol_242,2,4,137
mol_243,80,12,138
mol_246,50,136,140
mol_247,33,114,141
mol_248,40,285,142
mol_249,16,88,143
mol_250,50,48,144
mol_251,10,28,145
mol_252,20,40,146
mol_253,8,22,147
mol_254,10,10,148
mol_255,50,74,149
mol_256,16,16,150
mol_257,50,77,151
mol_258,30,124,152
mol_259,50,70,153
mol_260,12,100,154
mol_261,36,195,155
mol_262,15,120,156
mol_265,6,6,158
mol_266,24,264,159
mol_267,60,180,160
mol_268,8,20,161
mol_275,15,75,166
mol_277,36,36,167
mol_279,11,68,169
mol_280,41,30,170
mol_281,40,165,171
mol_282,80,15,172
mol_286,24,96,173
mol_287,9,80,174
mol_288,100,54,175
mol_290,18,54,177
mol_293,60,28,179
mol_294,28,224,180
mol_295,28,182,181
mol_296,25,72,182
mol_297,28,53,183
mol_298,50,392,184
mol_299,12,36,185
mol_300,13,127,186
mol_301,5,5,187
mol_302,80,25,188
mol_303,50,126,189
mol_305,50,112,191
mol_306,8,4,192
mol_309,39,113,194
mol_310,100,15,195
mol_312,70,350,196
mol_313,30,294,197
mol_314,24,96,198
mol_315,16,20,199
mol_316,80,226,200
mol_318,16,212,201
mol_319,20,80,202
mol_320,12,36,203
mol_321,27,241,204
mol_325,60,160,206
mol_326,50,49,207
mol_328,60,60,209
mol_329,34,381,210
mol_331,12,10,211
mol_332,24,272,212
mol_334,80,199,213
mol_336,40,196,215
mol_340,70,2,217
mol_341,47,324,218
mol_342,34,86,219
mol_343,50,200,220
mol_344,50,365,221
mol_347,80,183,223
mol_349,8,4,224
mol_350,40,198,225
mol_353,18,108,227
mol_355,60,279,228
mol_356,80,76,229
mol_357,70,9,230
mol_360,79,450,231
mol_361,80,160,232
mol_362,16,84,233
mol_363,11,22,234
mol_364,24,201,235
mol_365,40,86,236
mol_366,23,74,237
mol_367,12,40,238
mol_368,12,4,239
mol_369,50,50,240
mol_372,80,320,241
mol_373,60,3,242
mol_378,70,204,243
mol_379,50,65,244
mol_380,50,250,245
mol_383,70,567,246
mol_384,48,120,247
mol_385,60,216,248
mol_387,12,78,250
mol_388,7,45,251
mol_392,90,218,254
mol_393,7,41,255
mol_394,40,102,256
mol_395,40,308,257
mol_396,36,36,258
mol_399,70,292,259
mol_400,60,55,260
mol_401,23,45,261
mol_402,40,40,262
mol_403,42,306,263
mol_405,80,212,264
mol_406,20,40,265
mol_407,40,127,266
mol_408,16,76,267
mol_409,70,69,268
mol_410,100,1,269
mol_412,50,49,271
mol_413,90,136,272
mol_414,18,24,273
mol_415,70,348,274
mol_416,70,151,275
mol_418,32,82,277
mol_419,28,28,278
mol_420,50,80,279
mol_421,80,7,280
mol_422,8,52,281
mol_423,42,42,282
mol_424,80,3,283
mol_425,70,31,284
mol_426,60,68,285
mol_428,60,355,286
mol_429,80,80,287
mol_430,36,138,288
mol_431,60,128,289
mol_432,50,79,290
mol_433,50,457,291
mol_434,50,64,292
mol_435,70,210,293
mol_436,17,168,294
mol_438,50,172,295
mol_440,50,158,296
mol_441,70,134,297
mol_442,80,480,298
mol_443,18,18,299
mol_446,4,32,300
mol_447,2,16,301
mol_450,80,37,303
mol_451,75,96,304
mol_452,49,49,305
mol_453,8,92,306
mol_454,90,157,307
mol_455,50,448,308
mol_456,50,342,309
mol_457,70,17,310
mol_458,50,294,311
mol_459,54,74,312
mol_460,80,306,313
mol_462,90,330,314
mol_463,70,59,315
mol_464,30,90,316
mol_465,4,12,317
mol_466,12,36,318
mol_467,60,240,319
mol_468,16,78,320
mol_469,80,14,321
mol_470,34,354,322
mol_471,1,3,323
mol_472,90,462,324
mol_473,30,417,325
mol_475,60,14,326
mol_477,4,16,328
mol_478,40,357,329
mol_479,40,780,330
mol_480,50,300,331
mol_481,70,267,332
mol_482,16,20,333
mol_483,60,13,334
mol_486,90,90,337
mol_487,100,2442,338
mol_488,80,153,339
mol_489,70,257,340
mol_490,60,154,341
mol_492,60,19,342
mol_493,80,407,343
mol_494,18,72,344
mol_495,80,778,345
mol_498,70,137,347
mol_499,11,81,348
mol_502,35,295,350
mol_503,30,108,351
mol_504,90,132,352
mol_505,70,261,353
mol_506,6,30,354
mol_507,8,24,355
mol_508,70,10,356
mol_509,50,444,357
mol_510,90,180,358
mol_511,90,90,359
mol_512,60,519,360
mol_513,40,188,361
mol_514,68,358,362
mol_515,100,195,363
mol_516,70,380,364
mol_517,26,64,365
mol_518,34,352,366
mol_519,70,70,367
mol_522,90,6,368
mol_523,90,228,369
mol_524,41,91,370
mol_525,76,304,371
mol_526,50,200,372
mol_528,80,685,373
mol_529,20,204,374
mol_530,70,58,375
mol_531,90,32,376
mol_533,12,36,377
mol_534,24,288,378
mol_535,34,150,379
mol_536,90,321,380
mol_537,16,41,381
mol_538,56,40,382
mol_539,100,176,383
mol_540,16,8,384
mol_541,4,16,385
mol_543,80,686,386
mol_544,60,504,387
mol_545,32,136,388
mol_546,80,62,389
mol_547,70,100,390
mol_549,60,780,391
mol_550,60,300,392
mol_552,70,366,394
mol_553,20,40,395
mol_554,80,127,396
mol_555,69,379,397
mol_556,48,753,398
mol_558,8,32,400
mol_559,70,328,401
mol_560,90,277,402
mol_561,100,12,403
mol_562,40,100,404
mol_563,44,80,405
mol_564,80,258,406
mol_566,50,5,407
mol_567,80,401,408
mol_568,100,2,409
mol_569,100,100,410
mol_570,24,48,411
mol_571,60,248,412
mol_572,60,212,413
mol_573,3,9,414
mol_574,50,207,415
mol_575,100,70,416
mol_579,60,262,419
mol_580,70,136,420
mol_581,90,18,421
mol_583,50,679,423
mol_584,58,26,424
mol_585,24,48,425
mol_587,60,435,427
mol_588,50,129,428
mol_589,100,102,429
mol_592,1,28,431
mol_593,30,494,432
mol_595,30,34,434
mol_596,100,15,435
mol_597,8,4,436
mol_598,100,25,437
mol_599,2,3,438
mol_600,70,53,439
mol_601,60,159,440
mol_602,100,34,441
mol_603,4,8,442
mol_604,8,16,443
mol_606,54,157,444
mol_608,13,120,446
mol_609,1,6,447
mol_610,60,100,448
mol_611,36,18,449
mol_612,26,360,450
mol_613,80,1,451
mol_614,33,373,452
mol_616,50,140,453
mol_617,70,1157,454
mol_618,90,738,455
mol_619,60,66,456
mol_620,100,9,457
mol_621,70,416,458
mol_623,60,497,459
mol_624,70,577,460
mol_626,24,72,462
mol_627,80,14,463
mol_628,90,185,464
mol_629,100,13,465
mol_630,12,36,466
mol_631,60,24,467
mol_632,80,474,468
mol_634,70,446,469
mol_635,60,709,470
mol_636,80,375,471
mol_638,90,108,473
mol_639,80,1294,474
mol_640,60,452,475
mol_643,75,150,477
mol_644,80,199,478
mol_645,90,256,479
mol_646,60,60,480
mol_647,6,18,481
mol_648,100,2,482
mol_649,79,52,483
mol_650,16,144,484
mol_651,6,32,485
mol_653,80,113,486
mol_654,90,90,487
mol_655,90,67,488
mol_656,32,120,489
mol_657,60,920,490
mol_658,90,254,491
mol_659,100,12,492
mol_660,100,413,493
mol_661,100,559,494
mol_662,70,93,495
mol_663,80,390,496
mol_664,60,413,497
mol_665,80,380,498
mol_666,80,58,499
mol_667,50,300,500
mol_668,50,300,501
mol_669,80,1040,502
mol_670,60,523,503
mol_671,60,62,504
mol_672,90,522,505
mol_675,4,8,507
mol_676,24,336,508
mol_677,70,160,509
mol_679,1,2,510
mol_680,40,187,511
mol_681,70,656,512
mol_683,32,120,514
mol_684,50,429,515
mol_685,2,4,516
mol_686,70,30,517
mol_690,40,108,520
mol_691,42,233,521
mol_692,50,453,522
mol_694,60,60,523
mol_696,70,420,524
mol_699,60,879,527
mol_700,36,216,528
mol_702,80,39,530
mol_704,70,523,531
mol_705,50,191,532
mol_706,56,56,533
mol_707,80,80,534
mol_708,100,1167,535
mol_709,80,382,536
mol_712,100,12,537
mol_713,70,739,538
mol_714,60,222,539
mol_715,4,23,540
mol_716,52,104,541
mol_717,90,169,542
mol_718,80,626,543
mol_719,100,115,544
mol_720,70,141,545
mol_722,80,156,546
mol_723,70,1446,547
mol_725,90,735,548
mol_726,70,39,549
mol_727,50,274,550
mol_728,90,85,551
mol_729,80,134,552
mol_730,70,819,553
mol_731,36,84,554
mol_733,75,11,555
mol_734,100,109,556
mol_735,100,262,557
mol_736,90,1489,558
mol_738,70,207,559
mol_739,60,535,560
mol_740,90,218,561
mol_743,60,332,563
mol_745,100,400,564
mol_746,100,35,565
mol_747,60,274,566
mol_748,60,784,567
mol_751,100,280,569
mol_752,70,378,570
mol_753,6,16,571
mol_754,90,44,572
mol_757,80,302,573
mol_759,70,619,574
mol_760,90,252,575
mol_761,60,198,576
mol_762,70,810,577
mol_763,70,500,578
mol_764,69,176,579
mol_765,9,74,580
mol_766,90,841,581
mol_767,6,36,582
mol_768,100,411,583
mol_769,100,1050,584
mol_771,100,231,585
mol_772,100,291,586
mol_773,100,864,587
mol_775,100,84,588
mol_777,90,1170,590
mol_778,100,224,591
mol_779,3,15,592
mol_780,58,524,593
mol_782,50,269,595
mol_783,100,52,596
mol_784,88,264,597
mol_786,100,585,598
mol_787,100,341,599
mol_789,100,101,600
mol_790,90,10,601
mol_792,13,76,603
mol_794,60,558,604
mol_795,100,200,605
mol_797,14,12,607
mol_799,60,67,608
mol_801,70,147,610
mol_804,90,707,611
mol_805,90,811,612
mol_806,100,610,613
mol_807,60,480,614
mol_808,70,632,615
mol_809,80,29,616
mol_810,34,3,617
mol_812,100,455,618
mol_813,90,913,619
mol_817,100,159,622
mol_818,98,4,623
mol_819,90,548,624
mol_820,90,616,625
mol_821,80,228,626
mol_822,90,123,627
mol_823,16,184,628
mol_824,90,898,629
mol_825,100,287,630
mol_826,50,64,631
mol_828,34,68,633
mol_829,80,160,634
mol_832,100,78,636
mol_833,36,240,637
mol_835,60,633,638
mol_836,90,381,639
mol_837,80,530,640
mol_839,36,162,641
mol_841,40,605,643
mol_843,70,598,644
mol_844,90,517,645
mol_845,60,242,646
mol_846,100,4,647
mol_847,100,409,648
mol_848,80,415,649
mol_849,100,200,650
mol_850,100,61,651
mol_851,80,332,652
mol_852,100,6,653
mol_853,90,101,654
mol_854,100,215,655
mol_855,80,233,656
mol_856,15,75,657
mol_857,100,516,658
mol_858,60,565,659
mol_859,100,621,660
mol_860,80,829,661
mol_862,100,143,663
mol_863,100,105,664
mol_864,100,156,665
mol_865,100,144,666
mol_866,80,247,667
mol_868,70,512,669
mol_869,80,718,670
mol_870,70,773,671
mol_871,40,334,672
mol_873,80,1438,673
mol_874,37,148,674
mol_875,54,424,675
mol_876,60,527,676
mol_877,80,135,677
mol_878,80,349,678
mol_879,100,501,679
mol_880,100,963,680
mol_881,100,210,681
mol_882,100,387,682
mol_883,90,376,683
mol_885,48,105,684
mol_886,100,220,685
mol_888,100,1220,686
mol_889,100,213,687
mol_890,70,116,688
mol_892,100,500,690
mol_894,100,84,691
mol_895,100,23,692
mol_896,70,369,693
mol_897,80,509,694
mol_898,36,18,695
mol_899,90,230,696
mol_901,100,81,697
mol_904,100,56,699
mol_905,68,204,700
mol_906,40,109,701
mol_907,90,297,702
mol_909,100,91,703
mol_910,60,120,704
mol_911,60,120,705
mol_912,100,441,706
mol_913,80,240,707
mol_914,100,1380,708
mol_915,100,24,709
mol_916,100,827,710
mol_917,49,776,711
mol_919,80,357,713
mol_920,100,582,714
mol_921,100,835,715
mol_922,100,430,716
mol_924,100,359,717
mol_925,100,391,718
mol_926,90,149,719
mol_927,80,625,720
mol_928,70,643,721
mol_929,100,984,722
mol_930,70,423,723
mol_931,70,364,724
mol_932,90,858,725
mol_933,90,500,726
mol_934,80,779,727
mol_935,100,335,728
mol_936,100,1092,729
mol_937,100,1113,730
mol_938,100,1031,731
mol_939,100,266,732
mol_940,100,820,733
mol_941,28,160,734
mol_942,100,1393,735
mol_943,87,625,736
mol_945,100,95,737
mol_946,100,332,738
mol_948,100,955,739
mol_949,100,1171,740
mol_950,100,1126,741
mol_951,16,288,742
mol_954,80,1532,744
mol_955,100,355,745
mol_957,1,6,746
mol_958,100,41,747
mol_959,100,1092,748
mol_960,60,1024,749
mol_961,100,350,750
mol_963,100,1116,751
mol_964,6,18,752
mol_965,100,875,753
mol_966,100,1048,754
mol_967,100,225,755
mol_968,90,231,756
mol_970,100,636,757
mol_971,100,769,758
mol_972,40,198,759
mol_974,100,512,760
mol_975,100,245,761
mol_976,100,434,762
mol_977,100,1105,763
mol_978,100,343,764
mol_979,90,224,765
mol_981,100,2072,766
mol_982,80,2032,767
mol_983,70,329,768
mol_986,100,426,769
mol_987,100,172,770
mol_988,100,821,771
mol_989,90,731,772
mol_990,10,116,773
mol_991,100,387,774
mol_993,28,100,775
mol_994,100,401,776
mol_995,100,441,777
mol_996,90,1171,778
mol_997,100,1036,779
mol_998,100,655,780
mol_999,80,1319,781
mol_1000,100,844,782

Finished screening current batch of 769 molecules

Cumulative totals for O75116_Cluster_178_Ki_prep-out_find_common_bedroc_screens_sub_3:
Number of molecules screened = 782
Number of conformers screened = 43478
Number of matches found = 174340
Number of molecules that produced matches = 691
Number of hits processed = 691

CPU time = 13.45 sec

--------------------------------------------------------------------------------

Current time: Fri May 10 16:00:57 2024
Elapsed time: 0:00:13.64
phase_screen successfully completed.


*** End of O75116_Cluster_178_Ki_prep-out_find_common_bedroc_screens_sub_3.log ***

*** Contents of O75116_Cluster_178_Ki_prep-out_find_common_bedroc_screens_sub_4.log ***

--------------------------------------------------------------------------------
JobId          : Ragnar-0-663e7ced
Name           : O75116_Cluster_178_Ki_prep-out_find_common_bedroc_screens_sub_4
Program        : phase_screen
Host           : Ragnar
Dir            : /scr/pvalenzuela/O75116_Cluster_178_Ki_prep-out_find_common_bedroc_screens
HostEntry      : localhost
JobHost        : Ragnar
JobDir         : /scr/pvalenzuela/O75116_Cluster_178_Ki_prep-out_find_common_bedroc_screens_sub_4
JobSchrodinger : /opt/schrodinger2021-2
Commandline    : /opt/schrodinger2021-2/phase_screen O75116_Cluster_178_Ki_prep-out_find_common_bedroc_proj.list O75116_Cluster_178_Ki_prep-out_find_common_bedroc_screens_hypo_files/O75116_Cluster_178_Ki_prep-out_find_common_bedroc_screens_sub_4_hypos.zip O75116_Cluster_178_Ki_prep-out_find_common_bedroc_screens_sub_4 -subjob -d 2.0 -nosort -aw 1.0 -vw 1.0 -volw 1.0 -HOST localhost
StartTime      : 2024-05-10-16:00:45
--------------------------------------------------------------------------------

Screening: /scr/pvalenzuela/O75116_Cluster_178_Ki_prep-out/O75116_Cluster_178_Ki_prep-out_find_common_actives/actives.phzip (project 1 of 2)
Hypothesis: hypo_3 (1 of 1)

Pre-screening 13 database records using 2D/3D index . . .
Number of records matched = 13
Pre-screen CPU time = 0.00 sec

Finding hits to hypo_3 . . .

ID,#Confs,#Matches,#Screened
mol_1,87,97,1
mol_2,93,103,2
mol_3,46,46,3
mol_4,81,81,4
mol_5,27,27,5
mol_7,42,42,7
mol_9,27,27,9
mol_10,42,42,10
mol_11,97,97,11
mol_12,93,93,12
mol_13,47,94,13

Finished screening current batch of 13 molecules

Cumulative totals for O75116_Cluster_178_Ki_prep-out_find_common_bedroc_screens_sub_4:
Number of molecules screened = 13
Number of conformers screened = 736
Number of matches found = 749
Number of molecules that produced matches = 11
Number of hits processed = 11

CPU time = 0.14 sec

--------------------------------------------------------------------------------

Screening: /scr/pvalenzuela/O75116_Cluster_178_Ki_prep-out/O75116_Cluster_178_Ki_prep-out_find_common_decoys/pharma_decoys.phzip (project 2 of 2)
Hypothesis: hypo_3 (1 of 1)

Pre-screening 1000 database records using 2D/3D index . . .
Number of records matched = 660
Pre-screen CPU time = 0.02 sec

Finding hits to hypo_3 . . .

ID,#Confs,#Matches,#Screened
mol_12,20,38,18
mol_15,3,3,19
mol_16,50,50,20
mol_22,4,4,23
mol_36,8,8,26
mol_48,12,24,30
mol_49,12,6,31
mol_54,6,6,34
mol_62,25,2,36
mol_64,1,2,38
mol_68,12,12,39
mol_69,1,1,40
mol_72,4,4,41
mol_75,18,12,43
mol_76,4,8,44
mol_78,10,2,45
mol_80,1,2,46
mol_86,12,12,47
mol_87,48,24,48
mol_90,30,48,50
mol_91,14,14,51
mol_97,60,31,54
mol_101,50,75,55
mol_102,24,62,56
mol_103,12,51,57
mol_104,2,2,58
mol_107,6,12,59
mol_108,32,32,60
mol_112,3,3,63
mol_113,10,38,64
mol_116,12,12,66
mol_117,6,12,67
mol_122,50,91,68
mol_123,12,72,69
mol_124,4,8,70
mol_126,12,68,71
mol_127,50,27,72
mol_134,16,16,74
mol_136,24,72,76
mol_138,50,50,77
mol_140,80,21,78
mol_142,60,120,79
mol_144,20,100,80
mol_145,60,120,81
mol_146,18,18,82
mol_147,1,1,83
mol_148,4,4,84
mol_149,8,16,85
mol_153,40,40,87
mol_154,22,11,88
mol_155,30,34,89
mol_159,15,7,90
mol_160,50,150,91
mol_161,80,239,92
mol_163,60,318,93
mol_164,17,86,94
mol_166,23,23,95
mol_169,24,36,96
mol_172,40,2,98
mol_174,76,111,99
mol_180,60,89,102
mol_183,70,70,103
mol_186,10,30,104
mol_187,12,12,105
mol_188,60,60,106
mol_189,30,54,107
mol_190,60,122,108
mol_191,60,43,109
mol_193,60,157,110
mol_194,2,2,111
mol_195,30,92,112
mol_196,27,27,113
mol_199,48,48,114
mol_202,20,72,115
mol_206,50,112,117
mol_207,15,15,118
mol_213,2,6,122
mol_214,9,27,123
mol_219,68,68,124
mol_220,8,8,125
mol_221,50,48,126
mol_225,13,13,127
mol_226,80,198,128
mol_228,80,434,129
mol_230,1,2,130
mol_233,42,4,131
mol_238,17,34,134
mol_241,20,80,136
mol_242,2,4,137
mol_246,50,100,139
mol_247,33,1,140
mol_248,40,120,141
mol_249,16,32,142
mol_250,50,62,143
mol_252,20,40,144
mol_253,8,16,145
mol_254,10,50,146
mol_255,50,180,147
mol_256,16,2,148
mol_257,50,29,149
mol_258,30,90,150
mol_259,50,50,151
mol_260,12,24,152
mol_261,36,99,153
mol_262,15,30,154
mol_266,24,96,157
mol_268,8,8,159
mol_270,80,80,160
mol_273,35,1,162
mol_275,15,55,163
mol_276,50,100,164
mol_277,36,144,165
mol_278,12,66,166
mol_280,41,49,167
mol_281,40,40,168
mol_282,80,99,169
mol_283,90,329,170
mol_287,9,13,171
mol_290,18,54,172
mol_293,60,120,174
mol_296,25,50,175
mol_297,28,7,176
mol_298,50,258,177
mol_299,12,12,178
mol_300,13,69,179
mol_301,5,1,180
mol_302,80,65,181
mol_303,50,100,182
mol_305,50,54,184
mol_306,8,8,185
mol_307,100,167,186
mol_308,80,80,187
mol_309,39,108,188
mol_310,100,181,189
mol_312,70,417,190
mol_313,30,90,191
mol_315,16,16,192
mol_316,80,83,193
mol_317,100,187,194
mol_318,16,32,195
mol_319,20,60,196
mol_320,12,68,197
mol_321,27,12,198
mol_325,60,120,199
mol_326,50,54,200
mol_328,60,240,201
mol_329,34,120,202
mol_331,12,12,203
mol_332,24,84,204
mol_334,80,124,205
mol_339,8,16,208
mol_341,47,32,209
mol_342,34,62,210
mol_343,50,140,211
mol_344,50,257,212
mol_345,60,77,213
mol_346,70,210,214
mol_349,8,32,215
mol_350,40,186,216
mol_353,18,18,218
mol_360,79,157,220
mol_361,80,80,221
mol_362,16,56,222
mol_363,11,10,223
mol_364,24,36,224
mol_365,40,12,225
mol_366,23,46,226
mol_367,12,24,227
mol_370,60,120,228
mol_371,60,60,229
mol_373,60,37,230
mol_378,70,89,231
mol_379,50,22,232
mol_380,50,50,233
mol_384,48,48,234
mol_385,60,153,235
mol_386,80,160,236
mol_387,12,36,237
mol_389,50,150,239
mol_390,90,270,240
mol_393,7,28,241
mol_394,40,60,242
mol_395,40,80,243
mol_396,36,144,244
mol_400,60,120,245
mol_401,23,25,246
mol_402,40,160,247
mol_403,42,30,248
mol_405,80,261,249
mol_407,40,80,250
mol_412,50,49,253
mol_413,90,418,254
mol_414,18,18,255
mol_415,70,70,256
mol_416,70,233,257
mol_418,32,32,259
mol_419,28,112,260
mol_421,80,59,261
mol_425,70,157,263
mol_426,60,60,264
mol_428,60,295,265
mol_429,80,320,266
mol_430,36,108,267
mol_431,60,120,268
mol_432,50,100,269
mol_433,50,369,270
mol_434,50,106,271
mol_436,17,153,272
mol_437,24,24,273
mol_438,50,79,274
mol_440,50,81,275
mol_441,70,49,276
mol_442,80,80,277
mol_446,4,8,279
mol_447,2,4,280
mol_448,80,162,281
mol_450,80,80,282
mol_453,8,20,283
mol_455,50,102,284
mol_456,50,292,285
mol_457,70,129,286
mol_458,50,194,287
mol_460,80,80,288
mol_461,100,159,289
mol_463,70,70,290
mol_464,30,27,291
mol_465,4,4,292
mol_466,12,12,293
mol_468,16,32,294
mol_469,80,133,295
mol_470,34,48,296
mol_472,90,95,297
mol_473,30,67,298
mol_475,60,140,299
mol_477,4,24,300
mol_478,40,398,301
mol_479,40,227,302
mol_480,50,250,303
mol_481,70,280,304
mol_482,16,16,305
mol_483,60,22,306
mol_485,21,97,308
mol_486,90,360,309
mol_487,100,144,310
mol_488,80,209,311
mol_489,70,14,312
mol_490,60,59,313
mol_491,40,120,314
mol_493,80,159,315
mol_494,18,57,316
mol_495,80,320,317
mol_496,48,68,318
mol_498,70,83,319
mol_499,11,16,320
mol_502,35,35,321
mol_503,30,80,322
mol_504,90,233,323
mol_507,8,8,325
mol_508,70,87,326
mol_509,50,2,327
mol_510,90,145,328
mol_511,90,180,329
mol_512,60,260,330
mol_513,40,49,331
mol_514,68,45,332
mol_515,100,367,333
mol_516,70,536,334
mol_518,34,112,335
mol_519,70,274,336
mol_523,90,137,338
mol_524,41,58,339
mol_525,76,76,340
mol_526,50,150,341
mol_528,80,49,342
mol_529,20,70,343
mol_533,12,12,344
mol_534,24,72,345
mol_535,34,100,346
mol_536,90,386,347
mol_537,16,48,348
mol_538,56,73,349
mol_539,100,2,350
mol_540,16,32,351
mol_543,80,165,352
mol_544,60,120,353
mol_545,32,80,354
mol_547,70,118,355
mol_548,36,36,356
mol_549,60,496,357
mol_550,60,180,358
mol_551,12,66,359
mol_552,70,350,360
mol_556,48,203,361
mol_557,6,16,362
mol_558,8,24,363
mol_559,70,350,364
mol_560,90,256,365
mol_562,40,267,366
mol_564,80,286,367
mol_566,50,13,368
mol_567,80,57,369
mol_568,100,24,370
mol_569,100,400,371
mol_571,60,139,372
mol_572,60,127,373
mol_574,50,113,374
mol_575,100,177,375
mol_579,60,120,377
mol_583,50,784,379
mol_584,58,20,380
mol_585,24,120,381
mol_587,60,504,382
mol_588,50,60,383
mol_589,100,254,384
mol_591,100,184,386
mol_592,1,30,387
mol_593,30,98,388
mol_594,98,36,389
mol_595,30,74,390
mol_596,100,191,391
mol_600,70,45,393
mol_601,60,79,394
mol_608,13,27,397
mol_610,60,235,398
mol_611,36,36,399
mol_612,26,90,400
mol_614,33,111,402
mol_616,50,50,403
mol_617,70,292,404
mol_618,90,557,405
mol_619,60,120,406
mol_620,100,187,407
mol_621,70,276,408
mol_623,60,131,409
mol_624,70,210,410
mol_626,24,24,412
mol_627,80,5,413
mol_628,90,32,414
mol_629,100,191,415
mol_630,12,66,416
mol_631,60,60,417
mol_632,80,314,418
mol_634,70,112,419
mol_635,60,120,420
mol_636,80,181,421
mol_638,90,33,422
mol_641,70,70,424
mol_643,75,150,425
mol_644,80,129,426
mol_645,90,157,427
mol_646,60,240,428
mol_650,16,48,429
mol_651,6,33,430
mol_653,80,252,431
mol_654,90,355,432
mol_656,32,32,433
mol_657,60,423,434
mol_658,90,293,435
mol_660,100,249,436
mol_661,100,222,437
mol_662,70,140,438
mol_663,80,160,439
mol_664,60,153,440
mol_665,80,167,441
mol_666,80,123,442
mol_667,50,207,443
mol_668,50,207,444
mol_670,60,53,445
mol_671,60,60,446
mol_676,24,72,447
mol_677,70,70,448
mol_679,1,5,449
mol_680,40,40,450
mol_681,70,210,451
mol_684,50,100,453
mol_685,2,2,454
mol_686,70,268,455
mol_687,90,243,456
mol_690,40,80,458
mol_692,50,251,459
mol_694,60,240,460
mol_695,71,148,461
mol_697,1,1,462
mol_698,90,171,463
mol_699,60,234,464
mol_700,36,108,465
mol_702,80,80,466
mol_704,70,678,467
mol_705,50,141,468
mol_706,56,224,469
mol_707,80,313,470
mol_708,100,8,471
mol_709,80,309,472
mol_710,100,453,473
mol_713,70,509,474
mol_714,60,59,475
mol_715,4,8,476
mol_716,52,312,477
mol_717,90,180,478
mol_718,80,199,479
mol_722,80,78,480
mol_723,70,2046,481
mol_725,90,238,482
mol_727,50,198,483
mol_730,70,230,484
mol_731,36,114,485
mol_734,100,149,486
mol_736,90,390,487
mol_738,70,286,488
mol_739,60,120,489
mol_740,90,76,490
mol_742,80,160,492
mol_743,60,101,493
mol_748,60,404,494
mol_750,90,431,495
mol_751,100,157,496
mol_752,70,418,497
mol_753,6,28,498
mol_754,90,90,499
mol_757,80,66,500
mol_758,100,100,501
mol_759,70,147,502
mol_760,90,511,503
mol_762,70,201,504
mol_763,70,170,505
mol_764,69,50,506
mol_765,9,43,507
mol_766,90,188,508
mol_767,6,6,509
mol_768,100,108,510
mol_769,100,59,511
mol_772,100,443,512
mol_773,100,495,513
mol_776,63,24,514
mol_777,90,263,515
mol_778,100,48,516
mol_779,3,6,517
mol_780,58,120,518
mol_782,50,81,519
mol_783,100,197,520
mol_787,100,144,522
mol_790,90,90,523
mol_791,90,516,524
mol_792,13,30,525
mol_795,100,600,526
mol_796,20,8,527
mol_798,100,226,528
mol_799,60,111,529
mol_803,100,300,531
mol_804,90,153,532
mol_805,90,170,533
mol_806,100,109,534
mol_807,60,132,535
mol_808,70,140,536
mol_810,34,3,537
mol_811,1,2,538
mol_812,100,29,539
mol_813,90,209,540
mol_814,16,67,541
mol_815,100,355,542
mol_817,100,61,543
mol_818,98,1,544
mol_820,90,579,545
mol_821,80,260,546
mol_822,90,585,547
mol_823,16,80,548
mol_824,90,382,549
mol_825,100,211,550
mol_826,50,89,551
mol_831,80,283,553
mol_832,100,230,554
mol_833,36,72,555
mol_834,60,60,556
mol_835,60,123,557
mol_836,90,222,558
mol_837,80,2,559
mol_839,36,36,560
mol_840,50,100,561
mol_841,40,483,562
mol_843,70,140,563
mol_844,90,90,564
mol_849,100,201,566
mol_851,80,239,568
mol_852,100,212,569
mol_853,90,180,570
mol_854,100,432,571
mol_855,80,324,572
mol_856,15,60,573
mol_857,100,259,574
mol_858,60,377,575
mol_860,80,270,576
mol_861,1,1,577
mol_862,100,310,578
mol_863,100,304,579
mol_864,100,335,580
mol_866,80,52,581
mol_867,100,99,582
mol_868,70,19,583
mol_869,80,145,584
mol_870,70,492,585
mol_871,40,200,586
mol_873,80,332,587
mol_875,54,63,588
mol_876,60,120,589
mol_877,80,239,590
mol_878,80,276,591
mol_879,100,76,592
mol_880,100,215,593
mol_881,100,600,594
mol_882,100,174,595
mol_885,48,18,596
mol_886,100,432,597
mol_888,100,93,598
mol_891,90,296,599
mol_892,100,159,600
mol_894,100,307,601
mol_895,100,300,602
mol_897,80,160,603
mol_901,100,151,605
mol_902,100,200,606
mol_905,68,348,607
mol_906,40,120,608
mol_907,90,394,609
mol_910,60,60,610
mol_911,60,60,611
mol_913,80,408,612
mol_914,100,8,613
mol_915,100,300,614
mol_916,100,34,615
mol_918,100,135,616
mol_919,80,209,617
mol_920,100,35,618
mol_921,100,379,619
mol_922,100,200,620
mol_924,100,44,621
mol_925,100,153,622
mol_926,90,447,623
mol_927,80,236,624
mol_928,70,140,625
mol_929,100,288,626
mol_931,70,210,627
mol_932,90,189,628
mol_933,90,131,629
mol_934,80,185,630
mol_935,100,104,631
mol_936,100,5,632
mol_937,100,221,633
mol_938,100,505,634
mol_939,100,12,635
mol_940,100,400,636
mol_941,28,20,637
mol_942,100,511,638
mol_945,100,300,639
mol_946,100,107,640
mol_948,100,203,641
mol_949,100,49,642
mol_950,100,25,643
mol_951,16,96,644
mol_954,80,316,646
mol_955,100,145,647
mol_959,100,7,648
mol_960,60,569,649
mol_961,100,20,650
mol_963,100,129,651
mol_964,6,12,652
mol_965,100,550,653
mol_966,100,136,654
mol_967,100,296,655
mol_968,90,473,656
mol_976,100,134,658
mol_977,100,9,659
mol_978,100,426,660
mol_981,100,778,662
mol_982,80,736,663
mol_986,100,177,664
mol_988,100,356,665
mol_990,10,44,666
mol_991,100,133,667
mol_993,28,56,668
mol_995,100,144,669
mol_996,90,270,670
mol_997,100,355,671
mol_998,100,221,672
mol_999,80,1120,673

Finished screening current batch of 660 molecules

Cumulative totals for O75116_Cluster_178_Ki_prep-out_find_common_bedroc_screens_sub_4:
Number of molecules screened = 673
Number of conformers screened = 36601
Number of matches found = 85285
Number of molecules that produced matches = 595
Number of hits processed = 595

CPU time = 8.54 sec

--------------------------------------------------------------------------------

Current time: Fri May 10 16:00:56 2024
Elapsed time: 0:00:08.69
phase_screen successfully completed.


*** End of O75116_Cluster_178_Ki_prep-out_find_common_bedroc_screens_sub_4.log ***

Combining hits from successful subjobs

All subjobs completed normally

Current time: Fri May 10 16:00:59 2024
Elapsed time: 0:00:29.74
phase_screen successfully completed.

