--------------------------------------------------------------------------------
JobId          : Ragnar-0-663e8048
Name           : O75116_Cluster_34_Ki_prep-out
Program        : 
Host           : Ragnar
Dir            : /home/pvalenzuela/Desktop/test/aa/O75116/01_cluster_prep_O75116
HostEntry      : localhost
JobHost        : Ragnar
JobDir         : /scr/pvalenzuela/O75116_Cluster_34_Ki_prep-out
JobSchrodinger : /opt/schrodinger2021-2
Commandline    : /opt/schrodinger2021-2/utilities/phase_hypothesis O75116_Cluster_34_Ki_prep-out.inp -HOST localhost:12
StartTime      : 2024-05-10-16:15:05
--------------------------------------------------------------------------------

Input Settings for phase_hypothesis:
--------------------------------------
APPEND_EXCLUDED_VOLUMES = False
FEATURE_DEFINITION_FILE = O75116_Cluster_34_Ki_prep-out.def
FEATURE_FREQUENCY_A = [0, 3]
FEATURE_FREQUENCY_D = [0, 3]
FEATURE_FREQUENCY_H = [0, 3]
FEATURE_FREQUENCY_N = [0, 3]
FEATURE_FREQUENCY_P = [0, 3]
FEATURE_FREQUENCY_R = [0, 3]
FEATURE_FREQUENCY_X = [0, 3]
FEATURE_FREQUENCY_Y = [0, 3]
FEATURE_FREQUENCY_Z = [0, 3]
FEATURE_TOLERANCE_A = 2.0
FEATURE_TOLERANCE_D = 2.0
FEATURE_TOLERANCE_H = 2.0
FEATURE_TOLERANCE_N = 2.0
FEATURE_TOLERANCE_P = 2.0
FEATURE_TOLERANCE_R = 2.0
FEATURE_TOLERANCE_X = 2.0
FEATURE_TOLERANCE_Y = 2.0
FEATURE_TOLERANCE_Z = 2.0
GENERATE_CONFORMERS = False
HYPOTHESES_KEPT_PER_FEATURE_SIZE = 10
HYPOTHESIS_DIFFERENCE_CRITERIA = 0.5
INPUT_STRUCTURE_FILE = O75116_Cluster_34_Ki_prep-out.maegz
LIGAND_PERCEPTION = stereo
NUMBER_FEATURES_PER_HYPOTHESIS = [3, 7]
PREFERRED_MIN_SITES = 7
REQUIRED_MATCH_FRACTION = 0.85
SCORE_WEIGHT_BEDROC = 1.0
SCORE_WEIGHT_INACTIVE = 1.0
SCORE_WEIGHT_LOG_MATCH = 1.0
SCORE_WEIGHT_SELECTIVITY = 1.0
SCORE_WEIGHT_SITE = 1.0
SCORE_WEIGHT_SURVIVAL = 0.06
SCORE_WEIGHT_VECTOR = 1.0
SCORE_WEIGHT_VOLUME = 1.0
USE_FAST_SCORING = False
USE_LIGAND_GROUPING = True
USE_PREALIGNED_LIGANDS = False
USE_STEREO = True
USE_TITLES = False
--------------------------------------

Starting up common pharmacophore workflow...
Jobname: O75116_Cluster_34_Ki_prep-out


Creating Phase project: O75116_Cluster_34_Ki_prep-out.phprj
Importing structure(s) into Phase project...
Creating new Phase project...
/opt/schrodinger2021-2/internal/bin/phase_database
Total ligands = 22
Assigning active/inactive labels...
Total actives = 22
Total inactives = 0
Applying ligand groupings...
Phase project ligand summary:
 ID  | TITLE        | CONFORMERS | PHARM_SET | GROUP | MUST MATCH
 1   | 6540027      | 1          | active    | 1     | 0
 2   | 6539985      | 1          | active    | 2     | 0
 3   | 49830368     | 1          | active    | 3     | 0
 4   | 16122934     | 1          | active    | 4     | 0
 5   | 49830349     | 1          | active    | 5     | 0
 6   | 49830381     | 1          | active    | 6     | 0
 7   | 49830378     | 1          | active    | 7     | 0
 8   | 49830369     | 1          | active    | 8     | 0
 9   | 49830382     | 1          | active    | 9     | 0
 10  | 49830566     | 1          | active    | 10    | 0
 11  | 49830379     | 1          | active    | 11    | 0
 12  | 10043997     | 1          | active    | 12    | 0
 13  | 10338500     | 1          | active    | 13    | 0
 14  | 49830377     | 1          | active    | 14    | 0
 15  | 49830375     | 1          | active    | 15    | 0
 16  | 9868229      | 1          | active    | 16    | 0
 17  | 49830354     | 1          | active    | 17    | 0
 18  | 9950716      | 1          | active    | 18    | 0
 19  | 10067064     | 1          | active    | 19    | 0
 20  | 10409523     | 1          | active    | 20    | 0
 21  | 16043242     | 1          | active    | 21    | 0
 22  | 6540003      | 1          | active    | 22    | 0

Loading feature property files...
Adding pharmacophore sites...
/opt/schrodinger2021-2/internal/bin/phase_database
Phase project successfully created.

Launching find common pharmacophore hypothesis job...

Running subjobs on hosts:
  localhost (Max: 12)
Number of jobs:       1
Max retries per job:  0
Max allowed failures: 0
Verbosity:            verbose

Starting JobDJ...

Keep one job on driver host: False
JobDJ columns:
  C: Number of completed subjobs
  A: Number of active subjobs (e.g., submitted, running)
  W: Number of waiting/pending subjobs

C A W | Activity  JobId  JobName  JobHost
- - - | --------- -----------------------
0 1 0 | launched  Ragnar-0-663e804d O75116_Cluster_34_Ki_prep-out_find_common localhost [Ragnar]
1 0 0 | finished  Ragnar-0-663e804d O75116_Cluster_34_Ki_prep-out_find_common localhost [Ragnar]

All jobs have completed.

1 of 1 job(s) succeeded; 0 job(s) failed.


phase_find_common job completed.
16 hypotheses created.
Common pharmacophore hypothesis job completed.

Current time: Fri May 10 16:17:41 2024
Elapsed time: 0:02:36.085728

Develop common pharmacophore workflow successful.
