--------------------------------------------------------------------------------
JobId          : Ragnar-0-663e7f93
Name           : O75116_Cluster_25_Ki_prep-out
Program        : 
Host           : Ragnar
Dir            : /home/pvalenzuela/Desktop/test/aa/O75116/01_cluster_prep_O75116
HostEntry      : localhost
JobHost        : Ragnar
JobDir         : /scr/pvalenzuela/O75116_Cluster_25_Ki_prep-out
JobSchrodinger : /opt/schrodinger2021-2
Commandline    : /opt/schrodinger2021-2/utilities/phase_hypothesis O75116_Cluster_25_Ki_prep-out.inp -HOST localhost:12
StartTime      : 2024-05-10-16:12:04
--------------------------------------------------------------------------------

Input Settings for phase_hypothesis:
--------------------------------------
APPEND_EXCLUDED_VOLUMES = False
FEATURE_DEFINITION_FILE = O75116_Cluster_25_Ki_prep-out.def
FEATURE_FREQUENCY_A = [0, 3]
FEATURE_FREQUENCY_D = [0, 3]
FEATURE_FREQUENCY_H = [0, 3]
FEATURE_FREQUENCY_N = [0, 3]
FEATURE_FREQUENCY_P = [0, 3]
FEATURE_FREQUENCY_R = [0, 3]
FEATURE_FREQUENCY_X = [0, 3]
FEATURE_FREQUENCY_Y = [0, 3]
FEATURE_FREQUENCY_Z = [0, 3]
FEATURE_TOLERANCE_A = 2.0
FEATURE_TOLERANCE_D = 2.0
FEATURE_TOLERANCE_H = 2.0
FEATURE_TOLERANCE_N = 2.0
FEATURE_TOLERANCE_P = 2.0
FEATURE_TOLERANCE_R = 2.0
FEATURE_TOLERANCE_X = 2.0
FEATURE_TOLERANCE_Y = 2.0
FEATURE_TOLERANCE_Z = 2.0
GENERATE_CONFORMERS = False
HYPOTHESES_KEPT_PER_FEATURE_SIZE = 10
HYPOTHESIS_DIFFERENCE_CRITERIA = 0.5
INPUT_STRUCTURE_FILE = O75116_Cluster_25_Ki_prep-out.maegz
LIGAND_PERCEPTION = stereo
NUMBER_FEATURES_PER_HYPOTHESIS = [3, 7]
PREFERRED_MIN_SITES = 7
REQUIRED_MATCH_FRACTION = 0.85
SCORE_WEIGHT_BEDROC = 1.0
SCORE_WEIGHT_INACTIVE = 1.0
SCORE_WEIGHT_LOG_MATCH = 1.0
SCORE_WEIGHT_SELECTIVITY = 1.0
SCORE_WEIGHT_SITE = 1.0
SCORE_WEIGHT_SURVIVAL = 0.06
SCORE_WEIGHT_VECTOR = 1.0
SCORE_WEIGHT_VOLUME = 1.0
USE_FAST_SCORING = False
USE_LIGAND_GROUPING = True
USE_PREALIGNED_LIGANDS = False
USE_STEREO = True
USE_TITLES = False
--------------------------------------

Starting up common pharmacophore workflow...
Jobname: O75116_Cluster_25_Ki_prep-out


Creating Phase project: O75116_Cluster_25_Ki_prep-out.phprj
Importing structure(s) into Phase project...
Creating new Phase project...
/opt/schrodinger2021-2/internal/bin/phase_database
Total ligands = 27
Assigning active/inactive labels...
Total actives = 27
Total inactives = 0
Applying ligand groupings...
Phase project ligand summary:
 ID  | TITLE        | CONFORMERS | PHARM_SET | GROUP | MUST MATCH
 1   | 57509993     | 1          | active    | 1     | 0
 2   | 57510007     | 1          | active    | 2     | 0
 3   | 57509995     | 1          | active    | 3     | 0
 4   | 57510012     | 1          | active    | 4     | 0
 5   | 57510160     | 1          | active    | 5     | 0
 6   | 57510004     | 1          | active    | 6     | 0
 7   | 57510014     | 1          | active    | 7     | 0
 8   | 57509998     | 1          | active    | 8     | 0
 9   | 57510016     | 1          | active    | 9     | 0
 10  | 57510002     | 1          | active    | 10    | 0
 11  | 57509990     | 1          | active    | 11    | 0
 12  | 57510000     | 1          | active    | 12    | 0
 13  | 57510005     | 1          | active    | 13    | 0
 14  | 57509997     | 1          | active    | 14    | 0
 15  | 57509992     | 1          | active    | 15    | 0
 16  | 57509999     | 1          | active    | 16    | 0
 17  | 57509991     | 1          | active    | 17    | 0
 18  | 57510158     | 1          | active    | 18    | 0
 19  | 57509994     | 1          | active    | 19    | 0
 20  | 57510006     | 1          | active    | 20    | 0
 21  | 57509996     | 1          | active    | 21    | 0
 22  | 57510011     | 1          | active    | 22    | 0
 23  | 57510013     | 1          | active    | 23    | 0
 24  | 57510003     | 1          | active    | 24    | 0
 25  | 57510010     | 1          | active    | 25    | 0
 26  | 57510159     | 1          | active    | 26    | 0
 27  | 57510001     | 1          | active    | 27    | 0

Loading feature property files...
Adding pharmacophore sites...
/opt/schrodinger2021-2/internal/bin/phase_database
Phase project successfully created.

Launching find common pharmacophore hypothesis job...

Running subjobs on hosts:
  localhost (Max: 12)
Number of jobs:       1
Max retries per job:  0
Max allowed failures: 0
Verbosity:            verbose

Starting JobDJ...

Keep one job on driver host: False
JobDJ columns:
  C: Number of completed subjobs
  A: Number of active subjobs (e.g., submitted, running)
  W: Number of waiting/pending subjobs

C A W | Activity  JobId  JobName  JobHost
- - - | --------- -----------------------
0 1 0 | launched  Ragnar-0-663e7f98 O75116_Cluster_25_Ki_prep-out_find_common localhost [Ragnar]
1 0 0 | finished  Ragnar-0-663e7f98 O75116_Cluster_25_Ki_prep-out_find_common localhost [Ragnar]

All jobs have completed.

1 of 1 job(s) succeeded; 0 job(s) failed.


phase_find_common job completed.
42 hypotheses created.
Common pharmacophore hypothesis job completed.

Current time: Fri May 10 16:13:47 2024
Elapsed time: 0:01:43.308006

Develop common pharmacophore workflow successful.
