--------------------------------------------------------------------------------
JobId          : Ragnar-0-663e831d
Name           : O75116_Cluster_66_IC50_prep-out
Program        : 
Host           : Ragnar
Dir            : /home/pvalenzuela/Desktop/test/aa/O75116/01_cluster_prep_O75116
HostEntry      : localhost
JobHost        : Ragnar
JobDir         : /scr/pvalenzuela/O75116_Cluster_66_IC50_prep-out
JobSchrodinger : /opt/schrodinger2021-2
Commandline    : /opt/schrodinger2021-2/utilities/phase_hypothesis O75116_Cluster_66_IC50_prep-out.inp -HOST localhost:12
StartTime      : 2024-05-10-16:27:09
--------------------------------------------------------------------------------

Input Settings for phase_hypothesis:
--------------------------------------
APPEND_EXCLUDED_VOLUMES = False
FEATURE_DEFINITION_FILE = O75116_Cluster_66_IC50_prep-out.def
FEATURE_FREQUENCY_A = [0, 3]
FEATURE_FREQUENCY_D = [0, 3]
FEATURE_FREQUENCY_H = [0, 3]
FEATURE_FREQUENCY_N = [0, 3]
FEATURE_FREQUENCY_P = [0, 3]
FEATURE_FREQUENCY_R = [0, 3]
FEATURE_FREQUENCY_X = [0, 3]
FEATURE_FREQUENCY_Y = [0, 3]
FEATURE_FREQUENCY_Z = [0, 3]
FEATURE_TOLERANCE_A = 2.0
FEATURE_TOLERANCE_D = 2.0
FEATURE_TOLERANCE_H = 2.0
FEATURE_TOLERANCE_N = 2.0
FEATURE_TOLERANCE_P = 2.0
FEATURE_TOLERANCE_R = 2.0
FEATURE_TOLERANCE_X = 2.0
FEATURE_TOLERANCE_Y = 2.0
FEATURE_TOLERANCE_Z = 2.0
GENERATE_CONFORMERS = False
HYPOTHESES_KEPT_PER_FEATURE_SIZE = 10
HYPOTHESIS_DIFFERENCE_CRITERIA = 0.5
INPUT_STRUCTURE_FILE = O75116_Cluster_66_IC50_prep-out.maegz
LIGAND_PERCEPTION = stereo
NUMBER_FEATURES_PER_HYPOTHESIS = [3, 7]
PREFERRED_MIN_SITES = 7
REQUIRED_MATCH_FRACTION = 0.85
SCORE_WEIGHT_BEDROC = 1.0
SCORE_WEIGHT_INACTIVE = 1.0
SCORE_WEIGHT_LOG_MATCH = 1.0
SCORE_WEIGHT_SELECTIVITY = 1.0
SCORE_WEIGHT_SITE = 1.0
SCORE_WEIGHT_SURVIVAL = 0.06
SCORE_WEIGHT_VECTOR = 1.0
SCORE_WEIGHT_VOLUME = 1.0
USE_FAST_SCORING = False
USE_LIGAND_GROUPING = True
USE_PREALIGNED_LIGANDS = False
USE_STEREO = True
USE_TITLES = False
--------------------------------------

Starting up common pharmacophore workflow...
Jobname: O75116_Cluster_66_IC50_prep-out


Creating Phase project: O75116_Cluster_66_IC50_prep-out.phprj
Importing structure(s) into Phase project...
Creating new Phase project...
/opt/schrodinger2021-2/internal/bin/phase_database
Total ligands = 69
Assigning active/inactive labels...
Total actives = 69
Total inactives = 0
Applying ligand groupings...
Phase project ligand summary:
 ID  | TITLE        | CONFORMERS | PHARM_SET | GROUP | MUST MATCH
 1   | 56600346     | 1          | active    | 1     | 0
 2   | 56600344     | 1          | active    | 2     | 0
 3   | 88558463     | 1          | active    | 3     | 0
 4   | 84973037     | 1          | active    | 4     | 0
 5   | 56600748     | 1          | active    | 5     | 0
 6   | 56600750     | 1          | active    | 6     | 0
 7   | 84973038     | 1          | active    | 7     | 0
 8   | 56600953     | 1          | active    | 8     | 0
 9   | 84973039     | 1          | active    | 9     | 0
 10  | 84973040     | 1          | active    | 10    | 0
 11  | 88553160     | 1          | active    | 11    | 0
 12  | 88553159     | 1          | active    | 12    | 0
 13  | 84973041     | 1          | active    | 13    | 0
 14  | 84973042     | 1          | active    | 14    | 0
 15  | 84973043     | 1          | active    | 15    | 0
 16  | 84973044     | 1          | active    | 16    | 0
 17  | 84973045     | 1          | active    | 17    | 0
 18  | 84973046     | 1          | active    | 18    | 0
 19  | 84973047     | 1          | active    | 19    | 0
 20  | 56601341     | 1          | active    | 20    | 0
 21  | 84973048     | 1          | active    | 21    | 0
 22  | 56601543     | 1          | active    | 22    | 0
 23  | 56601941     | 1          | active    | 23    | 0
 24  | 84973049     | 1          | active    | 24    | 0
 25  | 84973050     | 1          | active    | 25    | 0
 26  | 84973051     | 1          | active    | 26    | 0
 27  | 84973053     | 1          | active    | 27    | 0
 28  | 84973054     | 1          | active    | 28    | 0
 29  | 84973055     | 1          | active    | 29    | 0
 30  | 84973056     | 1          | active    | 30    | 0
 31  | 84973057     | 1          | active    | 31    | 0
 32  | 84973058     | 1          | active    | 32    | 0
 33  | 56599751     | 1          | active    | 33    | 0
 34  | 56599753     | 1          | active    | 34    | 0
 35  | 84973059     | 1          | active    | 35    | 0
 36  | 56599755     | 1          | active    | 36    | 0
 37  | 68011389     | 1          | active    | 37    | 0
 38  | 84973060     | 1          | active    | 38    | 0
 39  | 68011390     | 1          | active    | 39    | 0
 40  | 84973061     | 1          | active    | 40    | 0
 41  | 84973062     | 1          | active    | 41    | 0
 42  | 84973063     | 1          | active    | 42    | 0
 43  | 88558465     | 1          | active    | 43    | 0
 44  | 84973064     | 1          | active    | 44    | 0
 45  | 84973065     | 1          | active    | 45    | 0
 46  | 84973066     | 1          | active    | 46    | 0
 47  | 84973067     | 1          | active    | 47    | 0
 48  | 84973068     | 1          | active    | 48    | 0
 49  | 56600154     | 1          | active    | 49    | 0
 50  | 84973069     | 1          | active    | 50    | 0
 51  | 84973070     | 1          | active    | 51    | 0
 52  | 84973072     | 1          | active    | 52    | 0
 53  | 84973073     | 1          | active    | 53    | 0
 54  | 84973074     | 1          | active    | 54    | 0
 55  | 84973075     | 1          | active    | 55    | 0
 56  | 84973076     | 1          | active    | 56    | 0
 57  | 84973077     | 1          | active    | 57    | 0
 58  | 84973078     | 1          | active    | 58    | 0
 59  | 84973079     | 1          | active    | 59    | 0
 60  | 84973080     | 1          | active    | 60    | 0
 61  | 84973081     | 1          | active    | 61    | 0
 62  | 84973082     | 1          | active    | 62    | 0
 63  | 84973083     | 1          | active    | 63    | 0
 64  | 84973084     | 1          | active    | 64    | 0
 65  | 56597186     | 1          | active    | 65    | 0
 66  | 56597187     | 1          | active    | 66    | 0
 67  | 56598714     | 1          | active    | 67    | 0
 68  | 118668487    | 1          | active    | 68    | 0
 69  | 118668488    | 1          | active    | 69    | 0

Loading feature property files...
Adding pharmacophore sites...
/opt/schrodinger2021-2/internal/bin/phase_database
Phase project successfully created.

Launching find common pharmacophore hypothesis job...

Running subjobs on hosts:
  localhost (Max: 12)
Number of jobs:       1
Max retries per job:  0
Max allowed failures: 0
Verbosity:            verbose

Starting JobDJ...

Keep one job on driver host: False
JobDJ columns:
  C: Number of completed subjobs
  A: Number of active subjobs (e.g., submitted, running)
  W: Number of waiting/pending subjobs

C A W | Activity  JobId  JobName  JobHost
- - - | --------- -----------------------
0 1 0 | launched  Ragnar-0-663e8323 O75116_Cluster_66_IC50_prep-out_find_common localhost [Ragnar]
1 0 0 | finished  Ragnar-0-663e8323 O75116_Cluster_66_IC50_prep-out_find_common localhost [Ragnar]

All jobs have completed.

1 of 1 job(s) succeeded; 0 job(s) failed.


phase_find_common job completed.
17 hypotheses created.
Common pharmacophore hypothesis job completed.

Current time: Fri May 10 16:30:01 2024
Elapsed time: 0:02:51.659884

Develop common pharmacophore workflow successful.
