Driver script for phase_find_common job O75116_Cluster_25_Ki_prep-out_find_common
Current time: Fri May 10 16:12:09 2024
Host name: Ragnar
Number of CPUs requested = 12
SCHRODINGER=/opt/schrodinger2021-2
SCHRODINGER_JOBID=Ragnar-0-663e7f98
MMSHARE_EXEC=/opt/schrodinger2021-2/mmshare-v5.4/bin/Linux-x86_64

Invoking phase_find_common binary to do initial setup:
phase_find_common /scr/pvalenzuela/O75116_Cluster_25_Ki_prep-out/O75116_Cluster_25_Ki_prep-out.phzip -JOB O75116_Cluster_25_Ki_prep-out_find_common -JOBHOST localhost:12 -sites 3:7 -ex -miss 0.15000000000000002 -fraction -prefer 7 -redun 0.5 -keep 10 -site 1.0 -vect 1.0 -vol 1.0 -select 1.0 -logm 1.0 -inactive 1.0 -setup

********************************************************************************

Host name: Ragnar
SCHRODINGER=/opt/schrodinger2021-2
SCHRODINGER_JOBID=Ragnar-0-663e7f98
MMSHARE_EXEC=/opt/schrodinger2021-2/mmshare-v5.4/bin/Linux-x86_64

********************************************************************************

phase_find_common: Fri May 10 16:12:09 2024

Project archive = "/scr/pvalenzuela/O75116_Cluster_25_Ki_prep-out/O75116_Cluster_25_Ki_prep-out.phzip"
Options:
-JOB O75116_Cluster_25_Ki_prep-out_find_common
-JOBHOST localhost:12
-ex
-fraction
-inactive 1.0
-keep 10
-logm 1.0
-miss 0.15000000000000002
-prefer 7
-redun 0.5
-select 1.0
-setup
-site 1.0
-sites 3:7
-vect 1.0
-vol 1.0

Doing setup for subjobs

Unzipping /scr/pvalenzuela/O75116_Cluster_25_Ki_prep-out/O75116_Cluster_25_Ki_prep-out.phzip to directory O75116_Cluster_25_Ki_prep-out_find_common_setup . . .

Number of actives = 27
Number of active groups = 27
Maximum allowed misses = 4
Number of reference ligands = 27
Number of CPUs requested = 12
Writing subjob template lists to O75116_Cluster_25_Ki_prep-out_find_common_templates.csv

Removing directory O75116_Cluster_25_Ki_prep-out_find_common_setup

CPU time = 0.01 sec
Elapsed time = 0.00 sec

phase_find_common successfully completed
Control returned to phase_find_common driver script

Launching phase_find_common subjobs . . .


Running subjobs on hosts:
  localhost (Max: 12)
Number of jobs:       12
Max retries per job:  3
Max allowed failures: unlimited
Verbosity:            normal

Starting JobDJ...

Keep one job on driver host: False
JobDJ columns:
  C: Number of completed subjobs
  A: Number of active subjobs (e.g., submitted, running)
  W: Number of waiting/pending subjobs

 C  A  W | Activity  JobId  JobName  JobHost
-- -- -- | --------- -----------------------
 0  1 11 | launched  Ragnar-0-663e7f9a O75116_Cluster_25_Ki_prep-out_find_common_sub_1 localhost [Ragnar]
 0  2 10 | launched  Ragnar-1-663e7f9a O75116_Cluster_25_Ki_prep-out_find_common_sub_2 localhost [Ragnar]
 0  3  9 | launched  Ragnar-0-663e7f9b O75116_Cluster_25_Ki_prep-out_find_common_sub_3 localhost [Ragnar]
 0  4  8 | launched  Ragnar-0-663e7f9c O75116_Cluster_25_Ki_prep-out_find_common_sub_4 localhost [Ragnar]
 0  5  7 | launched  Ragnar-0-663e7f9d O75116_Cluster_25_Ki_prep-out_find_common_sub_5 localhost [Ragnar]
 1  4  7 | finished  Ragnar-0-663e7f9a O75116_Cluster_25_Ki_prep-out_find_common_sub_1 localhost [Ragnar]
 2  3  7 | finished  Ragnar-1-663e7f9a O75116_Cluster_25_Ki_prep-out_find_common_sub_2 localhost [Ragnar]
 3  2  7 | finished  Ragnar-0-663e7f9b O75116_Cluster_25_Ki_prep-out_find_common_sub_3 localhost [Ragnar]
 3  3  6 | launched  Ragnar-0-663e7f9e O75116_Cluster_25_Ki_prep-out_find_common_sub_6 localhost [Ragnar]
 3  4  5 | launched  Ragnar-0-663e7f9f O75116_Cluster_25_Ki_prep-out_find_common_sub_7 localhost [Ragnar]
 3  5  4 | launched  Ragnar-0-663e7fa0 O75116_Cluster_25_Ki_prep-out_find_common_sub_8 localhost [Ragnar]
 3  6  3 | launched  Ragnar-0-663e7fa1 O75116_Cluster_25_Ki_prep-out_find_common_sub_9 localhost [Ragnar]
 3  7  2 | launched  Ragnar-0-663e7fa2 O75116_Cluster_25_Ki_prep-out_find_common_sub_10 localhost [Ragnar]
 4  6  2 | finished  Ragnar-0-663e7f9c O75116_Cluster_25_Ki_prep-out_find_common_sub_4 localhost [Ragnar]
 5  5  2 | finished  Ragnar-0-663e7f9d O75116_Cluster_25_Ki_prep-out_find_common_sub_5 localhost [Ragnar]
 6  4  2 | finished  Ragnar-0-663e7f9e O75116_Cluster_25_Ki_prep-out_find_common_sub_6 localhost [Ragnar]
 7  3  2 | finished  Ragnar-0-663e7f9f O75116_Cluster_25_Ki_prep-out_find_common_sub_7 localhost [Ragnar]
 8  2  2 | finished  Ragnar-0-663e7fa0 O75116_Cluster_25_Ki_prep-out_find_common_sub_8 localhost [Ragnar]
 8  3  1 | launched  Ragnar-0-663e7fa3 O75116_Cluster_25_Ki_prep-out_find_common_sub_11 localhost [Ragnar]
 8  4  0 | launched  Ragnar-0-663e7fa4 O75116_Cluster_25_Ki_prep-out_find_common_sub_12 localhost [Ragnar]
 9  3  0 | finished  Ragnar-0-663e7fa1 O75116_Cluster_25_Ki_prep-out_find_common_sub_9 localhost [Ragnar]
10  2  0 | finished  Ragnar-0-663e7fa2 O75116_Cluster_25_Ki_prep-out_find_common_sub_10 localhost [Ragnar]
11  1  0 | finished  Ragnar-0-663e7fa3 O75116_Cluster_25_Ki_prep-out_find_common_sub_11 localhost [Ragnar]
12  0  0 | finished  Ragnar-0-663e7fa4 O75116_Cluster_25_Ki_prep-out_find_common_sub_12 localhost [Ragnar]

All jobs have completed.

12 of 12 job(s) succeeded; 0 job(s) failed.


Invoking phase_find_common binary to combine subjobs:
phase_find_common /scr/pvalenzuela/O75116_Cluster_25_Ki_prep-out/O75116_Cluster_25_Ki_prep-out.phzip -JOB O75116_Cluster_25_Ki_prep-out_find_common -JOBHOST localhost:12 -sites 3:7 -ex -miss 0.15000000000000002 -fraction -prefer 7 -redun 0.5 -keep 10 -site 1.0 -vect 1.0 -vol 1.0 -select 1.0 -logm 1.0 -inactive 1.0 -cleanup

********************************************************************************

Host name: Ragnar
SCHRODINGER=/opt/schrodinger2021-2
SCHRODINGER_JOBID=Ragnar-0-663e7f98
MMSHARE_EXEC=/opt/schrodinger2021-2/mmshare-v5.4/bin/Linux-x86_64

********************************************************************************

phase_find_common: Fri May 10 16:12:23 2024

Project archive = "/scr/pvalenzuela/O75116_Cluster_25_Ki_prep-out/O75116_Cluster_25_Ki_prep-out.phzip"
Options:
-JOB O75116_Cluster_25_Ki_prep-out_find_common
-JOBHOST localhost:12
-cleanup
-ex
-fraction
-inactive 1.0
-keep 10
-logm 1.0
-miss 0.15000000000000002
-prefer 7
-redun 0.5
-select 1.0
-site 1.0
-sites 3:7
-vect 1.0
-vol 1.0

Combining results of completed subjobs . . .

*** Contents of O75116_Cluster_25_Ki_prep-out_find_common_sub_1.log ***

Driver script for phase_find_common subjob O75116_Cluster_25_Ki_prep-out_find_common_sub_1
Current time: Fri May 10 16:12:10 2024
Host name: Ragnar
Number of CPUs requested = 1
SCHRODINGER=/opt/schrodinger2021-2
SCHRODINGER_JOBID=Ragnar-0-663e7f9a
MMSHARE_EXEC=/opt/schrodinger2021-2/mmshare-v5.4/bin/Linux-x86_64

Invoking phase_find_common binary to find and score common pharmacophores:
phase_find_common /scr/pvalenzuela/O75116_Cluster_25_Ki_prep-out/O75116_Cluster_25_Ki_prep-out.phzip -JOB O75116_Cluster_25_Ki_prep-out_find_common -sites 3:7 -ex -miss 0.15000000000000002 -fraction -prefer 7 -redun 0.5 -keep 10 -site 1.0 -vect 1.0 -vol 1.0 -select 1.0 -logm 1.0 -inactive 1.0 -subjob O75116_Cluster_25_Ki_prep-out_find_common_sub_1

********************************************************************************

Host name: Ragnar
SCHRODINGER=/opt/schrodinger2021-2
SCHRODINGER_JOBID=Ragnar-0-663e7f9a
MMSHARE_EXEC=/opt/schrodinger2021-2/mmshare-v5.4/bin/Linux-x86_64

********************************************************************************

phase_find_common: Fri May 10 16:12:10 2024

Project archive = "/scr/pvalenzuela/O75116_Cluster_25_Ki_prep-out/O75116_Cluster_25_Ki_prep-out.phzip"
Options:
-JOB O75116_Cluster_25_Ki_prep-out_find_common
-ex
-fraction
-inactive 1.0
-keep 10
-logm 1.0
-miss 0.15000000000000002
-prefer 7
-redun 0.5
-select 1.0
-site 1.0
-sites 3:7
-subjob O75116_Cluster_25_Ki_prep-out_find_common_sub_1
-vect 1.0
-vol 1.0

Unzipping /scr/pvalenzuela/O75116_Cluster_25_Ki_prep-out/O75116_Cluster_25_Ki_prep-out.phzip to directory O75116_Cluster_25_Ki_prep-out_find_common_sub_1_project . . .

********************************************************************************

Aligning actives to 1 conformer of reference ligand mol_1 (1 of 3) . . .
20% complete
40% complete
60% complete
80% complete
100% complete

Searching for pharmacophores that match at least 27 active groups . . .
Searching for pharmacophores that match at least 26 active groups . . .
Searching for pharmacophores that match at least 25 active groups . . .
Searching for pharmacophores that match at least 24 active groups . . .
Searching for pharmacophores that match at least 23 active groups . . .

Refining matches and alignments . . .
10% complete
20% complete
30% complete
40% complete
50% complete
60% complete
70% complete
80% complete
90% complete
100% complete

Surviving common pharmacophore counts for reference ligand mol_1:
3-point: 10
4-point: 10
5-point: 10
6-point: 7
7-point: 1
  Total: 38

Running totals for all reference ligands assigned to this subjob:
3-point: 10
4-point: 10
5-point: 10
6-point: 7
7-point: 1
  Total: 38

********************************************************************************

Aligning actives to 1 conformer of reference ligand mol_13 (2 of 3) . . .
20% complete
40% complete
60% complete
80% complete
100% complete

Searching for pharmacophores that match at least 27 active groups . . .
Searching for pharmacophores that match at least 26 active groups . . .
Searching for pharmacophores that match at least 25 active groups . . .
Searching for pharmacophores that match at least 24 active groups . . .
Searching for pharmacophores that match at least 23 active groups . . .
Recovering 4-point pharmacophores that matched 26 active groups . . .

Refining matches and alignments . . .
20% complete
40% complete
60% complete
80% complete
100% complete

Surviving common pharmacophore counts for reference ligand mol_13:
3-point: 4
4-point: 1
5-point: 0
6-point: 0
7-point: 0
  Total: 5

Running totals for all reference ligands assigned to this subjob:
3-point: 14
4-point: 11
5-point: 10
6-point: 7
7-point: 1
  Total: 43

********************************************************************************

Aligning actives to 1 conformer of reference ligand mol_25 (3 of 3) . . .
20% complete
40% complete
60% complete
80% complete
100% complete

Searching for pharmacophores that match at least 27 active groups . . .
Searching for pharmacophores that match at least 26 active groups . . .
Searching for pharmacophores that match at least 25 active groups . . .
Searching for pharmacophores that match at least 24 active groups . . .
Searching for pharmacophores that match at least 23 active groups . . .
Recovering 5-point pharmacophores that matched 26 active groups . . .

Refining matches and alignments . . .
10% complete
20% complete
30% complete
40% complete
50% complete
60% complete
70% complete
80% complete
90% complete
100% complete

Surviving common pharmacophore counts for reference ligand mol_25:
3-point: 10
4-point: 5
5-point: 1
6-point: 0
7-point: 0
  Total: 16

Running totals for all reference ligands assigned to this subjob:
3-point: 24
4-point: 16
5-point: 11
6-point: 7
7-point: 1
  Total: 59

********************************************************************************

All reference ligands assigned to this subjob have been processed.

Total number of active --> reference alignments performed = 78

Final surviving common pharmacophore counts:
3-point: 24
4-point: 16
5-point: 11
6-point: 7
7-point: 1
  Total: 59

Saving common pharmacophores to directory O75116_Cluster_25_Ki_prep-out_find_common_sub_1_hypotheses . . .
Zipping O75116_Cluster_25_Ki_prep-out_find_common_sub_1_hypotheses to O75116_Cluster_25_Ki_prep-out_find_common_sub_1_hypotheses.zip . . .
Removing directory O75116_Cluster_25_Ki_prep-out_find_common_sub_1_hypotheses
Removing directory O75116_Cluster_25_Ki_prep-out_find_common_sub_1_project

CPU time = 0.60 sec
Elapsed time = 1.00 sec

phase_find_common successfully completed

Driver script for phase_find_common subjob O75116_Cluster_25_Ki_prep-out_find_common_sub_1 finished
Current time: Fri May 10 16:12:11 2024
Elapsed time = 0:00:00.79
phase_find_common results for O75116_Cluster_25_Ki_prep-out_find_common_sub_1 are complete

*** End of O75116_Cluster_25_Ki_prep-out_find_common_sub_1.log ***

*** Contents of O75116_Cluster_25_Ki_prep-out_find_common_sub_2.log ***

Driver script for phase_find_common subjob O75116_Cluster_25_Ki_prep-out_find_common_sub_2
Current time: Fri May 10 16:12:11 2024
Host name: Ragnar
Number of CPUs requested = 1
SCHRODINGER=/opt/schrodinger2021-2
SCHRODINGER_JOBID=Ragnar-1-663e7f9a
MMSHARE_EXEC=/opt/schrodinger2021-2/mmshare-v5.4/bin/Linux-x86_64

Invoking phase_find_common binary to find and score common pharmacophores:
phase_find_common /scr/pvalenzuela/O75116_Cluster_25_Ki_prep-out/O75116_Cluster_25_Ki_prep-out.phzip -JOB O75116_Cluster_25_Ki_prep-out_find_common -sites 3:7 -ex -miss 0.15000000000000002 -fraction -prefer 7 -redun 0.5 -keep 10 -site 1.0 -vect 1.0 -vol 1.0 -select 1.0 -logm 1.0 -inactive 1.0 -subjob O75116_Cluster_25_Ki_prep-out_find_common_sub_2

********************************************************************************

Host name: Ragnar
SCHRODINGER=/opt/schrodinger2021-2
SCHRODINGER_JOBID=Ragnar-1-663e7f9a
MMSHARE_EXEC=/opt/schrodinger2021-2/mmshare-v5.4/bin/Linux-x86_64

********************************************************************************

phase_find_common: Fri May 10 16:12:11 2024

Project archive = "/scr/pvalenzuela/O75116_Cluster_25_Ki_prep-out/O75116_Cluster_25_Ki_prep-out.phzip"
Options:
-JOB O75116_Cluster_25_Ki_prep-out_find_common
-ex
-fraction
-inactive 1.0
-keep 10
-logm 1.0
-miss 0.15000000000000002
-prefer 7
-redun 0.5
-select 1.0
-site 1.0
-sites 3:7
-subjob O75116_Cluster_25_Ki_prep-out_find_common_sub_2
-vect 1.0
-vol 1.0

Unzipping /scr/pvalenzuela/O75116_Cluster_25_Ki_prep-out/O75116_Cluster_25_Ki_prep-out.phzip to directory O75116_Cluster_25_Ki_prep-out_find_common_sub_2_project . . .

********************************************************************************

Aligning actives to 1 conformer of reference ligand mol_2 (1 of 3) . . .
20% complete
40% complete
60% complete
80% complete
100% complete

Searching for pharmacophores that match at least 27 active groups . . .
Searching for pharmacophores that match at least 26 active groups . . .
Searching for pharmacophores that match at least 25 active groups . . .
Searching for pharmacophores that match at least 24 active groups . . .
Searching for pharmacophores that match at least 23 active groups . . .
Recovering 6-point pharmacophores that matched 23 active groups . . .

Refining matches and alignments . . .
10% complete
20% complete
30% complete
40% complete
50% complete
60% complete
70% complete
80% complete
90% complete
100% complete

Surviving common pharmacophore counts for reference ligand mol_2:
3-point: 10
4-point: 10
5-point: 6
6-point: 1
7-point: 0
  Total: 27

Running totals for all reference ligands assigned to this subjob:
3-point: 10
4-point: 10
5-point: 6
6-point: 1
7-point: 0
  Total: 27

********************************************************************************

Aligning actives to 1 conformer of reference ligand mol_14 (2 of 3) . . .
20% complete
40% complete
60% complete
80% complete
100% complete

Searching for pharmacophores that match at least 27 active groups . . .
Searching for pharmacophores that match at least 26 active groups . . .
Searching for pharmacophores that match at least 25 active groups . . .
Searching for pharmacophores that match at least 24 active groups . . .
Searching for pharmacophores that match at least 23 active groups . . .
Recovering 5-point pharmacophores that matched 24 active groups . . .

Refining matches and alignments . . .
10% complete
20% complete
30% complete
40% complete
50% complete
60% complete
70% complete
80% complete
90% complete
100% complete

Surviving common pharmacophore counts for reference ligand mol_14:
3-point: 10
4-point: 5
5-point: 1
6-point: 0
7-point: 0
  Total: 16

Running totals for all reference ligands assigned to this subjob:
3-point: 20
4-point: 15
5-point: 7
6-point: 1
7-point: 0
  Total: 43

********************************************************************************

Aligning actives to 1 conformer of reference ligand mol_26 (3 of 3) . . .
20% complete
40% complete
60% complete
80% complete
100% complete

Searching for pharmacophores that match at least 27 active groups . . .
Searching for pharmacophores that match at least 26 active groups . . .
Searching for pharmacophores that match at least 25 active groups . . .
Searching for pharmacophores that match at least 24 active groups . . .
Searching for pharmacophores that match at least 23 active groups . . .
Recovering 6-point pharmacophores that matched 23 active groups . . .

Refining matches and alignments . . .
10% complete
20% complete
30% complete
40% complete
50% complete
60% complete
70% complete
80% complete
90% complete
100% complete

Surviving common pharmacophore counts for reference ligand mol_26:
3-point: 10
4-point: 10
5-point: 6
6-point: 1
7-point: 0
  Total: 27

Running totals for all reference ligands assigned to this subjob:
3-point: 30
4-point: 25
5-point: 13
6-point: 2
7-point: 0
  Total: 70

********************************************************************************

All reference ligands assigned to this subjob have been processed.

Total number of active --> reference alignments performed = 78

Final surviving common pharmacophore counts:
3-point: 30
4-point: 25
5-point: 13
6-point: 2
7-point: 0
  Total: 70

Saving common pharmacophores to directory O75116_Cluster_25_Ki_prep-out_find_common_sub_2_hypotheses . . .
Zipping O75116_Cluster_25_Ki_prep-out_find_common_sub_2_hypotheses to O75116_Cluster_25_Ki_prep-out_find_common_sub_2_hypotheses.zip . . .
Removing directory O75116_Cluster_25_Ki_prep-out_find_common_sub_2_hypotheses
Removing directory O75116_Cluster_25_Ki_prep-out_find_common_sub_2_project

CPU time = 0.64 sec
Elapsed time = 1.00 sec

phase_find_common successfully completed

Driver script for phase_find_common subjob O75116_Cluster_25_Ki_prep-out_find_common_sub_2 finished
Current time: Fri May 10 16:12:12 2024
Elapsed time = 0:00:00.83
phase_find_common results for O75116_Cluster_25_Ki_prep-out_find_common_sub_2 are complete

*** End of O75116_Cluster_25_Ki_prep-out_find_common_sub_2.log ***

*** Contents of O75116_Cluster_25_Ki_prep-out_find_common_sub_3.log ***

Driver script for phase_find_common subjob O75116_Cluster_25_Ki_prep-out_find_common_sub_3
Current time: Fri May 10 16:12:12 2024
Host name: Ragnar
Number of CPUs requested = 1
SCHRODINGER=/opt/schrodinger2021-2
SCHRODINGER_JOBID=Ragnar-0-663e7f9b
MMSHARE_EXEC=/opt/schrodinger2021-2/mmshare-v5.4/bin/Linux-x86_64

Invoking phase_find_common binary to find and score common pharmacophores:
phase_find_common /scr/pvalenzuela/O75116_Cluster_25_Ki_prep-out/O75116_Cluster_25_Ki_prep-out.phzip -JOB O75116_Cluster_25_Ki_prep-out_find_common -sites 3:7 -ex -miss 0.15000000000000002 -fraction -prefer 7 -redun 0.5 -keep 10 -site 1.0 -vect 1.0 -vol 1.0 -select 1.0 -logm 1.0 -inactive 1.0 -subjob O75116_Cluster_25_Ki_prep-out_find_common_sub_3

********************************************************************************

Host name: Ragnar
SCHRODINGER=/opt/schrodinger2021-2
SCHRODINGER_JOBID=Ragnar-0-663e7f9b
MMSHARE_EXEC=/opt/schrodinger2021-2/mmshare-v5.4/bin/Linux-x86_64

********************************************************************************

phase_find_common: Fri May 10 16:12:12 2024

Project archive = "/scr/pvalenzuela/O75116_Cluster_25_Ki_prep-out/O75116_Cluster_25_Ki_prep-out.phzip"
Options:
-JOB O75116_Cluster_25_Ki_prep-out_find_common
-ex
-fraction
-inactive 1.0
-keep 10
-logm 1.0
-miss 0.15000000000000002
-prefer 7
-redun 0.5
-select 1.0
-site 1.0
-sites 3:7
-subjob O75116_Cluster_25_Ki_prep-out_find_common_sub_3
-vect 1.0
-vol 1.0

Unzipping /scr/pvalenzuela/O75116_Cluster_25_Ki_prep-out/O75116_Cluster_25_Ki_prep-out.phzip to directory O75116_Cluster_25_Ki_prep-out_find_common_sub_3_project . . .

********************************************************************************

Aligning actives to 1 conformer of reference ligand mol_3 (1 of 3) . . .
20% complete
40% complete
60% complete
80% complete
100% complete

Searching for pharmacophores that match at least 27 active groups . . .
Searching for pharmacophores that match at least 26 active groups . . .
Searching for pharmacophores that match at least 25 active groups . . .
Searching for pharmacophores that match at least 24 active groups . . .
Searching for pharmacophores that match at least 23 active groups . . .
Recovering 5-point pharmacophores that matched 24 active groups . . .

Refining matches and alignments . . .
10% complete
20% complete
30% complete
40% complete
50% complete
60% complete
70% complete
80% complete
90% complete
100% complete

Surviving common pharmacophore counts for reference ligand mol_3:
3-point: 10
4-point: 9
5-point: 2
6-point: 0
7-point: 0
  Total: 21

Running totals for all reference ligands assigned to this subjob:
3-point: 10
4-point: 9
5-point: 2
6-point: 0
7-point: 0
  Total: 21

********************************************************************************

Aligning actives to 1 conformer of reference ligand mol_15 (2 of 3) . . .
20% complete
40% complete
60% complete
80% complete
100% complete

Searching for pharmacophores that match at least 27 active groups . . .
Searching for pharmacophores that match at least 26 active groups . . .
Searching for pharmacophores that match at least 25 active groups . . .
Searching for pharmacophores that match at least 24 active groups . . .
Searching for pharmacophores that match at least 23 active groups . . .
Recovering 5-point pharmacophores that matched 25 active groups . . .

Refining matches and alignments . . .
10% complete
20% complete
30% complete
40% complete
50% complete
60% complete
70% complete
80% complete
90% complete
100% complete

Surviving common pharmacophore counts for reference ligand mol_15:
3-point: 10
4-point: 5
5-point: 1
6-point: 0
7-point: 0
  Total: 16

Running totals for all reference ligands assigned to this subjob:
3-point: 20
4-point: 14
5-point: 3
6-point: 0
7-point: 0
  Total: 37

********************************************************************************

Aligning actives to 1 conformer of reference ligand mol_27 (3 of 3) . . .
20% complete
40% complete
60% complete
80% complete
100% complete

Searching for pharmacophores that match at least 27 active groups . . .
Searching for pharmacophores that match at least 26 active groups . . .
Searching for pharmacophores that match at least 25 active groups . . .
Searching for pharmacophores that match at least 24 active groups . . .
Searching for pharmacophores that match at least 23 active groups . . .
Recovering 5-point pharmacophores that matched 23 active groups . . .

Refining matches and alignments . . .
10% complete
20% complete
30% complete
40% complete
50% complete
60% complete
70% complete
80% complete
90% complete
100% complete

Surviving common pharmacophore counts for reference ligand mol_27:
3-point: 10
4-point: 9
5-point: 2
6-point: 0
7-point: 0
  Total: 21

Running totals for all reference ligands assigned to this subjob:
3-point: 30
4-point: 23
5-point: 5
6-point: 0
7-point: 0
  Total: 58

********************************************************************************

All reference ligands assigned to this subjob have been processed.

Total number of active --> reference alignments performed = 78

Final surviving common pharmacophore counts:
3-point: 30
4-point: 23
5-point: 5
6-point: 0
7-point: 0
  Total: 58

Saving common pharmacophores to directory O75116_Cluster_25_Ki_prep-out_find_common_sub_3_hypotheses . . .
Zipping O75116_Cluster_25_Ki_prep-out_find_common_sub_3_hypotheses to O75116_Cluster_25_Ki_prep-out_find_common_sub_3_hypotheses.zip . . .
Removing directory O75116_Cluster_25_Ki_prep-out_find_common_sub_3_hypotheses
Removing directory O75116_Cluster_25_Ki_prep-out_find_common_sub_3_project

CPU time = 0.53 sec
Elapsed time = 1.00 sec

phase_find_common successfully completed

Driver script for phase_find_common subjob O75116_Cluster_25_Ki_prep-out_find_common_sub_3 finished
Current time: Fri May 10 16:12:13 2024
Elapsed time = 0:00:00.72
phase_find_common results for O75116_Cluster_25_Ki_prep-out_find_common_sub_3 are complete

*** End of O75116_Cluster_25_Ki_prep-out_find_common_sub_3.log ***

*** Contents of O75116_Cluster_25_Ki_prep-out_find_common_sub_4.log ***

Driver script for phase_find_common subjob O75116_Cluster_25_Ki_prep-out_find_common_sub_4
Current time: Fri May 10 16:12:13 2024
Host name: Ragnar
Number of CPUs requested = 1
SCHRODINGER=/opt/schrodinger2021-2
SCHRODINGER_JOBID=Ragnar-0-663e7f9c
MMSHARE_EXEC=/opt/schrodinger2021-2/mmshare-v5.4/bin/Linux-x86_64

Invoking phase_find_common binary to find and score common pharmacophores:
phase_find_common /scr/pvalenzuela/O75116_Cluster_25_Ki_prep-out/O75116_Cluster_25_Ki_prep-out.phzip -JOB O75116_Cluster_25_Ki_prep-out_find_common -sites 3:7 -ex -miss 0.15000000000000002 -fraction -prefer 7 -redun 0.5 -keep 10 -site 1.0 -vect 1.0 -vol 1.0 -select 1.0 -logm 1.0 -inactive 1.0 -subjob O75116_Cluster_25_Ki_prep-out_find_common_sub_4

********************************************************************************

Host name: Ragnar
SCHRODINGER=/opt/schrodinger2021-2
SCHRODINGER_JOBID=Ragnar-0-663e7f9c
MMSHARE_EXEC=/opt/schrodinger2021-2/mmshare-v5.4/bin/Linux-x86_64

********************************************************************************

phase_find_common: Fri May 10 16:12:13 2024

Project archive = "/scr/pvalenzuela/O75116_Cluster_25_Ki_prep-out/O75116_Cluster_25_Ki_prep-out.phzip"
Options:
-JOB O75116_Cluster_25_Ki_prep-out_find_common
-ex
-fraction
-inactive 1.0
-keep 10
-logm 1.0
-miss 0.15000000000000002
-prefer 7
-redun 0.5
-select 1.0
-site 1.0
-sites 3:7
-subjob O75116_Cluster_25_Ki_prep-out_find_common_sub_4
-vect 1.0
-vol 1.0

Unzipping /scr/pvalenzuela/O75116_Cluster_25_Ki_prep-out/O75116_Cluster_25_Ki_prep-out.phzip to directory O75116_Cluster_25_Ki_prep-out_find_common_sub_4_project . . .

********************************************************************************

Aligning actives to 1 conformer of reference ligand mol_4 (1 of 2) . . .
20% complete
40% complete
60% complete
80% complete
100% complete

Searching for pharmacophores that match at least 27 active groups . . .
Searching for pharmacophores that match at least 26 active groups . . .
Searching for pharmacophores that match at least 25 active groups . . .
Searching for pharmacophores that match at least 24 active groups . . .
Searching for pharmacophores that match at least 23 active groups . . .
Recovering 6-point pharmacophores that matched 24 active groups . . .

Refining matches and alignments . . .
10% complete
20% complete
30% complete
40% complete
50% complete
60% complete
70% complete
80% complete
90% complete
100% complete

Surviving common pharmacophore counts for reference ligand mol_4:
3-point: 10
4-point: 10
5-point: 6
6-point: 1
7-point: 0
  Total: 27

Running totals for all reference ligands assigned to this subjob:
3-point: 10
4-point: 10
5-point: 6
6-point: 1
7-point: 0
  Total: 27

********************************************************************************

Aligning actives to 1 conformer of reference ligand mol_16 (2 of 2) . . .
20% complete
40% complete
60% complete
80% complete
100% complete

Searching for pharmacophores that match at least 27 active groups . . .
Searching for pharmacophores that match at least 26 active groups . . .
Searching for pharmacophores that match at least 25 active groups . . .
Searching for pharmacophores that match at least 24 active groups . . .
Searching for pharmacophores that match at least 23 active groups . . .
Recovering 6-point pharmacophores that matched 23 active groups . . .

Refining matches and alignments . . .
10% complete
20% complete
30% complete
40% complete
50% complete
60% complete
70% complete
80% complete
90% complete
100% complete

Surviving common pharmacophore counts for reference ligand mol_16:
3-point: 10
4-point: 10
5-point: 6
6-point: 1
7-point: 0
  Total: 27

Running totals for all reference ligands assigned to this subjob:
3-point: 20
4-point: 20
5-point: 12
6-point: 2
7-point: 0
  Total: 54

********************************************************************************

All reference ligands assigned to this subjob have been processed.

Total number of active --> reference alignments performed = 52

Final surviving common pharmacophore counts:
3-point: 20
4-point: 20
5-point: 12
6-point: 2
7-point: 0
  Total: 54

Saving common pharmacophores to directory O75116_Cluster_25_Ki_prep-out_find_common_sub_4_hypotheses . . .
Zipping O75116_Cluster_25_Ki_prep-out_find_common_sub_4_hypotheses to O75116_Cluster_25_Ki_prep-out_find_common_sub_4_hypotheses.zip . . .
Removing directory O75116_Cluster_25_Ki_prep-out_find_common_sub_4_hypotheses
Removing directory O75116_Cluster_25_Ki_prep-out_find_common_sub_4_project

CPU time = 0.51 sec
Elapsed time = 1.00 sec

phase_find_common successfully completed

Driver script for phase_find_common subjob O75116_Cluster_25_Ki_prep-out_find_common_sub_4 finished
Current time: Fri May 10 16:12:14 2024
Elapsed time = 0:00:00.69
phase_find_common results for O75116_Cluster_25_Ki_prep-out_find_common_sub_4 are complete

*** End of O75116_Cluster_25_Ki_prep-out_find_common_sub_4.log ***

*** Contents of O75116_Cluster_25_Ki_prep-out_find_common_sub_5.log ***

Driver script for phase_find_common subjob O75116_Cluster_25_Ki_prep-out_find_common_sub_5
Current time: Fri May 10 16:12:14 2024
Host name: Ragnar
Number of CPUs requested = 1
SCHRODINGER=/opt/schrodinger2021-2
SCHRODINGER_JOBID=Ragnar-0-663e7f9d
MMSHARE_EXEC=/opt/schrodinger2021-2/mmshare-v5.4/bin/Linux-x86_64

Invoking phase_find_common binary to find and score common pharmacophores:
phase_find_common /scr/pvalenzuela/O75116_Cluster_25_Ki_prep-out/O75116_Cluster_25_Ki_prep-out.phzip -JOB O75116_Cluster_25_Ki_prep-out_find_common -sites 3:7 -ex -miss 0.15000000000000002 -fraction -prefer 7 -redun 0.5 -keep 10 -site 1.0 -vect 1.0 -vol 1.0 -select 1.0 -logm 1.0 -inactive 1.0 -subjob O75116_Cluster_25_Ki_prep-out_find_common_sub_5

********************************************************************************

Host name: Ragnar
SCHRODINGER=/opt/schrodinger2021-2
SCHRODINGER_JOBID=Ragnar-0-663e7f9d
MMSHARE_EXEC=/opt/schrodinger2021-2/mmshare-v5.4/bin/Linux-x86_64

********************************************************************************

phase_find_common: Fri May 10 16:12:14 2024

Project archive = "/scr/pvalenzuela/O75116_Cluster_25_Ki_prep-out/O75116_Cluster_25_Ki_prep-out.phzip"
Options:
-JOB O75116_Cluster_25_Ki_prep-out_find_common
-ex
-fraction
-inactive 1.0
-keep 10
-logm 1.0
-miss 0.15000000000000002
-prefer 7
-redun 0.5
-select 1.0
-site 1.0
-sites 3:7
-subjob O75116_Cluster_25_Ki_prep-out_find_common_sub_5
-vect 1.0
-vol 1.0

Unzipping /scr/pvalenzuela/O75116_Cluster_25_Ki_prep-out/O75116_Cluster_25_Ki_prep-out.phzip to directory O75116_Cluster_25_Ki_prep-out_find_common_sub_5_project . . .

********************************************************************************

Aligning actives to 1 conformer of reference ligand mol_5 (1 of 2) . . .
20% complete
40% complete
60% complete
80% complete
100% complete

Searching for pharmacophores that match at least 27 active groups . . .
Searching for pharmacophores that match at least 26 active groups . . .
Searching for pharmacophores that match at least 25 active groups . . .
Searching for pharmacophores that match at least 24 active groups . . .
Searching for pharmacophores that match at least 23 active groups . . .

Refining matches and alignments . . .
10% complete
20% complete
30% complete
40% complete
50% complete
60% complete
70% complete
80% complete
90% complete
100% complete

Surviving common pharmacophore counts for reference ligand mol_5:
3-point: 10
4-point: 10
5-point: 10
6-point: 10
7-point: 1
  Total: 41

Running totals for all reference ligands assigned to this subjob:
3-point: 10
4-point: 10
5-point: 10
6-point: 10
7-point: 1
  Total: 41

********************************************************************************

Aligning actives to 1 conformer of reference ligand mol_17 (2 of 2) . . .
20% complete
40% complete
60% complete
80% complete
100% complete

Searching for pharmacophores that match at least 27 active groups . . .
Searching for pharmacophores that match at least 26 active groups . . .
Searching for pharmacophores that match at least 25 active groups . . .
Searching for pharmacophores that match at least 24 active groups . . .
Searching for pharmacophores that match at least 23 active groups . . .
Recovering 6-point pharmacophores that matched 26 active groups . . .

Refining matches and alignments . . .
10% complete
20% complete
30% complete
40% complete
50% complete
60% complete
70% complete
80% complete
90% complete
100% complete

Surviving common pharmacophore counts for reference ligand mol_17:
3-point: 10
4-point: 10
5-point: 6
6-point: 1
7-point: 0
  Total: 27

Running totals for all reference ligands assigned to this subjob:
3-point: 20
4-point: 20
5-point: 16
6-point: 11
7-point: 1
  Total: 68

********************************************************************************

All reference ligands assigned to this subjob have been processed.

Total number of active --> reference alignments performed = 52

Final surviving common pharmacophore counts:
3-point: 20
4-point: 20
5-point: 16
6-point: 11
7-point: 1
  Total: 68

Saving common pharmacophores to directory O75116_Cluster_25_Ki_prep-out_find_common_sub_5_hypotheses . . .
Zipping O75116_Cluster_25_Ki_prep-out_find_common_sub_5_hypotheses to O75116_Cluster_25_Ki_prep-out_find_common_sub_5_hypotheses.zip . . .
Removing directory O75116_Cluster_25_Ki_prep-out_find_common_sub_5_hypotheses
Removing directory O75116_Cluster_25_Ki_prep-out_find_common_sub_5_project

CPU time = 0.69 sec
Elapsed time = 1.00 sec

phase_find_common successfully completed

Driver script for phase_find_common subjob O75116_Cluster_25_Ki_prep-out_find_common_sub_5 finished
Current time: Fri May 10 16:12:15 2024
Elapsed time = 0:00:00.89
phase_find_common results for O75116_Cluster_25_Ki_prep-out_find_common_sub_5 are complete

*** End of O75116_Cluster_25_Ki_prep-out_find_common_sub_5.log ***

*** Contents of O75116_Cluster_25_Ki_prep-out_find_common_sub_6.log ***

Driver script for phase_find_common subjob O75116_Cluster_25_Ki_prep-out_find_common_sub_6
Current time: Fri May 10 16:12:15 2024
Host name: Ragnar
Number of CPUs requested = 1
SCHRODINGER=/opt/schrodinger2021-2
SCHRODINGER_JOBID=Ragnar-0-663e7f9e
MMSHARE_EXEC=/opt/schrodinger2021-2/mmshare-v5.4/bin/Linux-x86_64

Invoking phase_find_common binary to find and score common pharmacophores:
phase_find_common /scr/pvalenzuela/O75116_Cluster_25_Ki_prep-out/O75116_Cluster_25_Ki_prep-out.phzip -JOB O75116_Cluster_25_Ki_prep-out_find_common -sites 3:7 -ex -miss 0.15000000000000002 -fraction -prefer 7 -redun 0.5 -keep 10 -site 1.0 -vect 1.0 -vol 1.0 -select 1.0 -logm 1.0 -inactive 1.0 -subjob O75116_Cluster_25_Ki_prep-out_find_common_sub_6

********************************************************************************

Host name: Ragnar
SCHRODINGER=/opt/schrodinger2021-2
SCHRODINGER_JOBID=Ragnar-0-663e7f9e
MMSHARE_EXEC=/opt/schrodinger2021-2/mmshare-v5.4/bin/Linux-x86_64

********************************************************************************

phase_find_common: Fri May 10 16:12:15 2024

Project archive = "/scr/pvalenzuela/O75116_Cluster_25_Ki_prep-out/O75116_Cluster_25_Ki_prep-out.phzip"
Options:
-JOB O75116_Cluster_25_Ki_prep-out_find_common
-ex
-fraction
-inactive 1.0
-keep 10
-logm 1.0
-miss 0.15000000000000002
-prefer 7
-redun 0.5
-select 1.0
-site 1.0
-sites 3:7
-subjob O75116_Cluster_25_Ki_prep-out_find_common_sub_6
-vect 1.0
-vol 1.0

Unzipping /scr/pvalenzuela/O75116_Cluster_25_Ki_prep-out/O75116_Cluster_25_Ki_prep-out.phzip to directory O75116_Cluster_25_Ki_prep-out_find_common_sub_6_project . . .

********************************************************************************

Aligning actives to 1 conformer of reference ligand mol_6 (1 of 2) . . .
20% complete
40% complete
60% complete
80% complete
100% complete

Searching for pharmacophores that match at least 27 active groups . . .
Searching for pharmacophores that match at least 26 active groups . . .
Searching for pharmacophores that match at least 25 active groups . . .
Searching for pharmacophores that match at least 24 active groups . . .
Searching for pharmacophores that match at least 23 active groups . . .
Recovering 5-point pharmacophores that matched 24 active groups . . .

Refining matches and alignments . . .
10% complete
20% complete
30% complete
40% complete
50% complete
60% complete
70% complete
80% complete
90% complete
100% complete

Surviving common pharmacophore counts for reference ligand mol_6:
3-point: 10
4-point: 5
5-point: 1
6-point: 0
7-point: 0
  Total: 16

Running totals for all reference ligands assigned to this subjob:
3-point: 10
4-point: 5
5-point: 1
6-point: 0
7-point: 0
  Total: 16

********************************************************************************

Aligning actives to 1 conformer of reference ligand mol_18 (2 of 2) . . .
20% complete
40% complete
60% complete
80% complete
100% complete

Searching for pharmacophores that match at least 27 active groups . . .
Searching for pharmacophores that match at least 26 active groups . . .
Searching for pharmacophores that match at least 25 active groups . . .
Searching for pharmacophores that match at least 24 active groups . . .
Searching for pharmacophores that match at least 23 active groups . . .
Recovering 6-point pharmacophores that matched 26 active groups . . .

Refining matches and alignments . . .
10% complete
20% complete
30% complete
40% complete
50% complete
60% complete
70% complete
80% complete
90% complete
100% complete

Surviving common pharmacophore counts for reference ligand mol_18:
3-point: 10
4-point: 10
5-point: 6
6-point: 1
7-point: 0
  Total: 27

Running totals for all reference ligands assigned to this subjob:
3-point: 20
4-point: 15
5-point: 7
6-point: 1
7-point: 0
  Total: 43

********************************************************************************

All reference ligands assigned to this subjob have been processed.

Total number of active --> reference alignments performed = 52

Final surviving common pharmacophore counts:
3-point: 20
4-point: 15
5-point: 7
6-point: 1
7-point: 0
  Total: 43

Saving common pharmacophores to directory O75116_Cluster_25_Ki_prep-out_find_common_sub_6_hypotheses . . .
Zipping O75116_Cluster_25_Ki_prep-out_find_common_sub_6_hypotheses to O75116_Cluster_25_Ki_prep-out_find_common_sub_6_hypotheses.zip . . .
Removing directory O75116_Cluster_25_Ki_prep-out_find_common_sub_6_hypotheses
Removing directory O75116_Cluster_25_Ki_prep-out_find_common_sub_6_project

CPU time = 0.42 sec
Elapsed time = 1.00 sec

phase_find_common successfully completed

Driver script for phase_find_common subjob O75116_Cluster_25_Ki_prep-out_find_common_sub_6 finished
Current time: Fri May 10 16:12:16 2024
Elapsed time = 0:00:00.61
phase_find_common results for O75116_Cluster_25_Ki_prep-out_find_common_sub_6 are complete

*** End of O75116_Cluster_25_Ki_prep-out_find_common_sub_6.log ***

*** Contents of O75116_Cluster_25_Ki_prep-out_find_common_sub_7.log ***

Driver script for phase_find_common subjob O75116_Cluster_25_Ki_prep-out_find_common_sub_7
Current time: Fri May 10 16:12:16 2024
Host name: Ragnar
Number of CPUs requested = 1
SCHRODINGER=/opt/schrodinger2021-2
SCHRODINGER_JOBID=Ragnar-0-663e7f9f
MMSHARE_EXEC=/opt/schrodinger2021-2/mmshare-v5.4/bin/Linux-x86_64

Invoking phase_find_common binary to find and score common pharmacophores:
phase_find_common /scr/pvalenzuela/O75116_Cluster_25_Ki_prep-out/O75116_Cluster_25_Ki_prep-out.phzip -JOB O75116_Cluster_25_Ki_prep-out_find_common -sites 3:7 -ex -miss 0.15000000000000002 -fraction -prefer 7 -redun 0.5 -keep 10 -site 1.0 -vect 1.0 -vol 1.0 -select 1.0 -logm 1.0 -inactive 1.0 -subjob O75116_Cluster_25_Ki_prep-out_find_common_sub_7

********************************************************************************

Host name: Ragnar
SCHRODINGER=/opt/schrodinger2021-2
SCHRODINGER_JOBID=Ragnar-0-663e7f9f
MMSHARE_EXEC=/opt/schrodinger2021-2/mmshare-v5.4/bin/Linux-x86_64

********************************************************************************

phase_find_common: Fri May 10 16:12:16 2024

Project archive = "/scr/pvalenzuela/O75116_Cluster_25_Ki_prep-out/O75116_Cluster_25_Ki_prep-out.phzip"
Options:
-JOB O75116_Cluster_25_Ki_prep-out_find_common
-ex
-fraction
-inactive 1.0
-keep 10
-logm 1.0
-miss 0.15000000000000002
-prefer 7
-redun 0.5
-select 1.0
-site 1.0
-sites 3:7
-subjob O75116_Cluster_25_Ki_prep-out_find_common_sub_7
-vect 1.0
-vol 1.0

Unzipping /scr/pvalenzuela/O75116_Cluster_25_Ki_prep-out/O75116_Cluster_25_Ki_prep-out.phzip to directory O75116_Cluster_25_Ki_prep-out_find_common_sub_7_project . . .

********************************************************************************

Aligning actives to 1 conformer of reference ligand mol_7 (1 of 2) . . .
20% complete
40% complete
60% complete
80% complete
100% complete

Searching for pharmacophores that match at least 27 active groups . . .
Searching for pharmacophores that match at least 26 active groups . . .
Searching for pharmacophores that match at least 25 active groups . . .
Searching for pharmacophores that match at least 24 active groups . . .
Searching for pharmacophores that match at least 23 active groups . . .
Recovering 6-point pharmacophores that matched 23 active groups . . .

Refining matches and alignments . . .
10% complete
20% complete
30% complete
40% complete
50% complete
60% complete
70% complete
80% complete
90% complete
100% complete

Surviving common pharmacophore counts for reference ligand mol_7:
3-point: 10
4-point: 10
5-point: 6
6-point: 1
7-point: 0
  Total: 27

Running totals for all reference ligands assigned to this subjob:
3-point: 10
4-point: 10
5-point: 6
6-point: 1
7-point: 0
  Total: 27

********************************************************************************

Aligning actives to 1 conformer of reference ligand mol_19 (2 of 2) . . .
20% complete
40% complete
60% complete
80% complete
100% complete

Searching for pharmacophores that match at least 27 active groups . . .
Searching for pharmacophores that match at least 26 active groups . . .
Searching for pharmacophores that match at least 25 active groups . . .
Searching for pharmacophores that match at least 24 active groups . . .
Searching for pharmacophores that match at least 23 active groups . . .
Recovering 5-point pharmacophores that matched 25 active groups . . .

Refining matches and alignments . . .
10% complete
20% complete
30% complete
40% complete
50% complete
60% complete
70% complete
80% complete
90% complete
100% complete

Surviving common pharmacophore counts for reference ligand mol_19:
3-point: 10
4-point: 5
5-point: 1
6-point: 0
7-point: 0
  Total: 16

Running totals for all reference ligands assigned to this subjob:
3-point: 20
4-point: 15
5-point: 7
6-point: 1
7-point: 0
  Total: 43

********************************************************************************

All reference ligands assigned to this subjob have been processed.

Total number of active --> reference alignments performed = 52

Final surviving common pharmacophore counts:
3-point: 20
4-point: 15
5-point: 7
6-point: 1
7-point: 0
  Total: 43

Saving common pharmacophores to directory O75116_Cluster_25_Ki_prep-out_find_common_sub_7_hypotheses . . .
Zipping O75116_Cluster_25_Ki_prep-out_find_common_sub_7_hypotheses to O75116_Cluster_25_Ki_prep-out_find_common_sub_7_hypotheses.zip . . .
Removing directory O75116_Cluster_25_Ki_prep-out_find_common_sub_7_hypotheses
Removing directory O75116_Cluster_25_Ki_prep-out_find_common_sub_7_project

CPU time = 0.42 sec
Elapsed time = 1.00 sec

phase_find_common successfully completed

Driver script for phase_find_common subjob O75116_Cluster_25_Ki_prep-out_find_common_sub_7 finished
Current time: Fri May 10 16:12:17 2024
Elapsed time = 0:00:00.61
phase_find_common results for O75116_Cluster_25_Ki_prep-out_find_common_sub_7 are complete

*** End of O75116_Cluster_25_Ki_prep-out_find_common_sub_7.log ***

*** Contents of O75116_Cluster_25_Ki_prep-out_find_common_sub_8.log ***

Driver script for phase_find_common subjob O75116_Cluster_25_Ki_prep-out_find_common_sub_8
Current time: Fri May 10 16:12:17 2024
Host name: Ragnar
Number of CPUs requested = 1
SCHRODINGER=/opt/schrodinger2021-2
SCHRODINGER_JOBID=Ragnar-0-663e7fa0
MMSHARE_EXEC=/opt/schrodinger2021-2/mmshare-v5.4/bin/Linux-x86_64

Invoking phase_find_common binary to find and score common pharmacophores:
phase_find_common /scr/pvalenzuela/O75116_Cluster_25_Ki_prep-out/O75116_Cluster_25_Ki_prep-out.phzip -JOB O75116_Cluster_25_Ki_prep-out_find_common -sites 3:7 -ex -miss 0.15000000000000002 -fraction -prefer 7 -redun 0.5 -keep 10 -site 1.0 -vect 1.0 -vol 1.0 -select 1.0 -logm 1.0 -inactive 1.0 -subjob O75116_Cluster_25_Ki_prep-out_find_common_sub_8

********************************************************************************

Host name: Ragnar
SCHRODINGER=/opt/schrodinger2021-2
SCHRODINGER_JOBID=Ragnar-0-663e7fa0
MMSHARE_EXEC=/opt/schrodinger2021-2/mmshare-v5.4/bin/Linux-x86_64

********************************************************************************

phase_find_common: Fri May 10 16:12:17 2024

Project archive = "/scr/pvalenzuela/O75116_Cluster_25_Ki_prep-out/O75116_Cluster_25_Ki_prep-out.phzip"
Options:
-JOB O75116_Cluster_25_Ki_prep-out_find_common
-ex
-fraction
-inactive 1.0
-keep 10
-logm 1.0
-miss 0.15000000000000002
-prefer 7
-redun 0.5
-select 1.0
-site 1.0
-sites 3:7
-subjob O75116_Cluster_25_Ki_prep-out_find_common_sub_8
-vect 1.0
-vol 1.0

Unzipping /scr/pvalenzuela/O75116_Cluster_25_Ki_prep-out/O75116_Cluster_25_Ki_prep-out.phzip to directory O75116_Cluster_25_Ki_prep-out_find_common_sub_8_project . . .

********************************************************************************

Aligning actives to 1 conformer of reference ligand mol_8 (1 of 2) . . .
20% complete
40% complete
60% complete
80% complete
100% complete

Searching for pharmacophores that match at least 27 active groups . . .
Searching for pharmacophores that match at least 26 active groups . . .
Searching for pharmacophores that match at least 25 active groups . . .
Searching for pharmacophores that match at least 24 active groups . . .
Searching for pharmacophores that match at least 23 active groups . . .
Recovering 6-point pharmacophores that matched 23 active groups . . .

Refining matches and alignments . . .
10% complete
20% complete
30% complete
40% complete
50% complete
60% complete
70% complete
80% complete
90% complete
100% complete

Surviving common pharmacophore counts for reference ligand mol_8:
3-point: 10
4-point: 10
5-point: 6
6-point: 1
7-point: 0
  Total: 27

Running totals for all reference ligands assigned to this subjob:
3-point: 10
4-point: 10
5-point: 6
6-point: 1
7-point: 0
  Total: 27

********************************************************************************

Aligning actives to 1 conformer of reference ligand mol_20 (2 of 2) . . .
20% complete
40% complete
60% complete
80% complete
100% complete

Searching for pharmacophores that match at least 27 active groups . . .
Searching for pharmacophores that match at least 26 active groups . . .
Searching for pharmacophores that match at least 25 active groups . . .
Searching for pharmacophores that match at least 24 active groups . . .
Searching for pharmacophores that match at least 23 active groups . . .
Recovering 5-point pharmacophores that matched 24 active groups . . .

Refining matches and alignments . . .
10% complete
20% complete
30% complete
40% complete
50% complete
60% complete
70% complete
80% complete
90% complete
100% complete

Surviving common pharmacophore counts for reference ligand mol_20:
3-point: 10
4-point: 5
5-point: 1
6-point: 0
7-point: 0
  Total: 16

Running totals for all reference ligands assigned to this subjob:
3-point: 20
4-point: 15
5-point: 7
6-point: 1
7-point: 0
  Total: 43

********************************************************************************

All reference ligands assigned to this subjob have been processed.

Total number of active --> reference alignments performed = 52

Final surviving common pharmacophore counts:
3-point: 20
4-point: 15
5-point: 7
6-point: 1
7-point: 0
  Total: 43

Saving common pharmacophores to directory O75116_Cluster_25_Ki_prep-out_find_common_sub_8_hypotheses . . .
Zipping O75116_Cluster_25_Ki_prep-out_find_common_sub_8_hypotheses to O75116_Cluster_25_Ki_prep-out_find_common_sub_8_hypotheses.zip . . .
Removing directory O75116_Cluster_25_Ki_prep-out_find_common_sub_8_hypotheses
Removing directory O75116_Cluster_25_Ki_prep-out_find_common_sub_8_project

CPU time = 0.42 sec
Elapsed time = 1.00 sec

phase_find_common successfully completed

Driver script for phase_find_common subjob O75116_Cluster_25_Ki_prep-out_find_common_sub_8 finished
Current time: Fri May 10 16:12:18 2024
Elapsed time = 0:00:00.62
phase_find_common results for O75116_Cluster_25_Ki_prep-out_find_common_sub_8 are complete

*** End of O75116_Cluster_25_Ki_prep-out_find_common_sub_8.log ***

*** Contents of O75116_Cluster_25_Ki_prep-out_find_common_sub_9.log ***

Driver script for phase_find_common subjob O75116_Cluster_25_Ki_prep-out_find_common_sub_9
Current time: Fri May 10 16:12:18 2024
Host name: Ragnar
Number of CPUs requested = 1
SCHRODINGER=/opt/schrodinger2021-2
SCHRODINGER_JOBID=Ragnar-0-663e7fa1
MMSHARE_EXEC=/opt/schrodinger2021-2/mmshare-v5.4/bin/Linux-x86_64

Invoking phase_find_common binary to find and score common pharmacophores:
phase_find_common /scr/pvalenzuela/O75116_Cluster_25_Ki_prep-out/O75116_Cluster_25_Ki_prep-out.phzip -JOB O75116_Cluster_25_Ki_prep-out_find_common -sites 3:7 -ex -miss 0.15000000000000002 -fraction -prefer 7 -redun 0.5 -keep 10 -site 1.0 -vect 1.0 -vol 1.0 -select 1.0 -logm 1.0 -inactive 1.0 -subjob O75116_Cluster_25_Ki_prep-out_find_common_sub_9

********************************************************************************

Host name: Ragnar
SCHRODINGER=/opt/schrodinger2021-2
SCHRODINGER_JOBID=Ragnar-0-663e7fa1
MMSHARE_EXEC=/opt/schrodinger2021-2/mmshare-v5.4/bin/Linux-x86_64

********************************************************************************

phase_find_common: Fri May 10 16:12:18 2024

Project archive = "/scr/pvalenzuela/O75116_Cluster_25_Ki_prep-out/O75116_Cluster_25_Ki_prep-out.phzip"
Options:
-JOB O75116_Cluster_25_Ki_prep-out_find_common
-ex
-fraction
-inactive 1.0
-keep 10
-logm 1.0
-miss 0.15000000000000002
-prefer 7
-redun 0.5
-select 1.0
-site 1.0
-sites 3:7
-subjob O75116_Cluster_25_Ki_prep-out_find_common_sub_9
-vect 1.0
-vol 1.0

Unzipping /scr/pvalenzuela/O75116_Cluster_25_Ki_prep-out/O75116_Cluster_25_Ki_prep-out.phzip to directory O75116_Cluster_25_Ki_prep-out_find_common_sub_9_project . . .

********************************************************************************

Aligning actives to 1 conformer of reference ligand mol_9 (1 of 2) . . .
20% complete
40% complete
60% complete
80% complete
100% complete

Searching for pharmacophores that match at least 27 active groups . . .
Searching for pharmacophores that match at least 26 active groups . . .
Searching for pharmacophores that match at least 25 active groups . . .
Searching for pharmacophores that match at least 24 active groups . . .

Refining matches and alignments . . .
10% complete
20% complete
30% complete
40% complete
50% complete
60% complete
70% complete
80% complete
90% complete
100% complete

Surviving common pharmacophore counts for reference ligand mol_9:
3-point: 10
4-point: 10
5-point: 10
6-point: 7
7-point: 1
  Total: 38

Running totals for all reference ligands assigned to this subjob:
3-point: 10
4-point: 10
5-point: 10
6-point: 7
7-point: 1
  Total: 38

********************************************************************************

Aligning actives to 1 conformer of reference ligand mol_21 (2 of 2) . . .
20% complete
40% complete
60% complete
80% complete
100% complete

Searching for pharmacophores that match at least 27 active groups . . .
Searching for pharmacophores that match at least 26 active groups . . .
Searching for pharmacophores that match at least 25 active groups . . .
Searching for pharmacophores that match at least 24 active groups . . .
Searching for pharmacophores that match at least 23 active groups . . .
Recovering 5-point pharmacophores that matched 26 active groups . . .

Refining matches and alignments . . .
10% complete
20% complete
30% complete
40% complete
50% complete
60% complete
70% complete
80% complete
90% complete
100% complete

Surviving common pharmacophore counts for reference ligand mol_21:
3-point: 10
4-point: 5
5-point: 1
6-point: 0
7-point: 0
  Total: 16

Running totals for all reference ligands assigned to this subjob:
3-point: 20
4-point: 15
5-point: 11
6-point: 7
7-point: 1
  Total: 54

********************************************************************************

All reference ligands assigned to this subjob have been processed.

Total number of active --> reference alignments performed = 52

Final surviving common pharmacophore counts:
3-point: 20
4-point: 15
5-point: 11
6-point: 7
7-point: 1
  Total: 54

Saving common pharmacophores to directory O75116_Cluster_25_Ki_prep-out_find_common_sub_9_hypotheses . . .
Zipping O75116_Cluster_25_Ki_prep-out_find_common_sub_9_hypotheses to O75116_Cluster_25_Ki_prep-out_find_common_sub_9_hypotheses.zip . . .
Removing directory O75116_Cluster_25_Ki_prep-out_find_common_sub_9_hypotheses
Removing directory O75116_Cluster_25_Ki_prep-out_find_common_sub_9_project

CPU time = 0.58 sec
Elapsed time = 1.00 sec

phase_find_common successfully completed

Driver script for phase_find_common subjob O75116_Cluster_25_Ki_prep-out_find_common_sub_9 finished
Current time: Fri May 10 16:12:19 2024
Elapsed time = 0:00:00.78
phase_find_common results for O75116_Cluster_25_Ki_prep-out_find_common_sub_9 are complete

*** End of O75116_Cluster_25_Ki_prep-out_find_common_sub_9.log ***

*** Contents of O75116_Cluster_25_Ki_prep-out_find_common_sub_10.log ***

Driver script for phase_find_common subjob O75116_Cluster_25_Ki_prep-out_find_common_sub_10
Current time: Fri May 10 16:12:19 2024
Host name: Ragnar
Number of CPUs requested = 1
SCHRODINGER=/opt/schrodinger2021-2
SCHRODINGER_JOBID=Ragnar-0-663e7fa2
MMSHARE_EXEC=/opt/schrodinger2021-2/mmshare-v5.4/bin/Linux-x86_64

Invoking phase_find_common binary to find and score common pharmacophores:
phase_find_common /scr/pvalenzuela/O75116_Cluster_25_Ki_prep-out/O75116_Cluster_25_Ki_prep-out.phzip -JOB O75116_Cluster_25_Ki_prep-out_find_common -sites 3:7 -ex -miss 0.15000000000000002 -fraction -prefer 7 -redun 0.5 -keep 10 -site 1.0 -vect 1.0 -vol 1.0 -select 1.0 -logm 1.0 -inactive 1.0 -subjob O75116_Cluster_25_Ki_prep-out_find_common_sub_10

********************************************************************************

Host name: Ragnar
SCHRODINGER=/opt/schrodinger2021-2
SCHRODINGER_JOBID=Ragnar-0-663e7fa2
MMSHARE_EXEC=/opt/schrodinger2021-2/mmshare-v5.4/bin/Linux-x86_64

********************************************************************************

phase_find_common: Fri May 10 16:12:19 2024

Project archive = "/scr/pvalenzuela/O75116_Cluster_25_Ki_prep-out/O75116_Cluster_25_Ki_prep-out.phzip"
Options:
-JOB O75116_Cluster_25_Ki_prep-out_find_common
-ex
-fraction
-inactive 1.0
-keep 10
-logm 1.0
-miss 0.15000000000000002
-prefer 7
-redun 0.5
-select 1.0
-site 1.0
-sites 3:7
-subjob O75116_Cluster_25_Ki_prep-out_find_common_sub_10
-vect 1.0
-vol 1.0

Unzipping /scr/pvalenzuela/O75116_Cluster_25_Ki_prep-out/O75116_Cluster_25_Ki_prep-out.phzip to directory O75116_Cluster_25_Ki_prep-out_find_common_sub_10_project . . .

********************************************************************************

Aligning actives to 1 conformer of reference ligand mol_10 (1 of 2) . . .
20% complete
40% complete
60% complete
80% complete
100% complete

Searching for pharmacophores that match at least 27 active groups . . .
Searching for pharmacophores that match at least 26 active groups . . .
Searching for pharmacophores that match at least 25 active groups . . .
Searching for pharmacophores that match at least 24 active groups . . .
Searching for pharmacophores that match at least 23 active groups . . .
Recovering 5-point pharmacophores that matched 27 active groups . . .

Refining matches and alignments . . .
10% complete
20% complete
30% complete
40% complete
50% complete
60% complete
70% complete
80% complete
90% complete
100% complete

Surviving common pharmacophore counts for reference ligand mol_10:
3-point: 10
4-point: 5
5-point: 1
6-point: 0
7-point: 0
  Total: 16

Running totals for all reference ligands assigned to this subjob:
3-point: 10
4-point: 5
5-point: 1
6-point: 0
7-point: 0
  Total: 16

********************************************************************************

Aligning actives to 1 conformer of reference ligand mol_22 (2 of 2) . . .
20% complete
40% complete
60% complete
80% complete
100% complete

Searching for pharmacophores that match at least 27 active groups . . .
Searching for pharmacophores that match at least 26 active groups . . .
Searching for pharmacophores that match at least 25 active groups . . .
Searching for pharmacophores that match at least 24 active groups . . .
Searching for pharmacophores that match at least 23 active groups . . .
Recovering 5-point pharmacophores that matched 23 active groups . . .

Refining matches and alignments . . .
10% complete
20% complete
30% complete
40% complete
50% complete
60% complete
70% complete
80% complete
90% complete
100% complete

Surviving common pharmacophore counts for reference ligand mol_22:
3-point: 10
4-point: 7
5-point: 1
6-point: 0
7-point: 0
  Total: 18

Running totals for all reference ligands assigned to this subjob:
3-point: 20
4-point: 12
5-point: 2
6-point: 0
7-point: 0
  Total: 34

********************************************************************************

All reference ligands assigned to this subjob have been processed.

Total number of active --> reference alignments performed = 52

Final surviving common pharmacophore counts:
3-point: 20
4-point: 12
5-point: 2
6-point: 0
7-point: 0
  Total: 34

Saving common pharmacophores to directory O75116_Cluster_25_Ki_prep-out_find_common_sub_10_hypotheses . . .
Zipping O75116_Cluster_25_Ki_prep-out_find_common_sub_10_hypotheses to O75116_Cluster_25_Ki_prep-out_find_common_sub_10_hypotheses.zip . . .
Removing directory O75116_Cluster_25_Ki_prep-out_find_common_sub_10_hypotheses
Removing directory O75116_Cluster_25_Ki_prep-out_find_common_sub_10_project

CPU time = 0.35 sec
Elapsed time = 1.00 sec

phase_find_common successfully completed

Driver script for phase_find_common subjob O75116_Cluster_25_Ki_prep-out_find_common_sub_10 finished
Current time: Fri May 10 16:12:20 2024
Elapsed time = 0:00:00.55
phase_find_common results for O75116_Cluster_25_Ki_prep-out_find_common_sub_10 are complete

*** End of O75116_Cluster_25_Ki_prep-out_find_common_sub_10.log ***

*** Contents of O75116_Cluster_25_Ki_prep-out_find_common_sub_11.log ***

Driver script for phase_find_common subjob O75116_Cluster_25_Ki_prep-out_find_common_sub_11
Current time: Fri May 10 16:12:20 2024
Host name: Ragnar
Number of CPUs requested = 1
SCHRODINGER=/opt/schrodinger2021-2
SCHRODINGER_JOBID=Ragnar-0-663e7fa3
MMSHARE_EXEC=/opt/schrodinger2021-2/mmshare-v5.4/bin/Linux-x86_64

Invoking phase_find_common binary to find and score common pharmacophores:
phase_find_common /scr/pvalenzuela/O75116_Cluster_25_Ki_prep-out/O75116_Cluster_25_Ki_prep-out.phzip -JOB O75116_Cluster_25_Ki_prep-out_find_common -sites 3:7 -ex -miss 0.15000000000000002 -fraction -prefer 7 -redun 0.5 -keep 10 -site 1.0 -vect 1.0 -vol 1.0 -select 1.0 -logm 1.0 -inactive 1.0 -subjob O75116_Cluster_25_Ki_prep-out_find_common_sub_11

********************************************************************************

Host name: Ragnar
SCHRODINGER=/opt/schrodinger2021-2
SCHRODINGER_JOBID=Ragnar-0-663e7fa3
MMSHARE_EXEC=/opt/schrodinger2021-2/mmshare-v5.4/bin/Linux-x86_64

********************************************************************************

phase_find_common: Fri May 10 16:12:20 2024

Project archive = "/scr/pvalenzuela/O75116_Cluster_25_Ki_prep-out/O75116_Cluster_25_Ki_prep-out.phzip"
Options:
-JOB O75116_Cluster_25_Ki_prep-out_find_common
-ex
-fraction
-inactive 1.0
-keep 10
-logm 1.0
-miss 0.15000000000000002
-prefer 7
-redun 0.5
-select 1.0
-site 1.0
-sites 3:7
-subjob O75116_Cluster_25_Ki_prep-out_find_common_sub_11
-vect 1.0
-vol 1.0

Unzipping /scr/pvalenzuela/O75116_Cluster_25_Ki_prep-out/O75116_Cluster_25_Ki_prep-out.phzip to directory O75116_Cluster_25_Ki_prep-out_find_common_sub_11_project . . .

********************************************************************************

Aligning actives to 1 conformer of reference ligand mol_11 (1 of 2) . . .
20% complete
40% complete
60% complete
80% complete
100% complete

Searching for pharmacophores that match at least 27 active groups . . .
Searching for pharmacophores that match at least 26 active groups . . .
Searching for pharmacophores that match at least 25 active groups . . .
Searching for pharmacophores that match at least 24 active groups . . .
Searching for pharmacophores that match at least 23 active groups . . .
Recovering 5-point pharmacophores that matched 25 active groups . . .

Refining matches and alignments . . .
10% complete
20% complete
30% complete
40% complete
50% complete
60% complete
70% complete
80% complete
90% complete
100% complete

Surviving common pharmacophore counts for reference ligand mol_11:
3-point: 10
4-point: 5
5-point: 1
6-point: 0
7-point: 0
  Total: 16

Running totals for all reference ligands assigned to this subjob:
3-point: 10
4-point: 5
5-point: 1
6-point: 0
7-point: 0
  Total: 16

********************************************************************************

Aligning actives to 1 conformer of reference ligand mol_23 (2 of 2) . . .
20% complete
40% complete
60% complete
80% complete
100% complete

Searching for pharmacophores that match at least 27 active groups . . .
Searching for pharmacophores that match at least 26 active groups . . .
Searching for pharmacophores that match at least 25 active groups . . .
Searching for pharmacophores that match at least 24 active groups . . .
Searching for pharmacophores that match at least 23 active groups . . .
Recovering 5-point pharmacophores that matched 26 active groups . . .

Refining matches and alignments . . .
10% complete
20% complete
30% complete
40% complete
50% complete
60% complete
70% complete
80% complete
90% complete
100% complete

Surviving common pharmacophore counts for reference ligand mol_23:
3-point: 10
4-point: 5
5-point: 1
6-point: 0
7-point: 0
  Total: 16

Running totals for all reference ligands assigned to this subjob:
3-point: 20
4-point: 10
5-point: 2
6-point: 0
7-point: 0
  Total: 32

********************************************************************************

All reference ligands assigned to this subjob have been processed.

Total number of active --> reference alignments performed = 52

Final surviving common pharmacophore counts:
3-point: 20
4-point: 10
5-point: 2
6-point: 0
7-point: 0
  Total: 32

Saving common pharmacophores to directory O75116_Cluster_25_Ki_prep-out_find_common_sub_11_hypotheses . . .
Zipping O75116_Cluster_25_Ki_prep-out_find_common_sub_11_hypotheses to O75116_Cluster_25_Ki_prep-out_find_common_sub_11_hypotheses.zip . . .
Removing directory O75116_Cluster_25_Ki_prep-out_find_common_sub_11_hypotheses
Removing directory O75116_Cluster_25_Ki_prep-out_find_common_sub_11_project

CPU time = 0.32 sec
Elapsed time = 1.00 sec

phase_find_common successfully completed

Driver script for phase_find_common subjob O75116_Cluster_25_Ki_prep-out_find_common_sub_11 finished
Current time: Fri May 10 16:12:21 2024
Elapsed time = 0:00:00.53
phase_find_common results for O75116_Cluster_25_Ki_prep-out_find_common_sub_11 are complete

*** End of O75116_Cluster_25_Ki_prep-out_find_common_sub_11.log ***

*** Contents of O75116_Cluster_25_Ki_prep-out_find_common_sub_12.log ***

Driver script for phase_find_common subjob O75116_Cluster_25_Ki_prep-out_find_common_sub_12
Current time: Fri May 10 16:12:21 2024
Host name: Ragnar
Number of CPUs requested = 1
SCHRODINGER=/opt/schrodinger2021-2
SCHRODINGER_JOBID=Ragnar-0-663e7fa4
MMSHARE_EXEC=/opt/schrodinger2021-2/mmshare-v5.4/bin/Linux-x86_64

Invoking phase_find_common binary to find and score common pharmacophores:
phase_find_common /scr/pvalenzuela/O75116_Cluster_25_Ki_prep-out/O75116_Cluster_25_Ki_prep-out.phzip -JOB O75116_Cluster_25_Ki_prep-out_find_common -sites 3:7 -ex -miss 0.15000000000000002 -fraction -prefer 7 -redun 0.5 -keep 10 -site 1.0 -vect 1.0 -vol 1.0 -select 1.0 -logm 1.0 -inactive 1.0 -subjob O75116_Cluster_25_Ki_prep-out_find_common_sub_12

********************************************************************************

Host name: Ragnar
SCHRODINGER=/opt/schrodinger2021-2
SCHRODINGER_JOBID=Ragnar-0-663e7fa4
MMSHARE_EXEC=/opt/schrodinger2021-2/mmshare-v5.4/bin/Linux-x86_64

********************************************************************************

phase_find_common: Fri May 10 16:12:21 2024

Project archive = "/scr/pvalenzuela/O75116_Cluster_25_Ki_prep-out/O75116_Cluster_25_Ki_prep-out.phzip"
Options:
-JOB O75116_Cluster_25_Ki_prep-out_find_common
-ex
-fraction
-inactive 1.0
-keep 10
-logm 1.0
-miss 0.15000000000000002
-prefer 7
-redun 0.5
-select 1.0
-site 1.0
-sites 3:7
-subjob O75116_Cluster_25_Ki_prep-out_find_common_sub_12
-vect 1.0
-vol 1.0

Unzipping /scr/pvalenzuela/O75116_Cluster_25_Ki_prep-out/O75116_Cluster_25_Ki_prep-out.phzip to directory O75116_Cluster_25_Ki_prep-out_find_common_sub_12_project . . .

********************************************************************************

Aligning actives to 1 conformer of reference ligand mol_12 (1 of 2) . . .
20% complete
40% complete
60% complete
80% complete
100% complete

Searching for pharmacophores that match at least 27 active groups . . .
Searching for pharmacophores that match at least 26 active groups . . .
Searching for pharmacophores that match at least 25 active groups . . .
Searching for pharmacophores that match at least 24 active groups . . .
Searching for pharmacophores that match at least 23 active groups . . .
Recovering 5-point pharmacophores that matched 25 active groups . . .

Refining matches and alignments . . .
10% complete
20% complete
30% complete
40% complete
50% complete
60% complete
70% complete
80% complete
90% complete
100% complete

Surviving common pharmacophore counts for reference ligand mol_12:
3-point: 10
4-point: 5
5-point: 1
6-point: 0
7-point: 0
  Total: 16

Running totals for all reference ligands assigned to this subjob:
3-point: 10
4-point: 5
5-point: 1
6-point: 0
7-point: 0
  Total: 16

********************************************************************************

Aligning actives to 1 conformer of reference ligand mol_24 (2 of 2) . . .
20% complete
40% complete
60% complete
80% complete
100% complete

Searching for pharmacophores that match at least 27 active groups . . .
Searching for pharmacophores that match at least 26 active groups . . .
Searching for pharmacophores that match at least 25 active groups . . .
Searching for pharmacophores that match at least 24 active groups . . .
Searching for pharmacophores that match at least 23 active groups . . .
Recovering 6-point pharmacophores that matched 23 active groups . . .

Refining matches and alignments . . .
10% complete
20% complete
30% complete
40% complete
50% complete
60% complete
70% complete
80% complete
90% complete
100% complete

Surviving common pharmacophore counts for reference ligand mol_24:
3-point: 10
4-point: 10
5-point: 6
6-point: 1
7-point: 0
  Total: 27

Running totals for all reference ligands assigned to this subjob:
3-point: 20
4-point: 15
5-point: 7
6-point: 1
7-point: 0
  Total: 43

********************************************************************************

All reference ligands assigned to this subjob have been processed.

Total number of active --> reference alignments performed = 52

Final surviving common pharmacophore counts:
3-point: 20
4-point: 15
5-point: 7
6-point: 1
7-point: 0
  Total: 43

Saving common pharmacophores to directory O75116_Cluster_25_Ki_prep-out_find_common_sub_12_hypotheses . . .
Zipping O75116_Cluster_25_Ki_prep-out_find_common_sub_12_hypotheses to O75116_Cluster_25_Ki_prep-out_find_common_sub_12_hypotheses.zip . . .
Removing directory O75116_Cluster_25_Ki_prep-out_find_common_sub_12_hypotheses
Removing directory O75116_Cluster_25_Ki_prep-out_find_common_sub_12_project

CPU time = 0.40 sec
Elapsed time = 1.00 sec

phase_find_common successfully completed

Driver script for phase_find_common subjob O75116_Cluster_25_Ki_prep-out_find_common_sub_12 finished
Current time: Fri May 10 16:12:22 2024
Elapsed time = 0:00:00.59
phase_find_common results for O75116_Cluster_25_Ki_prep-out_find_common_sub_12 are complete

*** End of O75116_Cluster_25_Ki_prep-out_find_common_sub_12.log ***

Unzipping /scr/pvalenzuela/O75116_Cluster_25_Ki_prep-out/O75116_Cluster_25_Ki_prep-out.phzip to directory O75116_Cluster_25_Ki_prep-out_find_common_cleanup . . .

Processing O75116_Cluster_25_Ki_prep-out_find_common_sub_1 results . . .
Unzipping O75116_Cluster_25_Ki_prep-out_find_common_sub_1_hypotheses.zip . . .
Importing pharmacophores from O75116_Cluster_25_Ki_prep-out_find_common_sub_1_hypotheses/template_0.pharm . . .
Importing pharmacophores from O75116_Cluster_25_Ki_prep-out_find_common_sub_1_hypotheses/template_12.pharm . . .
Importing pharmacophores from O75116_Cluster_25_Ki_prep-out_find_common_sub_1_hypotheses/template_24.pharm . . .
Removing directory O75116_Cluster_25_Ki_prep-out_find_common_sub_1_hypotheses

Processing O75116_Cluster_25_Ki_prep-out_find_common_sub_2 results . . .
Unzipping O75116_Cluster_25_Ki_prep-out_find_common_sub_2_hypotheses.zip . . .
Importing pharmacophores from O75116_Cluster_25_Ki_prep-out_find_common_sub_2_hypotheses/template_1.pharm . . .
Importing pharmacophores from O75116_Cluster_25_Ki_prep-out_find_common_sub_2_hypotheses/template_13.pharm . . .
Importing pharmacophores from O75116_Cluster_25_Ki_prep-out_find_common_sub_2_hypotheses/template_25.pharm . . .
Removing directory O75116_Cluster_25_Ki_prep-out_find_common_sub_2_hypotheses

Processing O75116_Cluster_25_Ki_prep-out_find_common_sub_3 results . . .
Unzipping O75116_Cluster_25_Ki_prep-out_find_common_sub_3_hypotheses.zip . . .
Importing pharmacophores from O75116_Cluster_25_Ki_prep-out_find_common_sub_3_hypotheses/template_2.pharm . . .
Importing pharmacophores from O75116_Cluster_25_Ki_prep-out_find_common_sub_3_hypotheses/template_14.pharm . . .
Importing pharmacophores from O75116_Cluster_25_Ki_prep-out_find_common_sub_3_hypotheses/template_26.pharm . . .
Removing directory O75116_Cluster_25_Ki_prep-out_find_common_sub_3_hypotheses

Processing O75116_Cluster_25_Ki_prep-out_find_common_sub_4 results . . .
Unzipping O75116_Cluster_25_Ki_prep-out_find_common_sub_4_hypotheses.zip . . .
Importing pharmacophores from O75116_Cluster_25_Ki_prep-out_find_common_sub_4_hypotheses/template_3.pharm . . .
Importing pharmacophores from O75116_Cluster_25_Ki_prep-out_find_common_sub_4_hypotheses/template_15.pharm . . .
Removing directory O75116_Cluster_25_Ki_prep-out_find_common_sub_4_hypotheses

Processing O75116_Cluster_25_Ki_prep-out_find_common_sub_5 results . . .
Unzipping O75116_Cluster_25_Ki_prep-out_find_common_sub_5_hypotheses.zip . . .
Importing pharmacophores from O75116_Cluster_25_Ki_prep-out_find_common_sub_5_hypotheses/template_4.pharm . . .
Importing pharmacophores from O75116_Cluster_25_Ki_prep-out_find_common_sub_5_hypotheses/template_16.pharm . . .
Removing directory O75116_Cluster_25_Ki_prep-out_find_common_sub_5_hypotheses

Processing O75116_Cluster_25_Ki_prep-out_find_common_sub_6 results . . .
Unzipping O75116_Cluster_25_Ki_prep-out_find_common_sub_6_hypotheses.zip . . .
Importing pharmacophores from O75116_Cluster_25_Ki_prep-out_find_common_sub_6_hypotheses/template_5.pharm . . .
Importing pharmacophores from O75116_Cluster_25_Ki_prep-out_find_common_sub_6_hypotheses/template_17.pharm . . .
Removing directory O75116_Cluster_25_Ki_prep-out_find_common_sub_6_hypotheses

Processing O75116_Cluster_25_Ki_prep-out_find_common_sub_7 results . . .
Unzipping O75116_Cluster_25_Ki_prep-out_find_common_sub_7_hypotheses.zip . . .
Importing pharmacophores from O75116_Cluster_25_Ki_prep-out_find_common_sub_7_hypotheses/template_6.pharm . . .
Importing pharmacophores from O75116_Cluster_25_Ki_prep-out_find_common_sub_7_hypotheses/template_18.pharm . . .
Removing directory O75116_Cluster_25_Ki_prep-out_find_common_sub_7_hypotheses

Processing O75116_Cluster_25_Ki_prep-out_find_common_sub_8 results . . .
Unzipping O75116_Cluster_25_Ki_prep-out_find_common_sub_8_hypotheses.zip . . .
Importing pharmacophores from O75116_Cluster_25_Ki_prep-out_find_common_sub_8_hypotheses/template_7.pharm . . .
Importing pharmacophores from O75116_Cluster_25_Ki_prep-out_find_common_sub_8_hypotheses/template_19.pharm . . .
Removing directory O75116_Cluster_25_Ki_prep-out_find_common_sub_8_hypotheses

Processing O75116_Cluster_25_Ki_prep-out_find_common_sub_9 results . . .
Unzipping O75116_Cluster_25_Ki_prep-out_find_common_sub_9_hypotheses.zip . . .
Importing pharmacophores from O75116_Cluster_25_Ki_prep-out_find_common_sub_9_hypotheses/template_8.pharm . . .
Importing pharmacophores from O75116_Cluster_25_Ki_prep-out_find_common_sub_9_hypotheses/template_20.pharm . . .
Removing directory O75116_Cluster_25_Ki_prep-out_find_common_sub_9_hypotheses

Processing O75116_Cluster_25_Ki_prep-out_find_common_sub_10 results . . .
Unzipping O75116_Cluster_25_Ki_prep-out_find_common_sub_10_hypotheses.zip . . .
Importing pharmacophores from O75116_Cluster_25_Ki_prep-out_find_common_sub_10_hypotheses/template_9.pharm . . .
Importing pharmacophores from O75116_Cluster_25_Ki_prep-out_find_common_sub_10_hypotheses/template_21.pharm . . .
Removing directory O75116_Cluster_25_Ki_prep-out_find_common_sub_10_hypotheses

Processing O75116_Cluster_25_Ki_prep-out_find_common_sub_11 results . . .
Unzipping O75116_Cluster_25_Ki_prep-out_find_common_sub_11_hypotheses.zip . . .
Importing pharmacophores from O75116_Cluster_25_Ki_prep-out_find_common_sub_11_hypotheses/template_10.pharm . . .
Importing pharmacophores from O75116_Cluster_25_Ki_prep-out_find_common_sub_11_hypotheses/template_22.pharm . . .
Removing directory O75116_Cluster_25_Ki_prep-out_find_common_sub_11_hypotheses

Processing O75116_Cluster_25_Ki_prep-out_find_common_sub_12 results . . .
Unzipping O75116_Cluster_25_Ki_prep-out_find_common_sub_12_hypotheses.zip . . .
Importing pharmacophores from O75116_Cluster_25_Ki_prep-out_find_common_sub_12_hypotheses/template_11.pharm . . .
Importing pharmacophores from O75116_Cluster_25_Ki_prep-out_find_common_sub_12_hypotheses/template_23.pharm . . .
Removing directory O75116_Cluster_25_Ki_prep-out_find_common_sub_12_hypotheses

Merging pharmacophores from all subjobs . . .

Final surviving common pharmacophore counts:
3-point: 10
4-point: 10
5-point: 10
6-point: 10
7-point: 2
  Total: 42

Preparing short virtual screens to compute PhaseHypoScore for 42 surviving common pharmacophore hypotheses . . .

Creating O75116_Cluster_25_Ki_prep-out_find_common_actives/actives.phprj with default conformers . . .
/opt/schrodinger2021-2/internal/bin/phase_database
/opt/schrodinger2021-2/internal/bin/phase_database

Unzipping decoys archive /opt/schrodinger2021-2/internal/data/phase/pharma_decoys.phzip to directory O75116_Cluster_25_Ki_prep-out_find_common_decoys . . .
Writing hypotheses to O75116_Cluster_25_Ki_prep-out_find_common_bedroc_hypotheses . . .
Zipping hypotheses to "/scr/pvalenzuela/O75116_Cluster_25_Ki_prep-out/O75116_Cluster_25_Ki_prep-out_find_common_bedroc_hypotheses.zip" . . . 

Running short virtual screens for PhaseHypoScore:
"/opt/schrodinger2021-2/phase_screen" "O75116_Cluster_25_Ki_prep-out_find_common_bedroc_proj.list" "/scr/pvalenzuela/O75116_Cluster_25_Ki_prep-out/O75116_Cluster_25_Ki_prep-out_find_common_bedroc_hypotheses.zip" O75116_Cluster_25_Ki_prep-out_find_common_bedroc_screens -d 2.0 -aw 1 -vw 1 -volw 1 -nosort -HOST "localhost:12" -WAIT . . .
JobId: Ragnar-0-663e7fb0

Short virtual screens for PhaseHypoScore completed. Processing hits . . .

Computing BEDROC for PhaseHypoScore . . .

Removing directory O75116_Cluster_25_Ki_prep-out_find_common_actives
Removing directory O75116_Cluster_25_Ki_prep-out_find_common_decoys

Elapsed time to perform active/decoy screens = 78.00 sec

Compiling final results and writing to directory O75116_Cluster_25_Ki_prep-out_find_common_find_common . . .
20% complete
40% complete
60% complete
80% complete
100% complete

Zipping O75116_Cluster_25_Ki_prep-out_find_common_find_common to O75116_Cluster_25_Ki_prep-out_find_common_find_common.zip . . .
Removing directory O75116_Cluster_25_Ki_prep-out_find_common_find_common
Removing directory O75116_Cluster_25_Ki_prep-out_find_common_cleanup

CPU time = 11.62 sec
Elapsed time = 82.00 sec

phase_find_common successfully completed

Driver script for phase_find_common job O75116_Cluster_25_Ki_prep-out_find_common finished
Current time: Fri May 10 16:13:45 2024
Elapsed time = 0:01:35.85
phase_find_common results for O75116_Cluster_25_Ki_prep-out_find_common are complete
