--------------------------------------------------------------------------------
JobId          : Ragnar-0-663e81b3
Name           : O75116_Cluster_50_Ki_prep-out
Program        : 
Host           : Ragnar
Dir            : /home/pvalenzuela/Desktop/test/aa/O75116/01_cluster_prep_O75116
HostEntry      : localhost
JobHost        : Ragnar
JobDir         : /scr/pvalenzuela/O75116_Cluster_50_Ki_prep-out
JobSchrodinger : /opt/schrodinger2021-2
Commandline    : /opt/schrodinger2021-2/utilities/phase_hypothesis O75116_Cluster_50_Ki_prep-out.inp -HOST localhost:12
StartTime      : 2024-05-10-16:21:07
--------------------------------------------------------------------------------

Input Settings for phase_hypothesis:
--------------------------------------
APPEND_EXCLUDED_VOLUMES = False
FEATURE_DEFINITION_FILE = O75116_Cluster_50_Ki_prep-out.def
FEATURE_FREQUENCY_A = [0, 3]
FEATURE_FREQUENCY_D = [0, 3]
FEATURE_FREQUENCY_H = [0, 3]
FEATURE_FREQUENCY_N = [0, 3]
FEATURE_FREQUENCY_P = [0, 3]
FEATURE_FREQUENCY_R = [0, 3]
FEATURE_FREQUENCY_X = [0, 3]
FEATURE_FREQUENCY_Y = [0, 3]
FEATURE_FREQUENCY_Z = [0, 3]
FEATURE_TOLERANCE_A = 2.0
FEATURE_TOLERANCE_D = 2.0
FEATURE_TOLERANCE_H = 2.0
FEATURE_TOLERANCE_N = 2.0
FEATURE_TOLERANCE_P = 2.0
FEATURE_TOLERANCE_R = 2.0
FEATURE_TOLERANCE_X = 2.0
FEATURE_TOLERANCE_Y = 2.0
FEATURE_TOLERANCE_Z = 2.0
GENERATE_CONFORMERS = False
HYPOTHESES_KEPT_PER_FEATURE_SIZE = 10
HYPOTHESIS_DIFFERENCE_CRITERIA = 0.5
INPUT_STRUCTURE_FILE = O75116_Cluster_50_Ki_prep-out.maegz
LIGAND_PERCEPTION = stereo
NUMBER_FEATURES_PER_HYPOTHESIS = [3, 7]
PREFERRED_MIN_SITES = 7
REQUIRED_MATCH_FRACTION = 0.85
SCORE_WEIGHT_BEDROC = 1.0
SCORE_WEIGHT_INACTIVE = 1.0
SCORE_WEIGHT_LOG_MATCH = 1.0
SCORE_WEIGHT_SELECTIVITY = 1.0
SCORE_WEIGHT_SITE = 1.0
SCORE_WEIGHT_SURVIVAL = 0.06
SCORE_WEIGHT_VECTOR = 1.0
SCORE_WEIGHT_VOLUME = 1.0
USE_FAST_SCORING = False
USE_LIGAND_GROUPING = True
USE_PREALIGNED_LIGANDS = False
USE_STEREO = True
USE_TITLES = False
--------------------------------------

Starting up common pharmacophore workflow...
Jobname: O75116_Cluster_50_Ki_prep-out


Creating Phase project: O75116_Cluster_50_Ki_prep-out.phprj
Importing structure(s) into Phase project...
Creating new Phase project...
/opt/schrodinger2021-2/internal/bin/phase_database
Total ligands = 48
Assigning active/inactive labels...
Total actives = 48
Total inactives = 0
Applying ligand groupings...
Phase project ligand summary:
 ID  | TITLE        | CONFORMERS | PHARM_SET | GROUP | MUST MATCH
 1   | 46183900     | 1          | active    | 1     | 0
 2   | 70833120     | 1          | active    | 2     | 0
 3   | 127030603    | 1          | active    | 3     | 0
 4   | 127031251    | 1          | active    | 4     | 0
 5   | 127031819    | 1          | active    | 5     | 0
 6   | 127030602    | 1          | active    | 6     | 0
 7   | 46938262     | 1          | active    | 7     | 0
 8   | 127027883    | 1          | active    | 8     | 0
 9   | 127027885    | 1          | active    | 9     | 0
 10  | 70833218     | 1          | active    | 10    | 0
 11  | 127031818    | 1          | active    | 11    | 0
 12  | 59563759     | 1          | active    | 12    | 0
 13  | 127028820    | 1          | active    | 13    | 0
 14  | 59563769     | 1          | active    | 14    | 0
 15  | 46183898     | 1          | active    | 15    | 0
 16  | 59563782     | 1          | active    | 16    | 0
 17  | 46184600     | 1          | active    | 17    | 0
 18  | 59563724     | 1          | active    | 18    | 0
 19  | 127031527    | 1          | active    | 19    | 0
 20  | 127027582    | 1          | active    | 20    | 0
 21  | 123155509    | 1          | active    | 21    | 0
 22  | 127028821    | 1          | active    | 22    | 0
 23  | 127028822    | 1          | active    | 23    | 0
 24  | 127027581    | 1          | active    | 24    | 0
 25  | 127030609    | 1          | active    | 25    | 0
 26  | 127028823    | 1          | active    | 26    | 0
 27  | 59563827     | 1          | active    | 27    | 0
 28  | 127029119    | 1          | active    | 28    | 0
 29  | 127031535    | 1          | active    | 29    | 0
 30  | 127031536    | 1          | active    | 30    | 0
 31  | 127028824    | 1          | active    | 31    | 0
 32  | 127031252    | 1          | active    | 32    | 0
 33  | 127026938    | 1          | active    | 33    | 0
 34  | 46184852     | 1          | active    | 34    | 0
 35  | 59563696     | 1          | active    | 35    | 0
 36  | 127028205    | 1          | active    | 36    | 0
 37  | 127028206    | 1          | active    | 37    | 0
 38  | 127027884    | 1          | active    | 38    | 0
 39  | 127031223    | 1          | active    | 39    | 0
 40  | 86270887     | 1          | active    | 40    | 0
 41  | 91806730     | 1          | active    | 41    | 0
 42  | 127026636    | 1          | active    | 42    | 0
 43  | 127031817    | 1          | active    | 43    | 0
 44  | 59563754     | 1          | active    | 44    | 0
 45  | 59563729     | 1          | active    | 45    | 0
 46  | 49820218     | 1          | active    | 46    | 0
 47  | 127027580    | 1          | active    | 47    | 0
 48  | 134128281    | 1          | active    | 48    | 0

Loading feature property files...
Adding pharmacophore sites...
/opt/schrodinger2021-2/internal/bin/phase_database
Phase project successfully created.

Launching find common pharmacophore hypothesis job...

Running subjobs on hosts:
  localhost (Max: 12)
Number of jobs:       1
Max retries per job:  0
Max allowed failures: 0
Verbosity:            verbose

Starting JobDJ...

Keep one job on driver host: False
JobDJ columns:
  C: Number of completed subjobs
  A: Number of active subjobs (e.g., submitted, running)
  W: Number of waiting/pending subjobs

C A W | Activity  JobId  JobName  JobHost
- - - | --------- -----------------------
0 1 0 | launched  Ragnar-0-663e81b9 O75116_Cluster_50_Ki_prep-out_find_common localhost [Ragnar]
1 0 0 | finished  Ragnar-0-663e81b9 O75116_Cluster_50_Ki_prep-out_find_common localhost [Ragnar]

All jobs have completed.

1 of 1 job(s) succeeded; 0 job(s) failed.


phase_find_common job completed.
18 hypotheses created.
Common pharmacophore hypothesis job completed.

Current time: Fri May 10 16:23:54 2024
Elapsed time: 0:02:46.930417

Develop common pharmacophore workflow successful.
