********************************************************************************

phase_database: Fri May 10 16:30:11 2024

Database = /scr/pvalenzuela/O75116_Cluster_79_IC50_prep-out/O75116_Cluster_79_IC50_prep-out.phprj/ligands.phdb
Task = import
Job name = O75116_Cluster_79_IC50_prep-out_import
Options:
-NOJOBID
-fd O75116_Cluster_79_IC50_prep-out.def
-fmt xyz
-i O75116_Cluster_79_IC50_prep-out.maegz
-multi
-new
-stereo
-verbose

Adding molecules to database . . .

LIGAND_NAME = block_1/mol_1  # Title = "46879763"  Confs = 1
LIGAND_NAME = block_1/mol_2  # Title = "44634494"  Confs = 1
LIGAND_NAME = block_1/mol_3  # Title = "46879807"  Confs = 1
LIGAND_NAME = block_1/mol_4  # Title = "46879865"  Confs = 1
LIGAND_NAME = block_1/mol_5  # Title = "46879803"  Confs = 1
LIGAND_NAME = block_1/mol_6  # Title = "46879804"  Confs = 1
LIGAND_NAME = block_1/mol_7  # Title = "46879805"  Confs = 1
LIGAND_NAME = block_1/mol_8  # Title = "46879806"  Confs = 1
LIGAND_NAME = block_1/mol_9  # Title = "52935500"  Confs = 1
LIGAND_NAME = block_1/mol_10  # Title = "52935712"  Confs = 1
LIGAND_NAME = block_1/mol_11  # Title = "52935714"  Confs = 1
LIGAND_NAME = block_1/mol_12  # Title = "57399460"  Confs = 1
LIGAND_NAME = block_1/mol_13  # Title = "57390719"  Confs = 1
LIGAND_NAME = block_1/mol_14  # Title = "52934834"  Confs = 1
LIGAND_NAME = block_1/mol_15  # Title = "52933915"  Confs = 1
LIGAND_NAME = block_1/mol_16  # Title = "57399461"  Confs = 1
LIGAND_NAME = block_1/mol_17  # Title = "54765203"  Confs = 1
LIGAND_NAME = block_1/mol_18  # Title = "57397800"  Confs = 1
LIGAND_NAME = block_1/mol_19  # Title = "52934380"  Confs = 1
LIGAND_NAME = block_1/mol_20  # Title = "57394242"  Confs = 1
LIGAND_NAME = block_1/mol_21  # Title = "57401229"  Confs = 1
LIGAND_NAME = block_1/mol_22  # Title = "57399462"  Confs = 1
LIGAND_NAME = block_1/mol_23  # Title = "57399463"  Confs = 1
LIGAND_NAME = block_1/mol_24  # Title = "57397801"  Confs = 1
LIGAND_NAME = block_1/mol_25  # Title = "52934381"  Confs = 1
LIGAND_NAME = block_1/mol_26  # Title = "57394243"  Confs = 1
LIGAND_NAME = block_1/mol_27  # Title = "52934146"  Confs = 1
LIGAND_NAME = block_1/mol_28  # Title = "52935059"  Confs = 1
LIGAND_NAME = block_1/mol_29  # Title = "57402101"  Confs = 1
LIGAND_NAME = block_1/mol_30  # Title = "57400298"  Confs = 1
LIGAND_NAME = block_1/mol_31  # Title = "52935717"  Confs = 1
LIGAND_NAME = block_1/mol_32  # Title = "57402102"  Confs = 1
LIGAND_NAME = block_1/mol_33  # Title = "57395100"  Confs = 1
LIGAND_NAME = block_1/mol_34  # Title = "57400299"  Confs = 1
LIGAND_NAME = block_1/mol_35  # Title = "57396872"  Confs = 1
LIGAND_NAME = block_1/mol_36  # Title = "57402103"  Confs = 1
LIGAND_NAME = block_1/mol_37  # Title = "54765021"  Confs = 1
LIGAND_NAME = block_1/mol_38  # Title = "54765020"  Confs = 1
LIGAND_NAME = block_1/mol_39  # Title = "52933917"  Confs = 1
LIGAND_NAME = block_1/mol_40  # Title = "57403855"  Confs = 1
LIGAND_NAME = block_1/mol_41  # Title = "57402104"  Confs = 1
LIGAND_NAME = block_1/mol_42  # Title = "52935061"  Confs = 1
LIGAND_NAME = block_1/mol_43  # Title = "52934832"  Confs = 1
LIGAND_NAME = block_1/mol_44  # Title = "57403071"  Confs = 1
LIGAND_NAME = block_1/mol_45  # Title = "57394348"  Confs = 1
LIGAND_NAME = block_1/mol_46  # Title = "57403072"  Confs = 1
LIGAND_NAME = block_1/mol_47  # Title = "57392627"  Confs = 1
LIGAND_NAME = block_1/mol_48  # Title = "52936149"  Confs = 1
LIGAND_NAME = block_1/mol_49  # Title = "52936150"  Confs = 1
LIGAND_NAME = block_1/mol_50  # Title = "52935716"  Confs = 1
LIGAND_NAME = block_1/mol_51  # Title = "57402971"  Confs = 1
LIGAND_NAME = block_1/mol_52  # Title = "57397803"  Confs = 1
LIGAND_NAME = block_1/mol_53  # Title = "52935064"  Confs = 1
LIGAND_NAME = block_1/mol_54  # Title = "54765280"  Confs = 1
LIGAND_NAME = block_1/mol_55  # Title = "57394246"  Confs = 1
LIGAND_NAME = block_1/mol_56  # Title = "57394247"  Confs = 1
LIGAND_NAME = block_1/mol_57  # Title = "71655603"  Confs = 1
LIGAND_NAME = block_1/mol_58  # Title = "68517775"  Confs = 1
LIGAND_NAME = block_1/mol_59  # Title = "68519792"  Confs = 1
LIGAND_NAME = block_1/mol_60  # Title = "68564018"  Confs = 1
LIGAND_NAME = block_1/mol_61  # Title = "68560854"  Confs = 1
LIGAND_NAME = block_1/mol_62  # Title = "68521380"  Confs = 1
LIGAND_NAME = block_1/mol_63  # Title = "68563058"  Confs = 1
LIGAND_NAME = block_1/mol_64  # Title = "68567556"  Confs = 1
LIGAND_NAME = block_1/mol_65  # Title = "68563892"  Confs = 1
LIGAND_NAME = block_1/mol_66  # Title = "68561431"  Confs = 1
LIGAND_NAME = block_1/mol_67  # Title = "68567893"  Confs = 1
LIGAND_NAME = block_1/mol_68  # Title = "68565200"  Confs = 1
LIGAND_NAME = block_1/mol_69  # Title = "70896923"  Confs = 1
LIGAND_NAME = block_1/mol_70  # Title = "68566340"  Confs = 1
LIGAND_NAME = block_1/mol_71  # Title = "68566289"  Confs = 1
LIGAND_NAME = block_1/mol_72  # Title = "71654972"  Confs = 1
LIGAND_NAME = block_1/mol_73  # Title = "68563012"  Confs = 1
LIGAND_NAME = block_1/mol_74  # Title = "71654973"  Confs = 1
LIGAND_NAME = block_1/mol_75  # Title = "68568011"  Confs = 1
LIGAND_NAME = block_1/mol_76  # Title = "68517263"  Confs = 1
LIGAND_NAME = block_1/mol_77  # Title = "68566291"  Confs = 1
LIGAND_NAME = block_1/mol_78  # Title = "68560451"  Confs = 1
LIGAND_NAME = block_1/mol_79  # Title = "68565470"  Confs = 1
LIGAND_NAME = block_1/mol_80  # Title = "68566105"  Confs = 1
LIGAND_NAME = block_1/mol_81  # Title = "118729139"  Confs = 1
LIGAND_NAME = block_1/mol_82  # Title = "90354190"  Confs = 1
LIGAND_NAME = block_1/mol_83  # Title = "118662981"  Confs = 1
LIGAND_NAME = block_1/mol_84  # Title = "118662920"  Confs = 1
LIGAND_NAME = block_1/mol_85  # Title = "118663075"  Confs = 1

A total of 85 records added
Total number of records stored = 85

********************************************************************************

phase_database: Fri May 10 16:30:13 2024

Database = /scr/pvalenzuela/O75116_Cluster_79_IC50_prep-out/O75116_Cluster_79_IC50_prep-out.phprj/ligands.phdb
Task = revise
Job name = O75116_Cluster_79_IC50_prep-out_sites
Options:
-NOJOBID
-role parent
-setup
-sites

Setup for parent job complete

********************************************************************************

phase_database: Fri May 10 16:30:14 2024

Database = /scr/pvalenzuela/O75116_Cluster_79_IC50_prep-out/O75116_Cluster_79_IC50_prep-out.phprj/ligands.phdb
Task = revise
Job name = O75116_Cluster_79_IC50_prep-out_sites
Options:
-cleanup
-role parent

Revision of 85 out of 85 records completed
Average number of conformers per revised record = 1.00
Total number of records stored = 85

