--------------------------------------------------------------------------------
JobId          : Ragnar-0-663e853c
Name           : P01116_Cluster_3_IC50_prep-out
Program        : 
Host           : Ragnar
Dir            : /home/pvalenzuela/Desktop/test/aa/P01116/01_cluster_prep_P01116
HostEntry      : localhost
JobHost        : Ragnar
JobDir         : /scr/pvalenzuela/P01116_Cluster_3_IC50_prep-out
JobSchrodinger : /opt/schrodinger2021-2
Commandline    : /opt/schrodinger2021-2/utilities/phase_hypothesis P01116_Cluster_3_IC50_prep-out.inp -HOST localhost:12
StartTime      : 2024-05-10-16:36:12
--------------------------------------------------------------------------------

Input Settings for phase_hypothesis:
--------------------------------------
APPEND_EXCLUDED_VOLUMES = False
FEATURE_DEFINITION_FILE = P01116_Cluster_3_IC50_prep-out.def
FEATURE_FREQUENCY_A = [0, 3]
FEATURE_FREQUENCY_D = [0, 3]
FEATURE_FREQUENCY_H = [0, 3]
FEATURE_FREQUENCY_N = [0, 3]
FEATURE_FREQUENCY_P = [0, 3]
FEATURE_FREQUENCY_R = [0, 3]
FEATURE_FREQUENCY_X = [0, 3]
FEATURE_FREQUENCY_Y = [0, 3]
FEATURE_FREQUENCY_Z = [0, 3]
FEATURE_TOLERANCE_A = 2.0
FEATURE_TOLERANCE_D = 2.0
FEATURE_TOLERANCE_H = 2.0
FEATURE_TOLERANCE_N = 2.0
FEATURE_TOLERANCE_P = 2.0
FEATURE_TOLERANCE_R = 2.0
FEATURE_TOLERANCE_X = 2.0
FEATURE_TOLERANCE_Y = 2.0
FEATURE_TOLERANCE_Z = 2.0
GENERATE_CONFORMERS = False
HYPOTHESES_KEPT_PER_FEATURE_SIZE = 10
HYPOTHESIS_DIFFERENCE_CRITERIA = 0.5
INPUT_STRUCTURE_FILE = P01116_Cluster_3_IC50_prep-out.maegz
LIGAND_PERCEPTION = stereo
NUMBER_FEATURES_PER_HYPOTHESIS = [3, 7]
PREFERRED_MIN_SITES = 7
REQUIRED_MATCH_FRACTION = 0.85
SCORE_WEIGHT_BEDROC = 1.0
SCORE_WEIGHT_INACTIVE = 1.0
SCORE_WEIGHT_LOG_MATCH = 1.0
SCORE_WEIGHT_SELECTIVITY = 1.0
SCORE_WEIGHT_SITE = 1.0
SCORE_WEIGHT_SURVIVAL = 0.06
SCORE_WEIGHT_VECTOR = 1.0
SCORE_WEIGHT_VOLUME = 1.0
USE_FAST_SCORING = False
USE_LIGAND_GROUPING = True
USE_PREALIGNED_LIGANDS = False
USE_STEREO = True
USE_TITLES = False
--------------------------------------

Starting up common pharmacophore workflow...
Jobname: P01116_Cluster_3_IC50_prep-out


Creating Phase project: P01116_Cluster_3_IC50_prep-out.phprj
Importing structure(s) into Phase project...
Creating new Phase project...
/opt/schrodinger2021-2/internal/bin/phase_database
Total ligands = 30
Assigning active/inactive labels...
Total actives = 30
Total inactives = 0
Applying ligand groupings...
Phase project ligand summary:
 ID  | TITLE        | CONFORMERS | PHARM_SET | GROUP | MUST MATCH
 1   | 146254417    | 1          | active    | 1     | 0
 2   | 137288869    | 1          | active    | 2     | 0
 3   | 146234885    | 1          | active    | 3     | 0
 4   | 137297911    | 1          | active    | 4     | 0
 5   | 146236007    | 1          | active    | 5     | 0
 6   | 140956861    | 1          | active    | 6     | 0
 7   | 137297915    | 1          | active    | 7     | 0
 8   | 137278717    | 1          | active    | 8     | 0
 9   | 146235420    | 1          | active    | 9     | 0
 10  | 135148885    | 1          | active    | 10    | 0
 11  | 135148667    | 1          | active    | 11    | 0
 12  | 146235452    | 1          | active    | 12    | 0
 13  | 146235857    | 1          | active    | 13    | 0
 14  | 146234893    | 1          | active    | 14    | 0
 15  | 146235304    | 1          | active    | 15    | 0
 16  | 137278705    | 1          | active    | 16    | 0
 17  | 146235944    | 1          | active    | 17    | 0
 18  | 146235053    | 1          | active    | 18    | 0
 19  | 146235429    | 1          | active    | 19    | 0
 20  | 137297882    | 1          | active    | 20    | 0
 21  | 146235843    | 1          | active    | 21    | 0
 22  | 146235592    | 1          | active    | 22    | 0
 23  | 137278711    | 1          | active    | 23    | 0
 24  | 140956840    | 1          | active    | 24    | 0
 25  | 146254335    | 1          | active    | 25    | 0
 26  | 137288870    | 1          | active    | 26    | 0
 27  | 137278713    | 1          | active    | 27    | 0
 28  | 146235786    | 1          | active    | 28    | 0
 29  | 146235508    | 1          | active    | 29    | 0
 30  | 146236012    | 1          | active    | 30    | 0

Loading feature property files...
Adding pharmacophore sites...
/opt/schrodinger2021-2/internal/bin/phase_database
Phase project successfully created.

Launching find common pharmacophore hypothesis job...

Running subjobs on hosts:
  localhost (Max: 12)
Number of jobs:       1
Max retries per job:  0
Max allowed failures: 0
Verbosity:            verbose

Starting JobDJ...

Keep one job on driver host: False
JobDJ columns:
  C: Number of completed subjobs
  A: Number of active subjobs (e.g., submitted, running)
  W: Number of waiting/pending subjobs

C A W | Activity  JobId  JobName  JobHost
- - - | --------- -----------------------
0 1 0 | launched  Ragnar-0-663e8540 P01116_Cluster_3_IC50_prep-out_find_common localhost [Ragnar]
1 0 0 | finished  Ragnar-0-663e8540 P01116_Cluster_3_IC50_prep-out_find_common localhost [Ragnar]

All jobs have completed.

1 of 1 job(s) succeeded; 0 job(s) failed.


phase_find_common job completed.
41 hypotheses created.
Common pharmacophore hypothesis job completed.

Current time: Fri May 10 16:39:05 2024
Elapsed time: 0:02:52.396487

Develop common pharmacophore workflow successful.
