********************************************************************************

phase_database: Fri May 10 15:50:57 2024

Database = /scr/pvalenzuela/O75116_Cluster_132_Ki_prep-out/O75116_Cluster_132_Ki_prep-out.phprj/ligands.phdb
Task = import
Job name = O75116_Cluster_132_Ki_prep-out_import
Options:
-NOJOBID
-fd O75116_Cluster_132_Ki_prep-out.def
-fmt xyz
-i O75116_Cluster_132_Ki_prep-out.maegz
-multi
-new
-stereo
-verbose

Adding molecules to database . . .

LIGAND_NAME = block_1/mol_1  # Title = "49830300"  Confs = 1
LIGAND_NAME = block_1/mol_2  # Title = "49830280"  Confs = 1
LIGAND_NAME = block_1/mol_3  # Title = "49830273"  Confs = 1
LIGAND_NAME = block_1/mol_4  # Title = "49830307"  Confs = 1
LIGAND_NAME = block_1/mol_5  # Title = "49830297"  Confs = 1
LIGAND_NAME = block_1/mol_6  # Title = "49830302"  Confs = 1
LIGAND_NAME = block_1/mol_7  # Title = "49830312"  Confs = 1
LIGAND_NAME = block_1/mol_8  # Title = "49830333"  Confs = 1
LIGAND_NAME = block_1/mol_9  # Title = "49830301"  Confs = 1
LIGAND_NAME = block_1/mol_10  # Title = "49830293"  Confs = 1
LIGAND_NAME = block_1/mol_11  # Title = "49830309"  Confs = 1
LIGAND_NAME = block_1/mol_12  # Title = "49830315"  Confs = 1
LIGAND_NAME = block_1/mol_13  # Title = "49830308"  Confs = 1
LIGAND_NAME = block_1/mol_14  # Title = "49830282"  Confs = 1
LIGAND_NAME = block_1/mol_15  # Title = "49830294"  Confs = 1
LIGAND_NAME = block_1/mol_16  # Title = "49830335"  Confs = 1
LIGAND_NAME = block_1/mol_17  # Title = "49830304"  Confs = 1
LIGAND_NAME = block_1/mol_18  # Title = "49830279"  Confs = 1
LIGAND_NAME = block_1/mol_19  # Title = "49830305"  Confs = 1
LIGAND_NAME = block_1/mol_20  # Title = "11645208"  Confs = 1

A total of 20 records added
Total number of records stored = 20

********************************************************************************

phase_database: Fri May 10 15:50:58 2024

Database = /scr/pvalenzuela/O75116_Cluster_132_Ki_prep-out/O75116_Cluster_132_Ki_prep-out.phprj/ligands.phdb
Task = revise
Job name = O75116_Cluster_132_Ki_prep-out_sites
Options:
-NOJOBID
-role parent
-setup
-sites

Setup for parent job complete

********************************************************************************

phase_database: Fri May 10 15:50:59 2024

Database = /scr/pvalenzuela/O75116_Cluster_132_Ki_prep-out/O75116_Cluster_132_Ki_prep-out.phprj/ligands.phdb
Task = revise
Job name = O75116_Cluster_132_Ki_prep-out_sites
Options:
-cleanup
-role parent

Revision of 20 out of 20 records completed
Average number of conformers per revised record = 1.00
Total number of records stored = 20

